Mon 16 Feb 2026 20:49:18 INFO  
General Hyper Parameters:
gpu_id = 0
use_gpu = True
seed = 2020
state = INFO
reproducibility = True
data_path = ../dataset/diginetica
checkpoint_dir = saved
show_progress = True
save_dataset = False
dataset_save_path = None
save_dataloaders = False
dataloaders_save_path = None
log_wandb = False

Training Hyper Parameters:
epochs = 20
train_batch_size = 2048
learner = adam
learning_rate = 0.001
train_neg_sample_args = {'distribution': 'none', 'sample_num': 'none', 'alpha': 'none', 'dynamic': False, 'candidate_num': 0}
eval_step = 1
stopping_step = 5
clip_grad_norm = None
weight_decay = 0.0
loss_decimal_place = 4

Evaluation Hyper Parameters:
eval_args = {'split': {'RS': [0.8, 0.1, 0.1]}, 'order': 'TO', 'group_by': 'user', 'mode': {'valid': 'full', 'test': 'full'}}
repeatable = True
metrics = ['Recall', 'MRR']
topk = [20]
valid_metric = MRR@20
valid_metric_bigger = True
eval_batch_size = 2048
metric_decimal_place = 4

Dataset Hyper Parameters:
field_separator = 	
seq_separator =  
USER_ID_FIELD = session_id
ITEM_ID_FIELD = item_id
RATING_FIELD = rating
TIME_FIELD = timestamp
seq_len = None
LABEL_FIELD = label
threshold = None
NEG_PREFIX = neg_
load_col = {'inter': ['session_id', 'item_id_list', 'item_id']}
unload_col = None
unused_col = None
additional_feat_suffix = None
rm_dup_inter = None
val_interval = None
filter_inter_by_user_or_item = True
user_inter_num_interval = [0,inf)
item_inter_num_interval = [0,inf)
alias_of_user_id = None
alias_of_item_id = ['item_id_list']
alias_of_entity_id = None
alias_of_relation_id = None
preload_weight = None
normalize_field = None
normalize_all = None
ITEM_LIST_LENGTH_FIELD = item_length
LIST_SUFFIX = _list
MAX_ITEM_LIST_LENGTH = 50
POSITION_FIELD = position_id
HEAD_ENTITY_ID_FIELD = head_id
TAIL_ENTITY_ID_FIELD = tail_id
RELATION_ID_FIELD = relation_id
ENTITY_ID_FIELD = entity_id
benchmark_filename = ['train', 'valid', 'test']

Other Hyper Parameters: 
worker = 0
wandb_project = recbole
shuffle = True
require_pow = False
enable_amp = False
enable_scaler = False
transform = None
numerical_features = []
discretization = None
kg_reverse_r = False
entity_kg_num_interval = [0,inf)
relation_kg_num_interval = [0,inf)
MODEL_TYPE = ModelType.SEQUENTIAL
device = cuda
neg_sampling = None
embedding_size = 100
inner_size = 256
n_layers = 2
n_heads = 2
hidden_dropout_prob = 0.5
attn_dropout_prob = 0.5
hidden_act = gelu
layer_norm_eps = 1e-12
initializer_range = 0.02
loss_type = CE
sess_dropout = 0.2
item_dropout = 0.2
temperature = 0.07
use_dual_gating = True
enable_recent_branch = True
enable_ave_residual = True
MODEL_INPUT_TYPE = InputType.POINTWISE
eval_type = EvaluatorType.RANKING
single_spec = True
local_rank = 0
valid_neg_sample_args = {'distribution': 'uniform', 'sample_num': 'none'}
test_neg_sample_args = {'distribution': 'uniform', 'sample_num': 'none'}


Mon 16 Feb 2026 20:49:30 INFO  diginetica
The number of users: 786583
Average actions of users: 1.0
The number of items: 42862
Average actions of items: 18.35535435092059
The number of inters: 786582
The sparsity of the dataset: 99.99766693404723%
Remain Fields: ['session_id', 'item_id_list', 'item_id', 'item_length']
Mon 16 Feb 2026 20:49:41 INFO  [Training]: train_batch_size = [2048] train_neg_sample_args: [{'distribution': 'none', 'sample_num': 'none', 'alpha': 'none', 'dynamic': False, 'candidate_num': 0}]
Mon 16 Feb 2026 20:49:41 INFO  [Evaluation]: eval_batch_size = [2048] eval_args: [{'split': {'RS': [0.8, 0.1, 0.1]}, 'order': 'TO', 'group_by': 'user', 'mode': {'valid': 'full', 'test': 'full'}}]
Mon 16 Feb 2026 20:49:41 INFO  COREtrmDualAttention(
  (sess_dropout): Dropout(p=0.2, inplace=False)
  (item_dropout): Dropout(p=0.2, inplace=False)
  (item_embedding): Embedding(42862, 100, padding_idx=0)
  (loss_fct): CrossEntropyLoss()
  (net): TransNetDualAttention(
    (position_embedding): Embedding(50, 100)
    (trm_encoder): TransformerEncoder(
      (layer): ModuleList(
        (0-1): 2 x TransformerLayer(
          (multi_head_attention): MultiHeadAttention(
            (query): Linear(in_features=100, out_features=100, bias=True)
            (key): Linear(in_features=100, out_features=100, bias=True)
            (value): Linear(in_features=100, out_features=100, bias=True)
            (softmax): Softmax(dim=-1)
            (attn_dropout): Dropout(p=0.5, inplace=False)
            (dense): Linear(in_features=100, out_features=100, bias=True)
            (LayerNorm): LayerNorm((100,), eps=1e-12, elementwise_affine=True)
            (out_dropout): Dropout(p=0.5, inplace=False)
          )
          (feed_forward): FeedForward(
            (dense_1): Linear(in_features=100, out_features=256, bias=True)
            (dense_2): Linear(in_features=256, out_features=100, bias=True)
            (LayerNorm): LayerNorm((100,), eps=1e-12, elementwise_affine=True)
            (dropout): Dropout(p=0.5, inplace=False)
          )
        )
      )
    )
    (layer_norm): LayerNorm((100,), eps=1e-12, elementwise_affine=True)
    (dropout): Dropout(p=0.5, inplace=False)
    (global_scorer): Sequential(
      (0): Linear(in_features=200, out_features=100, bias=True)
      (1): GELU(approximate='none')
      (2): Linear(in_features=100, out_features=1, bias=True)
    )
    (recent_scorer): Sequential(
      (0): Linear(in_features=200, out_features=100, bias=True)
      (1): GELU(approximate='none')
      (2): Linear(in_features=100, out_features=1, bias=True)
    )
  )
  (fusion_gate): Sequential(
    (0): Linear(in_features=200, out_features=100, bias=True)
    (1): GELU(approximate='none')
    (2): Linear(in_features=100, out_features=2, bias=True)
  )
)
Trainable parameters: 4536816
Mon 16 Feb 2026 20:49:57 INFO  epoch 0 training [time: 13.02s, train loss: 2773.6396]
Mon 16 Feb 2026 20:49:58 INFO  epoch 0 evaluating [time: 1.05s, valid_score: 0.163300]
Mon 16 Feb 2026 20:49:58 INFO  valid result: 
recall@20 : 0.3873    mrr@20 : 0.1633
Mon 16 Feb 2026 20:49:58 INFO  Saving current: saved/COREtrmDualAttention-Feb-16-2026_20-49-41.pth
Mon 16 Feb 2026 20:50:10 INFO  epoch 1 training [time: 12.02s, train loss: 1921.7636]
Mon 16 Feb 2026 20:50:11 INFO  epoch 1 evaluating [time: 1.14s, valid_score: 0.178300]
Mon 16 Feb 2026 20:50:11 INFO  valid result: 
recall@20 : 0.4768    mrr@20 : 0.1783
Mon 16 Feb 2026 20:50:11 INFO  Saving current: saved/COREtrmDualAttention-Feb-16-2026_20-49-41.pth
Mon 16 Feb 2026 20:50:24 INFO  epoch 2 training [time: 12.10s, train loss: 1629.8261]
Mon 16 Feb 2026 20:50:25 INFO  epoch 2 evaluating [time: 1.00s, valid_score: 0.182100]
Mon 16 Feb 2026 20:50:25 INFO  valid result: 
recall@20 : 0.5035    mrr@20 : 0.1821
Mon 16 Feb 2026 20:50:25 INFO  Saving current: saved/COREtrmDualAttention-Feb-16-2026_20-49-41.pth
Mon 16 Feb 2026 20:50:37 INFO  epoch 3 training [time: 11.98s, train loss: 1521.5646]
Mon 16 Feb 2026 20:50:38 INFO  epoch 3 evaluating [time: 0.87s, valid_score: 0.183900]
Mon 16 Feb 2026 20:50:38 INFO  valid result: 
recall@20 : 0.5167    mrr@20 : 0.1839
Mon 16 Feb 2026 20:50:38 INFO  Saving current: saved/COREtrmDualAttention-Feb-16-2026_20-49-41.pth
Mon 16 Feb 2026 20:50:50 INFO  epoch 4 training [time: 12.05s, train loss: 1471.6033]
Mon 16 Feb 2026 20:50:51 INFO  epoch 4 evaluating [time: 0.88s, valid_score: 0.184300]
Mon 16 Feb 2026 20:50:51 INFO  valid result: 
recall@20 : 0.5223    mrr@20 : 0.1843
Mon 16 Feb 2026 20:50:51 INFO  Saving current: saved/COREtrmDualAttention-Feb-16-2026_20-49-41.pth
Mon 16 Feb 2026 20:51:03 INFO  epoch 5 training [time: 12.11s, train loss: 1444.3878]
Mon 16 Feb 2026 20:51:04 INFO  epoch 5 evaluating [time: 0.93s, valid_score: 0.184800]
Mon 16 Feb 2026 20:51:04 INFO  valid result: 
recall@20 : 0.5237    mrr@20 : 0.1848
Mon 16 Feb 2026 20:51:04 INFO  Saving current: saved/COREtrmDualAttention-Feb-16-2026_20-49-41.pth
Mon 16 Feb 2026 20:51:16 INFO  epoch 6 training [time: 12.12s, train loss: 1427.3220]
Mon 16 Feb 2026 20:51:17 INFO  epoch 6 evaluating [time: 1.03s, valid_score: 0.185100]
Mon 16 Feb 2026 20:51:17 INFO  valid result: 
recall@20 : 0.5264    mrr@20 : 0.1851
Mon 16 Feb 2026 20:51:17 INFO  Saving current: saved/COREtrmDualAttention-Feb-16-2026_20-49-41.pth
Mon 16 Feb 2026 20:51:30 INFO  epoch 7 training [time: 12.15s, train loss: 1415.0051]
Mon 16 Feb 2026 20:51:31 INFO  epoch 7 evaluating [time: 0.88s, valid_score: 0.185300]
Mon 16 Feb 2026 20:51:31 INFO  valid result: 
recall@20 : 0.5271    mrr@20 : 0.1853
Mon 16 Feb 2026 20:51:31 INFO  Saving current: saved/COREtrmDualAttention-Feb-16-2026_20-49-41.pth
Mon 16 Feb 2026 20:51:43 INFO  epoch 8 training [time: 12.04s, train loss: 1406.0172]
Mon 16 Feb 2026 20:51:44 INFO  epoch 8 evaluating [time: 0.87s, valid_score: 0.185500]
Mon 16 Feb 2026 20:51:44 INFO  valid result: 
recall@20 : 0.5282    mrr@20 : 0.1855
Mon 16 Feb 2026 20:51:44 INFO  Saving current: saved/COREtrmDualAttention-Feb-16-2026_20-49-41.pth
Mon 16 Feb 2026 20:51:56 INFO  epoch 9 training [time: 12.06s, train loss: 1399.5693]
Mon 16 Feb 2026 20:51:57 INFO  epoch 9 evaluating [time: 1.02s, valid_score: 0.185800]
Mon 16 Feb 2026 20:51:57 INFO  valid result: 
recall@20 : 0.5289    mrr@20 : 0.1858
Mon 16 Feb 2026 20:51:57 INFO  Saving current: saved/COREtrmDualAttention-Feb-16-2026_20-49-41.pth
Mon 16 Feb 2026 20:52:09 INFO  epoch 10 training [time: 12.10s, train loss: 1393.3457]
Mon 16 Feb 2026 20:52:10 INFO  epoch 10 evaluating [time: 0.88s, valid_score: 0.185200]
Mon 16 Feb 2026 20:52:10 INFO  valid result: 
recall@20 : 0.5288    mrr@20 : 0.1852
Mon 16 Feb 2026 20:52:22 INFO  epoch 11 training [time: 12.25s, train loss: 1388.6295]
Mon 16 Feb 2026 20:52:23 INFO  epoch 11 evaluating [time: 1.07s, valid_score: 0.185200]
Mon 16 Feb 2026 20:52:23 INFO  valid result: 
recall@20 : 0.5292    mrr@20 : 0.1852
Mon 16 Feb 2026 20:52:36 INFO  epoch 12 training [time: 12.18s, train loss: 1384.3043]
Mon 16 Feb 2026 20:52:36 INFO  epoch 12 evaluating [time: 0.88s, valid_score: 0.185500]
Mon 16 Feb 2026 20:52:36 INFO  valid result: 
recall@20 : 0.5291    mrr@20 : 0.1855
Mon 16 Feb 2026 20:52:49 INFO  epoch 13 training [time: 12.15s, train loss: 1380.7301]
Mon 16 Feb 2026 20:52:49 INFO  epoch 13 evaluating [time: 0.88s, valid_score: 0.185200]
Mon 16 Feb 2026 20:52:49 INFO  valid result: 
recall@20 : 0.5287    mrr@20 : 0.1852
Mon 16 Feb 2026 20:53:02 INFO  epoch 14 training [time: 12.12s, train loss: 1378.0790]
Mon 16 Feb 2026 20:53:02 INFO  epoch 14 evaluating [time: 0.86s, valid_score: 0.185300]
Mon 16 Feb 2026 20:53:02 INFO  valid result: 
recall@20 : 0.5287    mrr@20 : 0.1853
Mon 16 Feb 2026 20:53:15 INFO  epoch 15 training [time: 12.16s, train loss: 1374.4899]
Mon 16 Feb 2026 20:53:16 INFO  epoch 15 evaluating [time: 0.89s, valid_score: 0.185200]
Mon 16 Feb 2026 20:53:16 INFO  valid result: 
recall@20 : 0.5285    mrr@20 : 0.1852
Mon 16 Feb 2026 20:53:16 INFO  Finished training, best eval result in epoch 9
Mon 16 Feb 2026 20:53:16 INFO  Loading model structure and parameters from saved/COREtrmDualAttention-Feb-16-2026_20-49-41.pth
Mon 16 Feb 2026 20:53:17 INFO  best valid : OrderedDict([('recall@20', 0.5289), ('mrr@20', 0.1858)])
Mon 16 Feb 2026 20:53:17 INFO  test result: OrderedDict([('recall@20', 0.529), ('mrr@20', 0.1866)])
