Mon 16 Feb 2026 21:04:50 INFO  
General Hyper Parameters:
gpu_id = 0
use_gpu = True
seed = 2020
state = INFO
reproducibility = True
data_path = ../dataset/yoochoose
checkpoint_dir = saved
show_progress = True
save_dataset = False
dataset_save_path = None
save_dataloaders = False
dataloaders_save_path = None
log_wandb = False

Training Hyper Parameters:
epochs = 20
train_batch_size = 2048
learner = adam
learning_rate = 0.001
train_neg_sample_args = {'distribution': 'none', 'sample_num': 'none', 'alpha': 'none', 'dynamic': False, 'candidate_num': 0}
eval_step = 1
stopping_step = 5
clip_grad_norm = None
weight_decay = 0.0
loss_decimal_place = 4

Evaluation Hyper Parameters:
eval_args = {'split': {'RS': [0.8, 0.1, 0.1]}, 'order': 'TO', 'group_by': 'user', 'mode': {'valid': 'full', 'test': 'full'}}
repeatable = True
metrics = ['Recall', 'MRR']
topk = [20]
valid_metric = MRR@20
valid_metric_bigger = True
eval_batch_size = 2048
metric_decimal_place = 4

Dataset Hyper Parameters:
field_separator = 	
seq_separator =  
USER_ID_FIELD = session_id
ITEM_ID_FIELD = item_id
RATING_FIELD = rating
TIME_FIELD = timestamp
seq_len = None
LABEL_FIELD = label
threshold = None
NEG_PREFIX = neg_
load_col = {'inter': ['session_id', 'item_id_list', 'item_id']}
unload_col = None
unused_col = None
additional_feat_suffix = None
rm_dup_inter = None
val_interval = None
filter_inter_by_user_or_item = True
user_inter_num_interval = [0,inf)
item_inter_num_interval = [0,inf)
alias_of_user_id = None
alias_of_item_id = ['item_id_list']
alias_of_entity_id = None
alias_of_relation_id = None
preload_weight = None
normalize_field = None
normalize_all = None
ITEM_LIST_LENGTH_FIELD = item_length
LIST_SUFFIX = _list
MAX_ITEM_LIST_LENGTH = 50
POSITION_FIELD = position_id
HEAD_ENTITY_ID_FIELD = head_id
TAIL_ENTITY_ID_FIELD = tail_id
RELATION_ID_FIELD = relation_id
ENTITY_ID_FIELD = entity_id
benchmark_filename = ['train', 'valid', 'test']

Other Hyper Parameters: 
worker = 0
wandb_project = recbole
shuffle = True
require_pow = False
enable_amp = False
enable_scaler = False
transform = None
numerical_features = []
discretization = None
kg_reverse_r = False
entity_kg_num_interval = [0,inf)
relation_kg_num_interval = [0,inf)
MODEL_TYPE = ModelType.SEQUENTIAL
device = cuda
neg_sampling = None
embedding_size = 100
inner_size = 256
n_layers = 2
n_heads = 2
hidden_dropout_prob = 0.5
attn_dropout_prob = 0.5
hidden_act = gelu
layer_norm_eps = 1e-12
initializer_range = 0.02
loss_type = CE
sess_dropout = 0.2
item_dropout = 0.2
temperature = 0.07
use_dual_gating = True
enable_recent_branch = True
enable_ave_residual = True
MODEL_INPUT_TYPE = InputType.POINTWISE
eval_type = EvaluatorType.RANKING
single_spec = True
local_rank = 0
valid_neg_sample_args = {'distribution': 'uniform', 'sample_num': 'none'}
test_neg_sample_args = {'distribution': 'uniform', 'sample_num': 'none'}


Mon 16 Feb 2026 21:05:15 INFO  yoochoose
The number of users: 1434350
Average actions of users: 1.0
The number of items: 19690
Average actions of items: 74.55036382536383
The number of inters: 1434349
The sparsity of the dataset: 99.99492128337826%
Remain Fields: ['session_id', 'item_id_list', 'item_id', 'item_length']
Mon 16 Feb 2026 21:05:38 INFO  [Training]: train_batch_size = [2048] train_neg_sample_args: [{'distribution': 'none', 'sample_num': 'none', 'alpha': 'none', 'dynamic': False, 'candidate_num': 0}]
Mon 16 Feb 2026 21:05:38 INFO  [Evaluation]: eval_batch_size = [2048] eval_args: [{'split': {'RS': [0.8, 0.1, 0.1]}, 'order': 'TO', 'group_by': 'user', 'mode': {'valid': 'full', 'test': 'full'}}]
Mon 16 Feb 2026 21:05:38 INFO  COREtrmDualAttention(
  (sess_dropout): Dropout(p=0.2, inplace=False)
  (item_dropout): Dropout(p=0.2, inplace=False)
  (item_embedding): Embedding(19690, 100, padding_idx=0)
  (loss_fct): CrossEntropyLoss()
  (net): TransNetDualAttention(
    (position_embedding): Embedding(50, 100)
    (trm_encoder): TransformerEncoder(
      (layer): ModuleList(
        (0-1): 2 x TransformerLayer(
          (multi_head_attention): MultiHeadAttention(
            (query): Linear(in_features=100, out_features=100, bias=True)
            (key): Linear(in_features=100, out_features=100, bias=True)
            (value): Linear(in_features=100, out_features=100, bias=True)
            (softmax): Softmax(dim=-1)
            (attn_dropout): Dropout(p=0.5, inplace=False)
            (dense): Linear(in_features=100, out_features=100, bias=True)
            (LayerNorm): LayerNorm((100,), eps=1e-12, elementwise_affine=True)
            (out_dropout): Dropout(p=0.5, inplace=False)
          )
          (feed_forward): FeedForward(
            (dense_1): Linear(in_features=100, out_features=256, bias=True)
            (dense_2): Linear(in_features=256, out_features=100, bias=True)
            (LayerNorm): LayerNorm((100,), eps=1e-12, elementwise_affine=True)
            (dropout): Dropout(p=0.5, inplace=False)
          )
        )
      )
    )
    (layer_norm): LayerNorm((100,), eps=1e-12, elementwise_affine=True)
    (dropout): Dropout(p=0.5, inplace=False)
    (global_scorer): Sequential(
      (0): Linear(in_features=200, out_features=100, bias=True)
      (1): GELU(approximate='none')
      (2): Linear(in_features=100, out_features=1, bias=True)
    )
    (recent_scorer): Sequential(
      (0): Linear(in_features=200, out_features=100, bias=True)
      (1): GELU(approximate='none')
      (2): Linear(in_features=100, out_features=1, bias=True)
    )
  )
  (fusion_gate): Sequential(
    (0): Linear(in_features=200, out_features=100, bias=True)
    (1): GELU(approximate='none')
    (2): Linear(in_features=100, out_features=2, bias=True)
  )
)
Trainable parameters: 2219616
Mon 16 Feb 2026 21:06:05 INFO  epoch 0 training [time: 24.57s, train loss: 2957.9371]
Mon 16 Feb 2026 21:06:08 INFO  epoch 0 evaluating [time: 2.53s, valid_score: 0.306300]
Mon 16 Feb 2026 21:06:08 INFO  valid result: 
recall@20 : 0.6641    mrr@20 : 0.3063
Mon 16 Feb 2026 21:06:08 INFO  Saving current: saved/COREtrmDualAttention-Feb-16-2026_21-05-38.pth
Mon 16 Feb 2026 21:06:32 INFO  epoch 1 training [time: 24.30s, train loss: 2377.1551]
Mon 16 Feb 2026 21:06:35 INFO  epoch 1 evaluating [time: 2.63s, valid_score: 0.311500]
Mon 16 Feb 2026 21:06:35 INFO  valid result: 
recall@20 : 0.6873    mrr@20 : 0.3115
Mon 16 Feb 2026 21:06:35 INFO  Saving current: saved/COREtrmDualAttention-Feb-16-2026_21-05-38.pth
Mon 16 Feb 2026 21:07:00 INFO  epoch 2 training [time: 25.00s, train loss: 2295.9409]
Mon 16 Feb 2026 21:07:02 INFO  epoch 2 evaluating [time: 2.60s, valid_score: 0.313200]
Mon 16 Feb 2026 21:07:02 INFO  valid result: 
recall@20 : 0.6935    mrr@20 : 0.3132
Mon 16 Feb 2026 21:07:02 INFO  Saving current: saved/COREtrmDualAttention-Feb-16-2026_21-05-38.pth
Mon 16 Feb 2026 21:07:27 INFO  epoch 3 training [time: 24.80s, train loss: 2264.8273]
Mon 16 Feb 2026 21:07:30 INFO  epoch 3 evaluating [time: 2.48s, valid_score: 0.313600]
Mon 16 Feb 2026 21:07:30 INFO  valid result: 
recall@20 : 0.6969    mrr@20 : 0.3136
Mon 16 Feb 2026 21:07:30 INFO  Saving current: saved/COREtrmDualAttention-Feb-16-2026_21-05-38.pth
Mon 16 Feb 2026 21:07:55 INFO  epoch 4 training [time: 25.26s, train loss: 2247.9745]
Mon 16 Feb 2026 21:07:58 INFO  epoch 4 evaluating [time: 2.49s, valid_score: 0.313800]
Mon 16 Feb 2026 21:07:58 INFO  valid result: 
recall@20 : 0.6972    mrr@20 : 0.3138
Mon 16 Feb 2026 21:07:58 INFO  Saving current: saved/COREtrmDualAttention-Feb-16-2026_21-05-38.pth
Mon 16 Feb 2026 21:08:23 INFO  epoch 5 training [time: 25.02s, train loss: 2237.8950]
Mon 16 Feb 2026 21:08:25 INFO  epoch 5 evaluating [time: 2.50s, valid_score: 0.313900]
Mon 16 Feb 2026 21:08:25 INFO  valid result: 
recall@20 : 0.6985    mrr@20 : 0.3139
Mon 16 Feb 2026 21:08:25 INFO  Saving current: saved/COREtrmDualAttention-Feb-16-2026_21-05-38.pth
Mon 16 Feb 2026 21:08:50 INFO  epoch 6 training [time: 25.12s, train loss: 2230.3227]
Mon 16 Feb 2026 21:08:53 INFO  epoch 6 evaluating [time: 2.74s, valid_score: 0.314500]
Mon 16 Feb 2026 21:08:53 INFO  valid result: 
recall@20 : 0.6978    mrr@20 : 0.3145
Mon 16 Feb 2026 21:08:53 INFO  Saving current: saved/COREtrmDualAttention-Feb-16-2026_21-05-38.pth
Mon 16 Feb 2026 21:09:18 INFO  epoch 7 training [time: 25.03s, train loss: 2224.7761]
Mon 16 Feb 2026 21:09:21 INFO  epoch 7 evaluating [time: 2.65s, valid_score: 0.314400]
Mon 16 Feb 2026 21:09:21 INFO  valid result: 
recall@20 : 0.6991    mrr@20 : 0.3144
Mon 16 Feb 2026 21:09:46 INFO  epoch 8 training [time: 24.95s, train loss: 2220.2191]
Mon 16 Feb 2026 21:09:49 INFO  epoch 8 evaluating [time: 2.63s, valid_score: 0.314600]
Mon 16 Feb 2026 21:09:49 INFO  valid result: 
recall@20 : 0.6991    mrr@20 : 0.3146
Mon 16 Feb 2026 21:09:49 INFO  Saving current: saved/COREtrmDualAttention-Feb-16-2026_21-05-38.pth
Mon 16 Feb 2026 21:10:10 INFO  epoch 9 training [time: 21.17s, train loss: 2216.8963]
Mon 16 Feb 2026 21:10:12 INFO  epoch 9 evaluating [time: 1.73s, valid_score: 0.315100]
Mon 16 Feb 2026 21:10:12 INFO  valid result: 
recall@20 : 0.6994    mrr@20 : 0.3151
Mon 16 Feb 2026 21:10:12 INFO  Saving current: saved/COREtrmDualAttention-Feb-16-2026_21-05-38.pth
Mon 16 Feb 2026 21:10:31 INFO  epoch 10 training [time: 19.35s, train loss: 2214.0515]
Mon 16 Feb 2026 21:10:33 INFO  epoch 10 evaluating [time: 1.56s, valid_score: 0.315200]
Mon 16 Feb 2026 21:10:33 INFO  valid result: 
recall@20 : 0.6994    mrr@20 : 0.3152
Mon 16 Feb 2026 21:10:33 INFO  Saving current: saved/COREtrmDualAttention-Feb-16-2026_21-05-38.pth
Mon 16 Feb 2026 21:10:52 INFO  epoch 11 training [time: 19.33s, train loss: 2210.6725]
Mon 16 Feb 2026 21:10:53 INFO  epoch 11 evaluating [time: 1.52s, valid_score: 0.315000]
Mon 16 Feb 2026 21:10:53 INFO  valid result: 
recall@20 : 0.6993    mrr@20 : 0.315
Mon 16 Feb 2026 21:11:13 INFO  epoch 12 training [time: 19.24s, train loss: 2208.1983]
Mon 16 Feb 2026 21:11:14 INFO  epoch 12 evaluating [time: 1.71s, valid_score: 0.315400]
Mon 16 Feb 2026 21:11:14 INFO  valid result: 
recall@20 : 0.6994    mrr@20 : 0.3154
Mon 16 Feb 2026 21:11:15 INFO  Saving current: saved/COREtrmDualAttention-Feb-16-2026_21-05-38.pth
Mon 16 Feb 2026 21:11:34 INFO  epoch 13 training [time: 19.26s, train loss: 2206.2708]
Mon 16 Feb 2026 21:11:35 INFO  epoch 13 evaluating [time: 1.55s, valid_score: 0.315000]
Mon 16 Feb 2026 21:11:35 INFO  valid result: 
recall@20 : 0.6996    mrr@20 : 0.315
Mon 16 Feb 2026 21:11:55 INFO  epoch 14 training [time: 19.49s, train loss: 2204.1750]
Mon 16 Feb 2026 21:11:56 INFO  epoch 14 evaluating [time: 1.53s, valid_score: 0.315200]
Mon 16 Feb 2026 21:11:56 INFO  valid result: 
recall@20 : 0.6997    mrr@20 : 0.3152
Mon 16 Feb 2026 21:12:16 INFO  epoch 15 training [time: 19.55s, train loss: 2202.1861]
Mon 16 Feb 2026 21:12:18 INFO  epoch 15 evaluating [time: 1.66s, valid_score: 0.315300]
Mon 16 Feb 2026 21:12:18 INFO  valid result: 
recall@20 : 0.6997    mrr@20 : 0.3153
Mon 16 Feb 2026 21:12:37 INFO  epoch 16 training [time: 19.56s, train loss: 2200.7529]
Mon 16 Feb 2026 21:12:39 INFO  epoch 16 evaluating [time: 1.56s, valid_score: 0.315200]
Mon 16 Feb 2026 21:12:39 INFO  valid result: 
recall@20 : 0.7    mrr@20 : 0.3152
Mon 16 Feb 2026 21:12:58 INFO  epoch 17 training [time: 19.64s, train loss: 2199.1744]
Mon 16 Feb 2026 21:13:00 INFO  epoch 17 evaluating [time: 1.60s, valid_score: 0.315500]
Mon 16 Feb 2026 21:13:00 INFO  valid result: 
recall@20 : 0.7    mrr@20 : 0.3155
Mon 16 Feb 2026 21:13:00 INFO  Saving current: saved/COREtrmDualAttention-Feb-16-2026_21-05-38.pth
Mon 16 Feb 2026 21:13:19 INFO  epoch 18 training [time: 19.24s, train loss: 2198.0918]
Mon 16 Feb 2026 21:13:21 INFO  epoch 18 evaluating [time: 1.63s, valid_score: 0.315100]
Mon 16 Feb 2026 21:13:21 INFO  valid result: 
recall@20 : 0.6994    mrr@20 : 0.3151
Mon 16 Feb 2026 21:13:40 INFO  epoch 19 training [time: 19.22s, train loss: 2196.8878]
Mon 16 Feb 2026 21:13:42 INFO  epoch 19 evaluating [time: 1.46s, valid_score: 0.315000]
Mon 16 Feb 2026 21:13:42 INFO  valid result: 
recall@20 : 0.7002    mrr@20 : 0.315
Mon 16 Feb 2026 21:13:42 INFO  Loading model structure and parameters from saved/COREtrmDualAttention-Feb-16-2026_21-05-38.pth
Mon 16 Feb 2026 21:13:43 INFO  best valid : OrderedDict([('recall@20', 0.7), ('mrr@20', 0.3155)])
Mon 16 Feb 2026 21:13:43 INFO  test result: OrderedDict([('recall@20', 0.646), ('mrr@20', 0.2829)])
