Mon 16 Feb 2026 21:26:20 INFO  
General Hyper Parameters:
gpu_id = 0
use_gpu = True
seed = 2020
state = INFO
reproducibility = True
data_path = ../dataset/nowplaying
checkpoint_dir = saved
show_progress = True
save_dataset = False
dataset_save_path = None
save_dataloaders = False
dataloaders_save_path = None
log_wandb = False

Training Hyper Parameters:
epochs = 20
train_batch_size = 2048
learner = adam
learning_rate = 0.001
train_neg_sample_args = {'distribution': 'none', 'sample_num': 'none', 'alpha': 'none', 'dynamic': False, 'candidate_num': 0}
eval_step = 1
stopping_step = 5
clip_grad_norm = None
weight_decay = 0.0
loss_decimal_place = 4

Evaluation Hyper Parameters:
eval_args = {'split': {'RS': [0.8, 0.1, 0.1]}, 'order': 'TO', 'group_by': 'None', 'mode': {'valid': 'full', 'test': 'full'}}
repeatable = True
metrics = ['Recall', 'MRR']
topk = [20]
valid_metric = MRR@20
valid_metric_bigger = True
eval_batch_size = 2048
metric_decimal_place = 4

Dataset Hyper Parameters:
field_separator = 	
seq_separator =  
USER_ID_FIELD = session_id
ITEM_ID_FIELD = item_id
RATING_FIELD = rating
TIME_FIELD = timestamp
seq_len = None
LABEL_FIELD = label
threshold = None
NEG_PREFIX = neg_
load_col = {'inter': ['session_id', 'item_id_list', 'item_id']}
unload_col = None
unused_col = None
additional_feat_suffix = None
rm_dup_inter = None
val_interval = None
filter_inter_by_user_or_item = True
user_inter_num_interval = [0,inf)
item_inter_num_interval = [0,inf)
alias_of_user_id = None
alias_of_item_id = ['item_id_list']
alias_of_entity_id = None
alias_of_relation_id = None
preload_weight = None
normalize_field = None
normalize_all = None
ITEM_LIST_LENGTH_FIELD = item_length
LIST_SUFFIX = _list
MAX_ITEM_LIST_LENGTH = 50
POSITION_FIELD = position_id
HEAD_ENTITY_ID_FIELD = head_id
TAIL_ENTITY_ID_FIELD = tail_id
RELATION_ID_FIELD = relation_id
ENTITY_ID_FIELD = entity_id
benchmark_filename = ['train', 'valid', 'test']

Other Hyper Parameters: 
worker = 0
wandb_project = recbole
shuffle = True
require_pow = False
enable_amp = False
enable_scaler = False
transform = None
numerical_features = []
discretization = None
kg_reverse_r = False
entity_kg_num_interval = [0,inf)
relation_kg_num_interval = [0,inf)
MODEL_TYPE = ModelType.SEQUENTIAL
device = cuda
neg_sampling = None
embedding_size = 100
inner_size = 256
n_layers = 2
n_heads = 2
hidden_dropout_prob = 0.5
attn_dropout_prob = 0.5
hidden_act = gelu
layer_norm_eps = 1e-12
initializer_range = 0.02
loss_type = CE
sess_dropout = 0.2
item_dropout = 0.2
temperature = 0.07
use_dual_gating = True
enable_recent_branch = True
enable_ave_residual = True
MODEL_INPUT_TYPE = InputType.POINTWISE
eval_type = EvaluatorType.RANKING
single_spec = True
local_rank = 0
valid_neg_sample_args = {'distribution': 'uniform', 'sample_num': 'none'}
test_neg_sample_args = {'distribution': 'uniform', 'sample_num': 'none'}


Mon 16 Feb 2026 21:26:42 INFO  nowplaying
The number of users: 1085411
Average actions of users: 1.0
The number of items: 59593
Average actions of items: 18.22166635888999
The number of inters: 1085410
The sparsity of the dataset: 99.99832195211067%
Remain Fields: ['session_id', 'item_id_list', 'item_id', 'item_length']
Mon 16 Feb 2026 21:26:59 INFO  [Training]: train_batch_size = [2048] train_neg_sample_args: [{'distribution': 'none', 'sample_num': 'none', 'alpha': 'none', 'dynamic': False, 'candidate_num': 0}]
Mon 16 Feb 2026 21:26:59 INFO  [Evaluation]: eval_batch_size = [2048] eval_args: [{'split': {'RS': [0.8, 0.1, 0.1]}, 'order': 'TO', 'group_by': 'None', 'mode': {'valid': 'full', 'test': 'full'}}]
Mon 16 Feb 2026 21:26:59 INFO  COREtrmDualAttention(
  (sess_dropout): Dropout(p=0.2, inplace=False)
  (item_dropout): Dropout(p=0.2, inplace=False)
  (item_embedding): Embedding(59593, 100, padding_idx=0)
  (loss_fct): CrossEntropyLoss()
  (net): TransNetDualAttention(
    (position_embedding): Embedding(50, 100)
    (trm_encoder): TransformerEncoder(
      (layer): ModuleList(
        (0-1): 2 x TransformerLayer(
          (multi_head_attention): MultiHeadAttention(
            (query): Linear(in_features=100, out_features=100, bias=True)
            (key): Linear(in_features=100, out_features=100, bias=True)
            (value): Linear(in_features=100, out_features=100, bias=True)
            (softmax): Softmax(dim=-1)
            (attn_dropout): Dropout(p=0.5, inplace=False)
            (dense): Linear(in_features=100, out_features=100, bias=True)
            (LayerNorm): LayerNorm((100,), eps=1e-12, elementwise_affine=True)
            (out_dropout): Dropout(p=0.5, inplace=False)
          )
          (feed_forward): FeedForward(
            (dense_1): Linear(in_features=100, out_features=256, bias=True)
            (dense_2): Linear(in_features=256, out_features=100, bias=True)
            (LayerNorm): LayerNorm((100,), eps=1e-12, elementwise_affine=True)
            (dropout): Dropout(p=0.5, inplace=False)
          )
        )
      )
    )
    (layer_norm): LayerNorm((100,), eps=1e-12, elementwise_affine=True)
    (dropout): Dropout(p=0.5, inplace=False)
    (global_scorer): Sequential(
      (0): Linear(in_features=200, out_features=100, bias=True)
      (1): GELU(approximate='none')
      (2): Linear(in_features=100, out_features=1, bias=True)
    )
    (recent_scorer): Sequential(
      (0): Linear(in_features=200, out_features=100, bias=True)
      (1): GELU(approximate='none')
      (2): Linear(in_features=100, out_features=1, bias=True)
    )
  )
  (fusion_gate): Sequential(
    (0): Linear(in_features=200, out_features=100, bias=True)
    (1): GELU(approximate='none')
    (2): Linear(in_features=100, out_features=2, bias=True)
  )
)
Trainable parameters: 6209916
Mon 16 Feb 2026 21:27:32 INFO  epoch 0 training [time: 30.81s, train loss: 4299.8907]
Mon 16 Feb 2026 21:27:34 INFO  epoch 0 evaluating [time: 2.37s, valid_score: 0.063400]
Mon 16 Feb 2026 21:27:34 INFO  valid result: 
recall@20 : 0.1616    mrr@20 : 0.0634
Mon 16 Feb 2026 21:27:34 INFO  Saving current: saved/COREtrmDualAttention-Feb-16-2026_21-26-59.pth
Mon 16 Feb 2026 21:28:05 INFO  epoch 1 training [time: 30.92s, train loss: 3300.2550]
Mon 16 Feb 2026 21:28:08 INFO  epoch 1 evaluating [time: 2.26s, valid_score: 0.073900]
Mon 16 Feb 2026 21:28:08 INFO  valid result: 
recall@20 : 0.2114    mrr@20 : 0.0739
Mon 16 Feb 2026 21:28:08 INFO  Saving current: saved/COREtrmDualAttention-Feb-16-2026_21-26-59.pth
Mon 16 Feb 2026 21:28:36 INFO  epoch 2 training [time: 27.87s, train loss: 2946.0703]
Mon 16 Feb 2026 21:28:37 INFO  epoch 2 evaluating [time: 1.30s, valid_score: 0.078000]
Mon 16 Feb 2026 21:28:37 INFO  valid result: 
recall@20 : 0.2307    mrr@20 : 0.078
Mon 16 Feb 2026 21:28:37 INFO  Saving current: saved/COREtrmDualAttention-Feb-16-2026_21-26-59.pth
Mon 16 Feb 2026 21:28:56 INFO  epoch 3 training [time: 18.49s, train loss: 2790.1727]
Mon 16 Feb 2026 21:28:57 INFO  epoch 3 evaluating [time: 1.28s, valid_score: 0.080000]
Mon 16 Feb 2026 21:28:57 INFO  valid result: 
recall@20 : 0.2406    mrr@20 : 0.08
Mon 16 Feb 2026 21:28:57 INFO  Saving current: saved/COREtrmDualAttention-Feb-16-2026_21-26-59.pth
Mon 16 Feb 2026 21:29:16 INFO  epoch 4 training [time: 18.33s, train loss: 2710.2553]
Mon 16 Feb 2026 21:29:17 INFO  epoch 4 evaluating [time: 1.29s, valid_score: 0.081600]
Mon 16 Feb 2026 21:29:17 INFO  valid result: 
recall@20 : 0.2458    mrr@20 : 0.0816
Mon 16 Feb 2026 21:29:17 INFO  Saving current: saved/COREtrmDualAttention-Feb-16-2026_21-26-59.pth
Mon 16 Feb 2026 21:29:35 INFO  epoch 5 training [time: 18.37s, train loss: 2661.5920]
Mon 16 Feb 2026 21:29:37 INFO  epoch 5 evaluating [time: 1.29s, valid_score: 0.082000]
Mon 16 Feb 2026 21:29:37 INFO  valid result: 
recall@20 : 0.2485    mrr@20 : 0.082
Mon 16 Feb 2026 21:29:37 INFO  Saving current: saved/COREtrmDualAttention-Feb-16-2026_21-26-59.pth
Mon 16 Feb 2026 21:29:55 INFO  epoch 6 training [time: 18.30s, train loss: 2629.4021]
Mon 16 Feb 2026 21:29:57 INFO  epoch 6 evaluating [time: 1.28s, valid_score: 0.082400]
Mon 16 Feb 2026 21:29:57 INFO  valid result: 
recall@20 : 0.2502    mrr@20 : 0.0824
Mon 16 Feb 2026 21:29:57 INFO  Saving current: saved/COREtrmDualAttention-Feb-16-2026_21-26-59.pth
Mon 16 Feb 2026 21:30:15 INFO  epoch 7 training [time: 18.34s, train loss: 2604.8744]
Mon 16 Feb 2026 21:30:17 INFO  epoch 7 evaluating [time: 2.19s, valid_score: 0.082600]
Mon 16 Feb 2026 21:30:17 INFO  valid result: 
recall@20 : 0.2501    mrr@20 : 0.0826
Mon 16 Feb 2026 21:30:18 INFO  Saving current: saved/COREtrmDualAttention-Feb-16-2026_21-26-59.pth
Mon 16 Feb 2026 21:30:36 INFO  epoch 8 training [time: 18.72s, train loss: 2586.9225]
Mon 16 Feb 2026 21:30:38 INFO  epoch 8 evaluating [time: 1.61s, valid_score: 0.082700]
Mon 16 Feb 2026 21:30:38 INFO  valid result: 
recall@20 : 0.2511    mrr@20 : 0.0827
Mon 16 Feb 2026 21:30:38 INFO  Saving current: saved/COREtrmDualAttention-Feb-16-2026_21-26-59.pth
Mon 16 Feb 2026 21:30:58 INFO  epoch 9 training [time: 19.67s, train loss: 2572.8647]
Mon 16 Feb 2026 21:31:00 INFO  epoch 9 evaluating [time: 2.22s, valid_score: 0.083300]
Mon 16 Feb 2026 21:31:00 INFO  valid result: 
recall@20 : 0.2515    mrr@20 : 0.0833
Mon 16 Feb 2026 21:31:00 INFO  Saving current: saved/COREtrmDualAttention-Feb-16-2026_21-26-59.pth
Mon 16 Feb 2026 21:31:23 INFO  epoch 10 training [time: 22.30s, train loss: 2561.4097]
Mon 16 Feb 2026 21:31:26 INFO  epoch 10 evaluating [time: 3.02s, valid_score: 0.083600]
Mon 16 Feb 2026 21:31:26 INFO  valid result: 
recall@20 : 0.2519    mrr@20 : 0.0836
Mon 16 Feb 2026 21:31:26 INFO  Saving current: saved/COREtrmDualAttention-Feb-16-2026_21-26-59.pth
Mon 16 Feb 2026 21:32:05 INFO  epoch 11 training [time: 38.56s, train loss: 2551.0537]
Mon 16 Feb 2026 21:32:08 INFO  epoch 11 evaluating [time: 3.09s, valid_score: 0.083100]
Mon 16 Feb 2026 21:32:08 INFO  valid result: 
recall@20 : 0.2516    mrr@20 : 0.0831
Mon 16 Feb 2026 21:32:46 INFO  epoch 12 training [time: 38.09s, train loss: 2543.6300]
Mon 16 Feb 2026 21:32:50 INFO  epoch 12 evaluating [time: 3.89s, valid_score: 0.083200]
Mon 16 Feb 2026 21:32:50 INFO  valid result: 
recall@20 : 0.2522    mrr@20 : 0.0832
Mon 16 Feb 2026 21:33:29 INFO  epoch 13 training [time: 39.41s, train loss: 2535.8915]
Mon 16 Feb 2026 21:33:33 INFO  epoch 13 evaluating [time: 3.71s, valid_score: 0.083300]
Mon 16 Feb 2026 21:33:33 INFO  valid result: 
recall@20 : 0.2528    mrr@20 : 0.0833
Mon 16 Feb 2026 21:34:09 INFO  epoch 14 training [time: 36.37s, train loss: 2529.1369]
Mon 16 Feb 2026 21:34:12 INFO  epoch 14 evaluating [time: 2.97s, valid_score: 0.083500]
Mon 16 Feb 2026 21:34:12 INFO  valid result: 
recall@20 : 0.2526    mrr@20 : 0.0835
Mon 16 Feb 2026 21:34:51 INFO  epoch 15 training [time: 38.71s, train loss: 2523.5458]
Mon 16 Feb 2026 21:34:54 INFO  epoch 15 evaluating [time: 3.10s, valid_score: 0.083300]
Mon 16 Feb 2026 21:34:54 INFO  valid result: 
recall@20 : 0.2528    mrr@20 : 0.0833
Mon 16 Feb 2026 21:35:31 INFO  epoch 16 training [time: 36.98s, train loss: 2518.4618]
Mon 16 Feb 2026 21:35:34 INFO  epoch 16 evaluating [time: 3.26s, valid_score: 0.083000]
Mon 16 Feb 2026 21:35:34 INFO  valid result: 
recall@20 : 0.2528    mrr@20 : 0.083
Mon 16 Feb 2026 21:35:34 INFO  Finished training, best eval result in epoch 10
Mon 16 Feb 2026 21:35:34 INFO  Loading model structure and parameters from saved/COREtrmDualAttention-Feb-16-2026_21-26-59.pth
Mon 16 Feb 2026 21:35:37 INFO  best valid : OrderedDict([('recall@20', 0.2519), ('mrr@20', 0.0836)])
Mon 16 Feb 2026 21:35:37 INFO  test result: OrderedDict([('recall@20', 0.2177), ('mrr@20', 0.0767)])
