Sun 30 Nov 2025 19:02:17 INFO  
General Hyper Parameters:
gpu_id = 0
use_gpu = True
seed = 2020
state = INFO
reproducibility = True
data_path = dataset/diginetica
checkpoint_dir = saved
show_progress = True
save_dataset = False
dataset_save_path = None
save_dataloaders = False
dataloaders_save_path = None
log_wandb = False

Training Hyper Parameters:
epochs = 20
train_batch_size = 2048
learner = adam
learning_rate = 0.001
neg_sampling = None
eval_step = 1
stopping_step = 5
clip_grad_norm = None
weight_decay = 0.0
loss_decimal_place = 4

Evaluation Hyper Parameters:
eval_args = {'order': 'TO', 'split': {'RS': [0.8, 0.1, 0.1]}, 'group_by': 'user', 'mode': 'full'}
repeatable = True
metrics = ['Recall', 'MRR']
topk = [1, 2]
valid_metric = MRR@2
valid_metric_bigger = True
eval_batch_size = 2048
metric_decimal_place = 4

Dataset Hyper Parameters:
field_separator = 	
seq_separator =  
USER_ID_FIELD = session_id
ITEM_ID_FIELD = item_id
RATING_FIELD = rating
TIME_FIELD = timestamp
seq_len = None
LABEL_FIELD = label
threshold = None
NEG_PREFIX = neg_
load_col = {'inter': ['session_id', 'item_id_list', 'item_id']}
unload_col = None
unused_col = None
additional_feat_suffix = None
rm_dup_inter = None
val_interval = None
filter_inter_by_user_or_item = True
user_inter_num_interval = [0,inf)
item_inter_num_interval = [0,inf)
alias_of_user_id = None
alias_of_item_id = ['item_id_list']
alias_of_entity_id = None
alias_of_relation_id = None
preload_weight = None
normalize_field = None
normalize_all = None
ITEM_LIST_LENGTH_FIELD = item_length
LIST_SUFFIX = _list
MAX_ITEM_LIST_LENGTH = 50
POSITION_FIELD = position_id
HEAD_ENTITY_ID_FIELD = head_id
TAIL_ENTITY_ID_FIELD = tail_id
RELATION_ID_FIELD = relation_id
ENTITY_ID_FIELD = entity_id
benchmark_filename = ['train', 'valid', 'test']

Other Hyper Parameters: 
wandb_project = recbole
require_pow = False
MODEL_TYPE = ModelType.SEQUENTIAL
device = cuda
embedding_size = 100
inner_size = 256
n_layers = 2
n_heads = 2
hidden_dropout_prob = 0.5
attn_dropout_prob = 0.5
hidden_act = gelu
layer_norm_eps = 1e-12
initializer_range = 0.02
loss_type = CE
sess_dropout = 0.2
item_dropout = 0.2
temperature = 0.07
MODEL_INPUT_TYPE = InputType.POINTWISE
eval_type = EvaluatorType.RANKING
train_neg_sample_args = {'strategy': 'none'}
eval_neg_sample_args = {'strategy': 'full', 'distribution': 'uniform'}


Sun 30 Nov 2025 19:02:28 INFO  diginetica
The number of users: 786583
Average actions of users: 1.0
The number of items: 42862
Average actions of items: 18.35535435092059
The number of inters: 786582
The sparsity of the dataset: 99.99766693404723%
Remain Fields: ['session_id', 'item_id_list', 'item_id', 'item_length']
Sun 30 Nov 2025 19:02:38 INFO  [Training]: train_batch_size = [2048] negative sampling: [None]
Sun 30 Nov 2025 19:02:38 INFO  [Evaluation]: eval_batch_size = [2048] eval_args: [{'order': 'TO', 'split': {'RS': [0.8, 0.1, 0.1]}, 'group_by': 'user', 'mode': 'full'}]
Sun 30 Nov 2025 19:02:38 INFO  COREtrm(
  (sess_dropout): Dropout(p=0.2, inplace=False)
  (item_dropout): Dropout(p=0.2, inplace=False)
  (item_embedding): Embedding(42862, 100, padding_idx=0)
  (loss_fct): CrossEntropyLoss()
  (net): TransNet(
    (position_embedding): Embedding(50, 100)
    (trm_encoder): TransformerEncoder(
      (layer): ModuleList(
        (0-1): 2 x TransformerLayer(
          (multi_head_attention): MultiHeadAttention(
            (query): Linear(in_features=100, out_features=100, bias=True)
            (key): Linear(in_features=100, out_features=100, bias=True)
            (value): Linear(in_features=100, out_features=100, bias=True)
            (softmax): Softmax(dim=-1)
            (attn_dropout): Dropout(p=0.5, inplace=False)
            (dense): Linear(in_features=100, out_features=100, bias=True)
            (LayerNorm): LayerNorm((100,), eps=1e-12, elementwise_affine=True)
            (out_dropout): Dropout(p=0.5, inplace=False)
          )
          (feed_forward): FeedForward(
            (dense_1): Linear(in_features=100, out_features=256, bias=True)
            (dense_2): Linear(in_features=256, out_features=100, bias=True)
            (LayerNorm): LayerNorm((100,), eps=1e-12, elementwise_affine=True)
            (dropout): Dropout(p=0.5, inplace=False)
          )
        )
      )
    )
    (LayerNorm): LayerNorm((100,), eps=1e-12, elementwise_affine=True)
    (dropout): Dropout(p=0.5, inplace=False)
    (fn): Linear(in_features=100, out_features=1, bias=True)
  )
)
Trainable parameters: 4476213
Sun 30 Nov 2025 19:03:23 INFO  epoch 0 training [time: 43.08s, train loss: 2778.2779]
Sun 30 Nov 2025 19:03:25 INFO  epoch 0 evaluating [time: 2.44s, valid_score: 0.124700]
Sun 30 Nov 2025 19:03:25 INFO  valid result: 
recall@1 : 0.0963    recall@2 : 0.1532    mrr@1 : 0.0963    mrr@2 : 0.1247
Sun 30 Nov 2025 19:03:26 INFO  Saving current: saved/COREtrm-Nov-30-2025_19-02-38.pth
Sun 30 Nov 2025 19:04:10 INFO  epoch 1 training [time: 43.83s, train loss: 1927.0822]
Sun 30 Nov 2025 19:04:12 INFO  epoch 1 evaluating [time: 2.46s, valid_score: 0.128300]
Sun 30 Nov 2025 19:04:12 INFO  valid result: 
recall@1 : 0.0963    recall@2 : 0.1604    mrr@1 : 0.0963    mrr@2 : 0.1283
Sun 30 Nov 2025 19:04:12 INFO  Saving current: saved/COREtrm-Nov-30-2025_19-02-38.pth
Sun 30 Nov 2025 19:04:58 INFO  epoch 2 training [time: 45.32s, train loss: 1632.6543]
Sun 30 Nov 2025 19:05:00 INFO  epoch 2 evaluating [time: 2.51s, valid_score: 0.128900]
Sun 30 Nov 2025 19:05:00 INFO  valid result: 
recall@1 : 0.096    recall@2 : 0.1617    mrr@1 : 0.096    mrr@2 : 0.1289
Sun 30 Nov 2025 19:05:01 INFO  Saving current: saved/COREtrm-Nov-30-2025_19-02-38.pth
Sun 30 Nov 2025 19:05:46 INFO  epoch 3 training [time: 45.40s, train loss: 1523.5584]
Sun 30 Nov 2025 19:05:49 INFO  epoch 3 evaluating [time: 2.69s, valid_score: 0.129000]
Sun 30 Nov 2025 19:05:49 INFO  valid result: 
recall@1 : 0.096    recall@2 : 0.162    mrr@1 : 0.096    mrr@2 : 0.129
Sun 30 Nov 2025 19:05:49 INFO  Saving current: saved/COREtrm-Nov-30-2025_19-02-38.pth
Sun 30 Nov 2025 19:06:35 INFO  epoch 4 training [time: 45.93s, train loss: 1474.3035]
Sun 30 Nov 2025 19:06:38 INFO  epoch 4 evaluating [time: 2.49s, valid_score: 0.128500]
Sun 30 Nov 2025 19:06:38 INFO  valid result: 
recall@1 : 0.0962    recall@2 : 0.1608    mrr@1 : 0.0962    mrr@2 : 0.1285
Sun 30 Nov 2025 19:07:24 INFO  epoch 5 training [time: 46.23s, train loss: 1446.5812]
Sun 30 Nov 2025 19:07:27 INFO  epoch 5 evaluating [time: 2.72s, valid_score: 0.128900]
Sun 30 Nov 2025 19:07:27 INFO  valid result: 
recall@1 : 0.0962    recall@2 : 0.1616    mrr@1 : 0.0962    mrr@2 : 0.1289
Sun 30 Nov 2025 19:08:13 INFO  epoch 6 training [time: 46.10s, train loss: 1429.3650]
Sun 30 Nov 2025 19:08:15 INFO  epoch 6 evaluating [time: 2.56s, valid_score: 0.128900]
Sun 30 Nov 2025 19:08:15 INFO  valid result: 
recall@1 : 0.0959    recall@2 : 0.1619    mrr@1 : 0.0959    mrr@2 : 0.1289
Sun 30 Nov 2025 19:09:01 INFO  epoch 7 training [time: 45.83s, train loss: 1417.2175]
Sun 30 Nov 2025 19:09:04 INFO  epoch 7 evaluating [time: 2.54s, valid_score: 0.129000]
Sun 30 Nov 2025 19:09:04 INFO  valid result: 
recall@1 : 0.096    recall@2 : 0.1621    mrr@1 : 0.096    mrr@2 : 0.129
Sun 30 Nov 2025 19:09:04 INFO  Saving current: saved/COREtrm-Nov-30-2025_19-02-38.pth
Sun 30 Nov 2025 19:09:50 INFO  epoch 8 training [time: 45.40s, train loss: 1408.1633]
Sun 30 Nov 2025 19:09:52 INFO  epoch 8 evaluating [time: 2.58s, valid_score: 0.129100]
Sun 30 Nov 2025 19:09:52 INFO  valid result: 
recall@1 : 0.0965    recall@2 : 0.1618    mrr@1 : 0.0965    mrr@2 : 0.1291
Sun 30 Nov 2025 19:09:53 INFO  Saving current: saved/COREtrm-Nov-30-2025_19-02-38.pth
Sun 30 Nov 2025 19:10:38 INFO  epoch 9 training [time: 45.51s, train loss: 1401.5841]
Sun 30 Nov 2025 19:10:41 INFO  epoch 9 evaluating [time: 2.66s, valid_score: 0.129000]
Sun 30 Nov 2025 19:10:41 INFO  valid result: 
recall@1 : 0.0964    recall@2 : 0.1616    mrr@1 : 0.0964    mrr@2 : 0.129
Sun 30 Nov 2025 19:11:27 INFO  epoch 10 training [time: 45.70s, train loss: 1395.7085]
Sun 30 Nov 2025 19:11:29 INFO  epoch 10 evaluating [time: 2.62s, valid_score: 0.128800]
Sun 30 Nov 2025 19:11:29 INFO  valid result: 
recall@1 : 0.0961    recall@2 : 0.1616    mrr@1 : 0.0961    mrr@2 : 0.1288
Sun 30 Nov 2025 19:12:15 INFO  epoch 11 training [time: 45.63s, train loss: 1390.4222]
Sun 30 Nov 2025 19:12:18 INFO  epoch 11 evaluating [time: 2.64s, valid_score: 0.129000]
Sun 30 Nov 2025 19:12:18 INFO  valid result: 
recall@1 : 0.0961    recall@2 : 0.1619    mrr@1 : 0.0961    mrr@2 : 0.129
Sun 30 Nov 2025 19:13:03 INFO  epoch 12 training [time: 45.33s, train loss: 1386.7719]
Sun 30 Nov 2025 19:13:05 INFO  epoch 12 evaluating [time: 2.53s, valid_score: 0.128800]
Sun 30 Nov 2025 19:13:05 INFO  valid result: 
recall@1 : 0.096    recall@2 : 0.1616    mrr@1 : 0.096    mrr@2 : 0.1288
Sun 30 Nov 2025 19:13:51 INFO  epoch 13 training [time: 45.47s, train loss: 1383.3902]
Sun 30 Nov 2025 19:13:53 INFO  epoch 13 evaluating [time: 2.51s, valid_score: 0.128600]
Sun 30 Nov 2025 19:13:53 INFO  valid result: 
recall@1 : 0.0963    recall@2 : 0.161    mrr@1 : 0.0963    mrr@2 : 0.1286
Sun 30 Nov 2025 19:14:39 INFO  epoch 14 training [time: 45.44s, train loss: 1379.9302]
Sun 30 Nov 2025 19:14:42 INFO  epoch 14 evaluating [time: 2.65s, valid_score: 0.128900]
Sun 30 Nov 2025 19:14:42 INFO  valid result: 
recall@1 : 0.0961    recall@2 : 0.1617    mrr@1 : 0.0961    mrr@2 : 0.1289
Sun 30 Nov 2025 19:14:42 INFO  Finished training, best eval result in epoch 8
Sun 30 Nov 2025 19:14:44 INFO  best valid : OrderedDict([('recall@1', 0.0965), ('recall@2', 0.1618), ('mrr@1', 0.0965), ('mrr@2', 0.1291)])
Sun 30 Nov 2025 19:14:44 INFO  test result: OrderedDict([('recall@1', 0.0941), ('recall@2', 0.1625), ('mrr@1', 0.0941), ('mrr@2', 0.1283)])
