Tue 17 Feb 2026 07:08:20 INFO  
General Hyper Parameters:
gpu_id = 0
use_gpu = True
seed = 2020
state = INFO
reproducibility = True
data_path = ../dataset/tmall
checkpoint_dir = saved
show_progress = True
save_dataset = False
dataset_save_path = None
save_dataloaders = False
dataloaders_save_path = None
log_wandb = False

Training Hyper Parameters:
epochs = 20
train_batch_size = 2048
learner = adam
learning_rate = 0.001
train_neg_sample_args = {'distribution': 'none', 'sample_num': 'none', 'alpha': 'none', 'dynamic': False, 'candidate_num': 0}
eval_step = 1
stopping_step = 5
clip_grad_norm = None
weight_decay = 0.0
loss_decimal_place = 4

Evaluation Hyper Parameters:
eval_args = {'split': {'RS': [0.8, 0.1, 0.1]}, 'order': 'TO', 'group_by': 'None', 'mode': {'valid': 'full', 'test': 'full'}}
repeatable = True
metrics = ['Recall', 'MRR']
topk = [20]
valid_metric = MRR@20
valid_metric_bigger = True
eval_batch_size = 2048
metric_decimal_place = 4

Dataset Hyper Parameters:
field_separator = 	
seq_separator =  
USER_ID_FIELD = session_id
ITEM_ID_FIELD = item_id
RATING_FIELD = rating
TIME_FIELD = timestamp
seq_len = None
LABEL_FIELD = label
threshold = None
NEG_PREFIX = neg_
load_col = {'inter': ['session_id', 'item_id_list', 'item_id']}
unload_col = None
unused_col = None
additional_feat_suffix = None
rm_dup_inter = None
val_interval = None
filter_inter_by_user_or_item = True
user_inter_num_interval = [0,inf)
item_inter_num_interval = [0,inf)
alias_of_user_id = None
alias_of_item_id = ['item_id_list']
alias_of_entity_id = None
alias_of_relation_id = None
preload_weight = None
normalize_field = None
normalize_all = None
ITEM_LIST_LENGTH_FIELD = item_length
LIST_SUFFIX = _list
MAX_ITEM_LIST_LENGTH = 50
POSITION_FIELD = position_id
HEAD_ENTITY_ID_FIELD = head_id
TAIL_ENTITY_ID_FIELD = tail_id
RELATION_ID_FIELD = relation_id
ENTITY_ID_FIELD = entity_id
benchmark_filename = ['train', 'valid', 'test']

Other Hyper Parameters: 
worker = 0
wandb_project = recbole
shuffle = True
require_pow = False
enable_amp = False
enable_scaler = False
transform = None
numerical_features = []
discretization = None
kg_reverse_r = False
entity_kg_num_interval = [0,inf)
relation_kg_num_interval = [0,inf)
MODEL_TYPE = ModelType.SEQUENTIAL
device = cuda
neg_sampling = None
embedding_size = 100
inner_size = 256
n_layers = 2
n_heads = 2
hidden_dropout_prob = 0.5
attn_dropout_prob = 0.5
hidden_act = gelu
layer_norm_eps = 1e-12
initializer_range = 0.02
loss_type = CE
sess_dropout = 0.2
item_dropout = 0.2
temperature = 0.07
MODEL_INPUT_TYPE = InputType.POINTWISE
eval_type = EvaluatorType.RANKING
single_spec = True
local_rank = 0
valid_neg_sample_args = {'distribution': 'uniform', 'sample_num': 'none'}
test_neg_sample_args = {'distribution': 'uniform', 'sample_num': 'none'}


Tue 17 Feb 2026 07:08:26 INFO  tmall
The number of users: 427798
Average actions of users: 1.0
The number of items: 37367
Average actions of items: 11.449749752428874
The number of inters: 427797
The sparsity of the dataset: 99.99732384814823%
Remain Fields: ['session_id', 'item_id_list', 'item_id', 'item_length']
Tue 17 Feb 2026 07:08:31 INFO  [Training]: train_batch_size = [2048] train_neg_sample_args: [{'distribution': 'none', 'sample_num': 'none', 'alpha': 'none', 'dynamic': False, 'candidate_num': 0}]
Tue 17 Feb 2026 07:08:31 INFO  [Evaluation]: eval_batch_size = [2048] eval_args: [{'split': {'RS': [0.8, 0.1, 0.1]}, 'order': 'TO', 'group_by': 'None', 'mode': {'valid': 'full', 'test': 'full'}}]
Tue 17 Feb 2026 07:08:31 INFO  COREtrm(
  (sess_dropout): Dropout(p=0.2, inplace=False)
  (item_dropout): Dropout(p=0.2, inplace=False)
  (item_embedding): Embedding(37367, 100, padding_idx=0)
  (loss_fct): CrossEntropyLoss()
  (net): TransNet(
    (position_embedding): Embedding(50, 100)
    (trm_encoder): TransformerEncoder(
      (layer): ModuleList(
        (0-1): 2 x TransformerLayer(
          (multi_head_attention): MultiHeadAttention(
            (query): Linear(in_features=100, out_features=100, bias=True)
            (key): Linear(in_features=100, out_features=100, bias=True)
            (value): Linear(in_features=100, out_features=100, bias=True)
            (softmax): Softmax(dim=-1)
            (attn_dropout): Dropout(p=0.5, inplace=False)
            (dense): Linear(in_features=100, out_features=100, bias=True)
            (LayerNorm): LayerNorm((100,), eps=1e-12, elementwise_affine=True)
            (out_dropout): Dropout(p=0.5, inplace=False)
          )
          (feed_forward): FeedForward(
            (dense_1): Linear(in_features=100, out_features=256, bias=True)
            (dense_2): Linear(in_features=256, out_features=100, bias=True)
            (LayerNorm): LayerNorm((100,), eps=1e-12, elementwise_affine=True)
            (dropout): Dropout(p=0.5, inplace=False)
          )
        )
      )
    )
    (layer_norm): LayerNorm((100,), eps=1e-12, elementwise_affine=True)
    (dropout): Dropout(p=0.5, inplace=False)
    (attn_scorer): Sequential(
      (0): Linear(in_features=200, out_features=100, bias=True)
      (1): GELU(approximate='none')
      (2): Linear(in_features=100, out_features=1, bias=True)
    )
  )
)
Trainable parameters: 3946813
Tue 17 Feb 2026 07:08:44 INFO  epoch 0 training [time: 10.92s, train loss: 1109.1265]
Tue 17 Feb 2026 07:08:45 INFO  epoch 0 evaluating [time: 1.57s, valid_score: 0.181600]
Tue 17 Feb 2026 07:08:45 INFO  valid result: 
recall@20 : 0.2661    mrr@20 : 0.1816
Tue 17 Feb 2026 07:08:45 INFO  Saving current: saved/COREtrm-Feb-17-2026_07-08-31.pth
Tue 17 Feb 2026 07:08:55 INFO  epoch 1 training [time: 9.35s, train loss: 934.9040]
Tue 17 Feb 2026 07:08:56 INFO  epoch 1 evaluating [time: 1.50s, valid_score: 0.189500]
Tue 17 Feb 2026 07:08:56 INFO  valid result: 
recall@20 : 0.2975    mrr@20 : 0.1895
Tue 17 Feb 2026 07:08:56 INFO  Saving current: saved/COREtrm-Feb-17-2026_07-08-31.pth
Tue 17 Feb 2026 07:09:14 INFO  epoch 2 training [time: 17.87s, train loss: 811.0892]
Tue 17 Feb 2026 07:09:17 INFO  epoch 2 evaluating [time: 2.62s, valid_score: 0.193200]
Tue 17 Feb 2026 07:09:17 INFO  valid result: 
recall@20 : 0.3238    mrr@20 : 0.1932
Tue 17 Feb 2026 07:09:17 INFO  Saving current: saved/COREtrm-Feb-17-2026_07-08-31.pth
Tue 17 Feb 2026 07:09:38 INFO  epoch 3 training [time: 20.69s, train loss: 727.3284]
Tue 17 Feb 2026 07:09:41 INFO  epoch 3 evaluating [time: 2.83s, valid_score: 0.194100]
Tue 17 Feb 2026 07:09:41 INFO  valid result: 
recall@20 : 0.341    mrr@20 : 0.1941
Tue 17 Feb 2026 07:09:41 INFO  Saving current: saved/COREtrm-Feb-17-2026_07-08-31.pth
Tue 17 Feb 2026 07:10:00 INFO  epoch 4 training [time: 19.82s, train loss: 671.1030]
Tue 17 Feb 2026 07:10:03 INFO  epoch 4 evaluating [time: 2.57s, valid_score: 0.194500]
Tue 17 Feb 2026 07:10:03 INFO  valid result: 
recall@20 : 0.3504    mrr@20 : 0.1945
Tue 17 Feb 2026 07:10:03 INFO  Saving current: saved/COREtrm-Feb-17-2026_07-08-31.pth
Tue 17 Feb 2026 07:10:24 INFO  epoch 5 training [time: 20.45s, train loss: 632.3068]
Tue 17 Feb 2026 07:10:27 INFO  epoch 5 evaluating [time: 3.07s, valid_score: 0.193800]
Tue 17 Feb 2026 07:10:27 INFO  valid result: 
recall@20 : 0.3563    mrr@20 : 0.1938
Tue 17 Feb 2026 07:10:47 INFO  epoch 6 training [time: 20.30s, train loss: 605.0666]
Tue 17 Feb 2026 07:10:50 INFO  epoch 6 evaluating [time: 2.49s, valid_score: 0.192600]
Tue 17 Feb 2026 07:10:50 INFO  valid result: 
recall@20 : 0.3592    mrr@20 : 0.1926
Tue 17 Feb 2026 07:11:10 INFO  epoch 7 training [time: 20.06s, train loss: 584.8834]
Tue 17 Feb 2026 07:11:12 INFO  epoch 7 evaluating [time: 2.72s, valid_score: 0.191800]
Tue 17 Feb 2026 07:11:12 INFO  valid result: 
recall@20 : 0.3607    mrr@20 : 0.1918
Tue 17 Feb 2026 07:11:33 INFO  epoch 8 training [time: 20.72s, train loss: 570.1850]
Tue 17 Feb 2026 07:11:36 INFO  epoch 8 evaluating [time: 2.57s, valid_score: 0.190600]
Tue 17 Feb 2026 07:11:36 INFO  valid result: 
recall@20 : 0.3608    mrr@20 : 0.1906
Tue 17 Feb 2026 07:11:56 INFO  epoch 9 training [time: 20.20s, train loss: 558.1396]
Tue 17 Feb 2026 07:11:59 INFO  epoch 9 evaluating [time: 2.98s, valid_score: 0.189800]
Tue 17 Feb 2026 07:11:59 INFO  valid result: 
recall@20 : 0.3612    mrr@20 : 0.1898
Tue 17 Feb 2026 07:12:19 INFO  epoch 10 training [time: 20.15s, train loss: 549.3900]
Tue 17 Feb 2026 07:12:22 INFO  epoch 10 evaluating [time: 2.69s, valid_score: 0.188500]
Tue 17 Feb 2026 07:12:22 INFO  valid result: 
recall@20 : 0.3609    mrr@20 : 0.1885
Tue 17 Feb 2026 07:12:22 INFO  Finished training, best eval result in epoch 4
Tue 17 Feb 2026 07:12:23 INFO  Loading model structure and parameters from saved/COREtrm-Feb-17-2026_07-08-31.pth
Tue 17 Feb 2026 07:12:28 INFO  best valid : OrderedDict([('recall@20', 0.3504), ('mrr@20', 0.1945)])
Tue 17 Feb 2026 07:12:28 INFO  test result: OrderedDict([('recall@20', 0.4499), ('mrr@20', 0.3163)])
