Mon 16 Feb 2026 21:14:25 INFO  
General Hyper Parameters:
gpu_id = 0
use_gpu = True
seed = 2020
state = INFO
reproducibility = True
data_path = ../dataset/yoochoose
checkpoint_dir = saved
show_progress = True
save_dataset = False
dataset_save_path = None
save_dataloaders = False
dataloaders_save_path = None
log_wandb = False

Training Hyper Parameters:
epochs = 20
train_batch_size = 2048
learner = adam
learning_rate = 0.001
train_neg_sample_args = {'distribution': 'none', 'sample_num': 'none', 'alpha': 'none', 'dynamic': False, 'candidate_num': 0}
eval_step = 1
stopping_step = 5
clip_grad_norm = None
weight_decay = 0.0
loss_decimal_place = 4

Evaluation Hyper Parameters:
eval_args = {'split': {'RS': [0.8, 0.1, 0.1]}, 'order': 'TO', 'group_by': 'user', 'mode': {'valid': 'full', 'test': 'full'}}
repeatable = True
metrics = ['Recall', 'MRR']
topk = [20]
valid_metric = MRR@20
valid_metric_bigger = True
eval_batch_size = 2048
metric_decimal_place = 4

Dataset Hyper Parameters:
field_separator = 	
seq_separator =  
USER_ID_FIELD = session_id
ITEM_ID_FIELD = item_id
RATING_FIELD = rating
TIME_FIELD = timestamp
seq_len = None
LABEL_FIELD = label
threshold = None
NEG_PREFIX = neg_
load_col = {'inter': ['session_id', 'item_id_list', 'item_id']}
unload_col = None
unused_col = None
additional_feat_suffix = None
rm_dup_inter = None
val_interval = None
filter_inter_by_user_or_item = True
user_inter_num_interval = [0,inf)
item_inter_num_interval = [0,inf)
alias_of_user_id = None
alias_of_item_id = ['item_id_list']
alias_of_entity_id = None
alias_of_relation_id = None
preload_weight = None
normalize_field = None
normalize_all = None
ITEM_LIST_LENGTH_FIELD = item_length
LIST_SUFFIX = _list
MAX_ITEM_LIST_LENGTH = 50
POSITION_FIELD = position_id
HEAD_ENTITY_ID_FIELD = head_id
TAIL_ENTITY_ID_FIELD = tail_id
RELATION_ID_FIELD = relation_id
ENTITY_ID_FIELD = entity_id
benchmark_filename = ['train', 'valid', 'test']

Other Hyper Parameters: 
worker = 0
wandb_project = recbole
shuffle = True
require_pow = False
enable_amp = False
enable_scaler = False
transform = None
numerical_features = []
discretization = None
kg_reverse_r = False
entity_kg_num_interval = [0,inf)
relation_kg_num_interval = [0,inf)
MODEL_TYPE = ModelType.SEQUENTIAL
device = cuda
neg_sampling = None
embedding_size = 100
inner_size = 256
n_layers = 2
n_heads = 2
hidden_dropout_prob = 0.5
attn_dropout_prob = 0.5
hidden_act = gelu
layer_norm_eps = 1e-12
initializer_range = 0.02
loss_type = CE
sess_dropout = 0.2
item_dropout = 0.2
temperature = 0.07
MODEL_INPUT_TYPE = InputType.POINTWISE
eval_type = EvaluatorType.RANKING
single_spec = True
local_rank = 0
valid_neg_sample_args = {'distribution': 'uniform', 'sample_num': 'none'}
test_neg_sample_args = {'distribution': 'uniform', 'sample_num': 'none'}


Mon 16 Feb 2026 21:14:46 INFO  yoochoose
The number of users: 1434350
Average actions of users: 1.0
The number of items: 19690
Average actions of items: 74.55036382536383
The number of inters: 1434349
The sparsity of the dataset: 99.99492128337826%
Remain Fields: ['session_id', 'item_id_list', 'item_id', 'item_length']
Mon 16 Feb 2026 21:15:04 INFO  [Training]: train_batch_size = [2048] train_neg_sample_args: [{'distribution': 'none', 'sample_num': 'none', 'alpha': 'none', 'dynamic': False, 'candidate_num': 0}]
Mon 16 Feb 2026 21:15:04 INFO  [Evaluation]: eval_batch_size = [2048] eval_args: [{'split': {'RS': [0.8, 0.1, 0.1]}, 'order': 'TO', 'group_by': 'user', 'mode': {'valid': 'full', 'test': 'full'}}]
Mon 16 Feb 2026 21:15:04 INFO  COREtrm(
  (sess_dropout): Dropout(p=0.2, inplace=False)
  (item_dropout): Dropout(p=0.2, inplace=False)
  (item_embedding): Embedding(19690, 100, padding_idx=0)
  (loss_fct): CrossEntropyLoss()
  (net): TransNet(
    (position_embedding): Embedding(50, 100)
    (trm_encoder): TransformerEncoder(
      (layer): ModuleList(
        (0-1): 2 x TransformerLayer(
          (multi_head_attention): MultiHeadAttention(
            (query): Linear(in_features=100, out_features=100, bias=True)
            (key): Linear(in_features=100, out_features=100, bias=True)
            (value): Linear(in_features=100, out_features=100, bias=True)
            (softmax): Softmax(dim=-1)
            (attn_dropout): Dropout(p=0.5, inplace=False)
            (dense): Linear(in_features=100, out_features=100, bias=True)
            (LayerNorm): LayerNorm((100,), eps=1e-12, elementwise_affine=True)
            (out_dropout): Dropout(p=0.5, inplace=False)
          )
          (feed_forward): FeedForward(
            (dense_1): Linear(in_features=100, out_features=256, bias=True)
            (dense_2): Linear(in_features=256, out_features=100, bias=True)
            (LayerNorm): LayerNorm((100,), eps=1e-12, elementwise_affine=True)
            (dropout): Dropout(p=0.5, inplace=False)
          )
        )
      )
    )
    (layer_norm): LayerNorm((100,), eps=1e-12, elementwise_affine=True)
    (dropout): Dropout(p=0.5, inplace=False)
    (attn_scorer): Sequential(
      (0): Linear(in_features=200, out_features=100, bias=True)
      (1): GELU(approximate='none')
      (2): Linear(in_features=100, out_features=1, bias=True)
    )
  )
)
Trainable parameters: 2179113
Mon 16 Feb 2026 21:15:24 INFO  epoch 0 training [time: 18.35s, train loss: 2965.4019]
Mon 16 Feb 2026 21:15:25 INFO  epoch 0 evaluating [time: 1.54s, valid_score: 0.303200]
Mon 16 Feb 2026 21:15:25 INFO  valid result: 
recall@20 : 0.6638    mrr@20 : 0.3032
Mon 16 Feb 2026 21:15:25 INFO  Saving current: saved/COREtrm-Feb-16-2026_21-15-04.pth
Mon 16 Feb 2026 21:15:44 INFO  epoch 1 training [time: 18.29s, train loss: 2388.1496]
Mon 16 Feb 2026 21:15:45 INFO  epoch 1 evaluating [time: 1.50s, valid_score: 0.308600]
Mon 16 Feb 2026 21:15:45 INFO  valid result: 
recall@20 : 0.6869    mrr@20 : 0.3086
Mon 16 Feb 2026 21:15:45 INFO  Saving current: saved/COREtrm-Feb-16-2026_21-15-04.pth
Mon 16 Feb 2026 21:16:04 INFO  epoch 2 training [time: 18.41s, train loss: 2306.9047]
Mon 16 Feb 2026 21:16:05 INFO  epoch 2 evaluating [time: 1.51s, valid_score: 0.310100]
Mon 16 Feb 2026 21:16:05 INFO  valid result: 
recall@20 : 0.6932    mrr@20 : 0.3101
Mon 16 Feb 2026 21:16:05 INFO  Saving current: saved/COREtrm-Feb-16-2026_21-15-04.pth
Mon 16 Feb 2026 21:16:24 INFO  epoch 3 training [time: 18.44s, train loss: 2275.6240]
Mon 16 Feb 2026 21:16:25 INFO  epoch 3 evaluating [time: 1.54s, valid_score: 0.310600]
Mon 16 Feb 2026 21:16:25 INFO  valid result: 
recall@20 : 0.6966    mrr@20 : 0.3106
Mon 16 Feb 2026 21:16:25 INFO  Saving current: saved/COREtrm-Feb-16-2026_21-15-04.pth
Mon 16 Feb 2026 21:16:44 INFO  epoch 4 training [time: 18.61s, train loss: 2258.8902]
Mon 16 Feb 2026 21:16:46 INFO  epoch 4 evaluating [time: 1.50s, valid_score: 0.311300]
Mon 16 Feb 2026 21:16:46 INFO  valid result: 
recall@20 : 0.6974    mrr@20 : 0.3113
Mon 16 Feb 2026 21:16:46 INFO  Saving current: saved/COREtrm-Feb-16-2026_21-15-04.pth
Mon 16 Feb 2026 21:17:04 INFO  epoch 5 training [time: 18.39s, train loss: 2248.9483]
Mon 16 Feb 2026 21:17:06 INFO  epoch 5 evaluating [time: 1.51s, valid_score: 0.311500]
Mon 16 Feb 2026 21:17:06 INFO  valid result: 
recall@20 : 0.6983    mrr@20 : 0.3115
Mon 16 Feb 2026 21:17:06 INFO  Saving current: saved/COREtrm-Feb-16-2026_21-15-04.pth
Mon 16 Feb 2026 21:17:24 INFO  epoch 6 training [time: 18.42s, train loss: 2241.6545]
Mon 16 Feb 2026 21:17:26 INFO  epoch 6 evaluating [time: 1.44s, valid_score: 0.311300]
Mon 16 Feb 2026 21:17:26 INFO  valid result: 
recall@20 : 0.6983    mrr@20 : 0.3113
Mon 16 Feb 2026 21:17:44 INFO  epoch 7 training [time: 18.24s, train loss: 2236.3822]
Mon 16 Feb 2026 21:17:45 INFO  epoch 7 evaluating [time: 1.51s, valid_score: 0.311800]
Mon 16 Feb 2026 21:17:45 INFO  valid result: 
recall@20 : 0.6987    mrr@20 : 0.3118
Mon 16 Feb 2026 21:17:45 INFO  Saving current: saved/COREtrm-Feb-16-2026_21-15-04.pth
Mon 16 Feb 2026 21:18:04 INFO  epoch 8 training [time: 18.32s, train loss: 2232.0601]
Mon 16 Feb 2026 21:18:05 INFO  epoch 8 evaluating [time: 1.46s, valid_score: 0.311400]
Mon 16 Feb 2026 21:18:05 INFO  valid result: 
recall@20 : 0.6982    mrr@20 : 0.3114
Mon 16 Feb 2026 21:18:23 INFO  epoch 9 training [time: 18.30s, train loss: 2228.5948]
Mon 16 Feb 2026 21:18:25 INFO  epoch 9 evaluating [time: 1.50s, valid_score: 0.311600]
Mon 16 Feb 2026 21:18:25 INFO  valid result: 
recall@20 : 0.6993    mrr@20 : 0.3116
Mon 16 Feb 2026 21:18:43 INFO  epoch 10 training [time: 18.36s, train loss: 2226.0608]
Mon 16 Feb 2026 21:18:45 INFO  epoch 10 evaluating [time: 1.58s, valid_score: 0.311700]
Mon 16 Feb 2026 21:18:45 INFO  valid result: 
recall@20 : 0.6988    mrr@20 : 0.3117
Mon 16 Feb 2026 21:19:03 INFO  epoch 11 training [time: 18.38s, train loss: 2222.8968]
Mon 16 Feb 2026 21:19:05 INFO  epoch 11 evaluating [time: 1.42s, valid_score: 0.311700]
Mon 16 Feb 2026 21:19:05 INFO  valid result: 
recall@20 : 0.6997    mrr@20 : 0.3117
Mon 16 Feb 2026 21:19:23 INFO  epoch 12 training [time: 18.13s, train loss: 2220.6106]
Mon 16 Feb 2026 21:19:24 INFO  epoch 12 evaluating [time: 1.44s, valid_score: 0.311900]
Mon 16 Feb 2026 21:19:24 INFO  valid result: 
recall@20 : 0.699    mrr@20 : 0.3119
Mon 16 Feb 2026 21:19:24 INFO  Saving current: saved/COREtrm-Feb-16-2026_21-15-04.pth
Mon 16 Feb 2026 21:19:44 INFO  epoch 13 training [time: 19.63s, train loss: 2218.9528]
Mon 16 Feb 2026 21:19:45 INFO  epoch 13 evaluating [time: 1.52s, valid_score: 0.312100]
Mon 16 Feb 2026 21:19:45 INFO  valid result: 
recall@20 : 0.6996    mrr@20 : 0.3121
Mon 16 Feb 2026 21:19:46 INFO  Saving current: saved/COREtrm-Feb-16-2026_21-15-04.pth
Mon 16 Feb 2026 21:20:04 INFO  epoch 14 training [time: 18.51s, train loss: 2216.8525]
Mon 16 Feb 2026 21:20:06 INFO  epoch 14 evaluating [time: 1.51s, valid_score: 0.311900]
Mon 16 Feb 2026 21:20:06 INFO  valid result: 
recall@20 : 0.6994    mrr@20 : 0.3119
Mon 16 Feb 2026 21:20:25 INFO  epoch 15 training [time: 19.49s, train loss: 2214.9693]
Mon 16 Feb 2026 21:20:27 INFO  epoch 15 evaluating [time: 1.94s, valid_score: 0.312700]
Mon 16 Feb 2026 21:20:27 INFO  valid result: 
recall@20 : 0.6996    mrr@20 : 0.3127
Mon 16 Feb 2026 21:20:27 INFO  Saving current: saved/COREtrm-Feb-16-2026_21-15-04.pth
Mon 16 Feb 2026 21:20:47 INFO  epoch 16 training [time: 19.56s, train loss: 2213.4462]
Mon 16 Feb 2026 21:20:48 INFO  epoch 16 evaluating [time: 1.54s, valid_score: 0.312200]
Mon 16 Feb 2026 21:20:48 INFO  valid result: 
recall@20 : 0.6997    mrr@20 : 0.3122
Mon 16 Feb 2026 21:21:07 INFO  epoch 17 training [time: 18.74s, train loss: 2212.1132]
Mon 16 Feb 2026 21:21:09 INFO  epoch 17 evaluating [time: 1.71s, valid_score: 0.312200]
Mon 16 Feb 2026 21:21:09 INFO  valid result: 
recall@20 : 0.6993    mrr@20 : 0.3122
Mon 16 Feb 2026 21:21:27 INFO  epoch 18 training [time: 18.17s, train loss: 2211.3033]
Mon 16 Feb 2026 21:21:28 INFO  epoch 18 evaluating [time: 1.45s, valid_score: 0.312600]
Mon 16 Feb 2026 21:21:28 INFO  valid result: 
recall@20 : 0.6997    mrr@20 : 0.3126
Mon 16 Feb 2026 21:21:46 INFO  epoch 19 training [time: 17.99s, train loss: 2209.9953]
Mon 16 Feb 2026 21:21:48 INFO  epoch 19 evaluating [time: 1.42s, valid_score: 0.312400]
Mon 16 Feb 2026 21:21:48 INFO  valid result: 
recall@20 : 0.6996    mrr@20 : 0.3124
Mon 16 Feb 2026 21:21:48 INFO  Loading model structure and parameters from saved/COREtrm-Feb-16-2026_21-15-04.pth
Mon 16 Feb 2026 21:21:49 INFO  best valid : OrderedDict([('recall@20', 0.6996), ('mrr@20', 0.3127)])
Mon 16 Feb 2026 21:21:49 INFO  test result: OrderedDict([('recall@20', 0.6458), ('mrr@20', 0.2821)])
