Mon 16 Feb 2026 21:30:31 INFO  
General Hyper Parameters:
gpu_id = 0
use_gpu = True
seed = 2020
state = INFO
reproducibility = True
data_path = ../dataset/nowplaying
checkpoint_dir = saved
show_progress = True
save_dataset = False
dataset_save_path = None
save_dataloaders = False
dataloaders_save_path = None
log_wandb = False

Training Hyper Parameters:
epochs = 20
train_batch_size = 2048
learner = adam
learning_rate = 0.001
train_neg_sample_args = {'distribution': 'none', 'sample_num': 'none', 'alpha': 'none', 'dynamic': False, 'candidate_num': 0}
eval_step = 1
stopping_step = 5
clip_grad_norm = None
weight_decay = 0.0
loss_decimal_place = 4

Evaluation Hyper Parameters:
eval_args = {'split': {'RS': [0.8, 0.1, 0.1]}, 'order': 'TO', 'group_by': 'None', 'mode': {'valid': 'full', 'test': 'full'}}
repeatable = True
metrics = ['Recall', 'MRR']
topk = [20]
valid_metric = MRR@20
valid_metric_bigger = True
eval_batch_size = 2048
metric_decimal_place = 4

Dataset Hyper Parameters:
field_separator = 	
seq_separator =  
USER_ID_FIELD = session_id
ITEM_ID_FIELD = item_id
RATING_FIELD = rating
TIME_FIELD = timestamp
seq_len = None
LABEL_FIELD = label
threshold = None
NEG_PREFIX = neg_
load_col = {'inter': ['session_id', 'item_id_list', 'item_id']}
unload_col = None
unused_col = None
additional_feat_suffix = None
rm_dup_inter = None
val_interval = None
filter_inter_by_user_or_item = True
user_inter_num_interval = [0,inf)
item_inter_num_interval = [0,inf)
alias_of_user_id = None
alias_of_item_id = ['item_id_list']
alias_of_entity_id = None
alias_of_relation_id = None
preload_weight = None
normalize_field = None
normalize_all = None
ITEM_LIST_LENGTH_FIELD = item_length
LIST_SUFFIX = _list
MAX_ITEM_LIST_LENGTH = 50
POSITION_FIELD = position_id
HEAD_ENTITY_ID_FIELD = head_id
TAIL_ENTITY_ID_FIELD = tail_id
RELATION_ID_FIELD = relation_id
ENTITY_ID_FIELD = entity_id
benchmark_filename = ['train', 'valid', 'test']

Other Hyper Parameters: 
worker = 0
wandb_project = recbole
shuffle = True
require_pow = False
enable_amp = False
enable_scaler = False
transform = None
numerical_features = []
discretization = None
kg_reverse_r = False
entity_kg_num_interval = [0,inf)
relation_kg_num_interval = [0,inf)
MODEL_TYPE = ModelType.SEQUENTIAL
device = cuda
neg_sampling = None
embedding_size = 100
inner_size = 256
n_layers = 2
n_heads = 2
hidden_dropout_prob = 0.5
attn_dropout_prob = 0.5
hidden_act = gelu
layer_norm_eps = 1e-12
initializer_range = 0.02
loss_type = CE
sess_dropout = 0.2
item_dropout = 0.2
temperature = 0.07
MODEL_INPUT_TYPE = InputType.POINTWISE
eval_type = EvaluatorType.RANKING
single_spec = True
local_rank = 0
valid_neg_sample_args = {'distribution': 'uniform', 'sample_num': 'none'}
test_neg_sample_args = {'distribution': 'uniform', 'sample_num': 'none'}


Mon 16 Feb 2026 21:30:56 INFO  nowplaying
The number of users: 1085411
Average actions of users: 1.0
The number of items: 59593
Average actions of items: 18.22166635888999
The number of inters: 1085410
The sparsity of the dataset: 99.99832195211067%
Remain Fields: ['session_id', 'item_id_list', 'item_id', 'item_length']
Mon 16 Feb 2026 21:31:14 INFO  [Training]: train_batch_size = [2048] train_neg_sample_args: [{'distribution': 'none', 'sample_num': 'none', 'alpha': 'none', 'dynamic': False, 'candidate_num': 0}]
Mon 16 Feb 2026 21:31:14 INFO  [Evaluation]: eval_batch_size = [2048] eval_args: [{'split': {'RS': [0.8, 0.1, 0.1]}, 'order': 'TO', 'group_by': 'None', 'mode': {'valid': 'full', 'test': 'full'}}]
Mon 16 Feb 2026 21:31:15 INFO  COREtrm(
  (sess_dropout): Dropout(p=0.2, inplace=False)
  (item_dropout): Dropout(p=0.2, inplace=False)
  (item_embedding): Embedding(59593, 100, padding_idx=0)
  (loss_fct): CrossEntropyLoss()
  (net): TransNet(
    (position_embedding): Embedding(50, 100)
    (trm_encoder): TransformerEncoder(
      (layer): ModuleList(
        (0-1): 2 x TransformerLayer(
          (multi_head_attention): MultiHeadAttention(
            (query): Linear(in_features=100, out_features=100, bias=True)
            (key): Linear(in_features=100, out_features=100, bias=True)
            (value): Linear(in_features=100, out_features=100, bias=True)
            (softmax): Softmax(dim=-1)
            (attn_dropout): Dropout(p=0.5, inplace=False)
            (dense): Linear(in_features=100, out_features=100, bias=True)
            (LayerNorm): LayerNorm((100,), eps=1e-12, elementwise_affine=True)
            (out_dropout): Dropout(p=0.5, inplace=False)
          )
          (feed_forward): FeedForward(
            (dense_1): Linear(in_features=100, out_features=256, bias=True)
            (dense_2): Linear(in_features=256, out_features=100, bias=True)
            (LayerNorm): LayerNorm((100,), eps=1e-12, elementwise_affine=True)
            (dropout): Dropout(p=0.5, inplace=False)
          )
        )
      )
    )
    (layer_norm): LayerNorm((100,), eps=1e-12, elementwise_affine=True)
    (dropout): Dropout(p=0.5, inplace=False)
    (attn_scorer): Sequential(
      (0): Linear(in_features=200, out_features=100, bias=True)
      (1): GELU(approximate='none')
      (2): Linear(in_features=100, out_features=1, bias=True)
    )
  )
)
Trainable parameters: 6169413
Mon 16 Feb 2026 21:31:54 INFO  epoch 0 training [time: 37.90s, train loss: 4299.8000]
Mon 16 Feb 2026 21:31:57 INFO  epoch 0 evaluating [time: 3.00s, valid_score: 0.061800]
Mon 16 Feb 2026 21:31:57 INFO  valid result: 
recall@20 : 0.1605    mrr@20 : 0.0618
Mon 16 Feb 2026 21:31:57 INFO  Saving current: saved/COREtrm-Feb-16-2026_21-31-15.pth
Mon 16 Feb 2026 21:32:35 INFO  epoch 1 training [time: 37.45s, train loss: 3302.6704]
Mon 16 Feb 2026 21:32:38 INFO  epoch 1 evaluating [time: 3.11s, valid_score: 0.071500]
Mon 16 Feb 2026 21:32:38 INFO  valid result: 
recall@20 : 0.2093    mrr@20 : 0.0715
Mon 16 Feb 2026 21:32:38 INFO  Saving current: saved/COREtrm-Feb-16-2026_21-31-15.pth
Mon 16 Feb 2026 21:33:14 INFO  epoch 2 training [time: 35.59s, train loss: 2950.9198]
Mon 16 Feb 2026 21:33:17 INFO  epoch 2 evaluating [time: 2.94s, valid_score: 0.075900]
Mon 16 Feb 2026 21:33:17 INFO  valid result: 
recall@20 : 0.2294    mrr@20 : 0.0759
Mon 16 Feb 2026 21:33:17 INFO  Saving current: saved/COREtrm-Feb-16-2026_21-31-15.pth
Mon 16 Feb 2026 21:33:53 INFO  epoch 3 training [time: 36.30s, train loss: 2797.1713]
Mon 16 Feb 2026 21:33:58 INFO  epoch 3 evaluating [time: 4.46s, valid_score: 0.077400]
Mon 16 Feb 2026 21:33:58 INFO  valid result: 
recall@20 : 0.2383    mrr@20 : 0.0774
Mon 16 Feb 2026 21:33:58 INFO  Saving current: saved/COREtrm-Feb-16-2026_21-31-15.pth
Mon 16 Feb 2026 21:34:36 INFO  epoch 4 training [time: 38.03s, train loss: 2718.6038]
Mon 16 Feb 2026 21:34:39 INFO  epoch 4 evaluating [time: 3.01s, valid_score: 0.078500]
Mon 16 Feb 2026 21:34:39 INFO  valid result: 
recall@20 : 0.2437    mrr@20 : 0.0785
Mon 16 Feb 2026 21:34:39 INFO  Saving current: saved/COREtrm-Feb-16-2026_21-31-15.pth
Mon 16 Feb 2026 21:35:16 INFO  epoch 5 training [time: 37.08s, train loss: 2670.7493]
Mon 16 Feb 2026 21:35:20 INFO  epoch 5 evaluating [time: 4.14s, valid_score: 0.079200]
Mon 16 Feb 2026 21:35:20 INFO  valid result: 
recall@20 : 0.2464    mrr@20 : 0.0792
Mon 16 Feb 2026 21:35:21 INFO  Saving current: saved/COREtrm-Feb-16-2026_21-31-15.pth
Mon 16 Feb 2026 21:35:46 INFO  epoch 6 training [time: 25.57s, train loss: 2638.9239]
Mon 16 Feb 2026 21:35:48 INFO  epoch 6 evaluating [time: 1.61s, valid_score: 0.079600]
Mon 16 Feb 2026 21:35:48 INFO  valid result: 
recall@20 : 0.2485    mrr@20 : 0.0796
Mon 16 Feb 2026 21:35:48 INFO  Saving current: saved/COREtrm-Feb-16-2026_21-31-15.pth
Mon 16 Feb 2026 21:36:06 INFO  epoch 7 training [time: 17.85s, train loss: 2615.1563]
Mon 16 Feb 2026 21:36:08 INFO  epoch 7 evaluating [time: 1.89s, valid_score: 0.080000]
Mon 16 Feb 2026 21:36:08 INFO  valid result: 
recall@20 : 0.2483    mrr@20 : 0.08
Mon 16 Feb 2026 21:36:08 INFO  Saving current: saved/COREtrm-Feb-16-2026_21-31-15.pth
Mon 16 Feb 2026 21:36:26 INFO  epoch 8 training [time: 17.98s, train loss: 2597.3259]
Mon 16 Feb 2026 21:36:27 INFO  epoch 8 evaluating [time: 1.24s, valid_score: 0.080300]
Mon 16 Feb 2026 21:36:27 INFO  valid result: 
recall@20 : 0.2496    mrr@20 : 0.0803
Mon 16 Feb 2026 21:36:28 INFO  Saving current: saved/COREtrm-Feb-16-2026_21-31-15.pth
Mon 16 Feb 2026 21:36:45 INFO  epoch 9 training [time: 17.42s, train loss: 2583.3267]
Mon 16 Feb 2026 21:36:46 INFO  epoch 9 evaluating [time: 1.22s, valid_score: 0.080800]
Mon 16 Feb 2026 21:36:46 INFO  valid result: 
recall@20 : 0.2503    mrr@20 : 0.0808
Mon 16 Feb 2026 21:36:46 INFO  Saving current: saved/COREtrm-Feb-16-2026_21-31-15.pth
Mon 16 Feb 2026 21:37:04 INFO  epoch 10 training [time: 17.51s, train loss: 2572.0989]
Mon 16 Feb 2026 21:37:06 INFO  epoch 10 evaluating [time: 1.58s, valid_score: 0.080700]
Mon 16 Feb 2026 21:37:06 INFO  valid result: 
recall@20 : 0.2512    mrr@20 : 0.0807
Mon 16 Feb 2026 21:37:23 INFO  epoch 11 training [time: 17.31s, train loss: 2561.7231]
Mon 16 Feb 2026 21:37:24 INFO  epoch 11 evaluating [time: 1.58s, valid_score: 0.080600]
Mon 16 Feb 2026 21:37:24 INFO  valid result: 
recall@20 : 0.2506    mrr@20 : 0.0806
Mon 16 Feb 2026 21:37:43 INFO  epoch 12 training [time: 18.27s, train loss: 2554.6624]
Mon 16 Feb 2026 21:37:44 INFO  epoch 12 evaluating [time: 1.58s, valid_score: 0.080400]
Mon 16 Feb 2026 21:37:44 INFO  valid result: 
recall@20 : 0.2501    mrr@20 : 0.0804
Mon 16 Feb 2026 21:38:02 INFO  epoch 13 training [time: 17.37s, train loss: 2546.6947]
Mon 16 Feb 2026 21:38:03 INFO  epoch 13 evaluating [time: 1.24s, valid_score: 0.080700]
Mon 16 Feb 2026 21:38:03 INFO  valid result: 
recall@20 : 0.251    mrr@20 : 0.0807
Mon 16 Feb 2026 21:38:20 INFO  epoch 14 training [time: 17.47s, train loss: 2540.0212]
Mon 16 Feb 2026 21:38:22 INFO  epoch 14 evaluating [time: 1.94s, valid_score: 0.080800]
Mon 16 Feb 2026 21:38:22 INFO  valid result: 
recall@20 : 0.252    mrr@20 : 0.0808
Mon 16 Feb 2026 21:38:23 INFO  Saving current: saved/COREtrm-Feb-16-2026_21-31-15.pth
Mon 16 Feb 2026 21:38:40 INFO  epoch 15 training [time: 17.69s, train loss: 2534.3404]
Mon 16 Feb 2026 21:38:42 INFO  epoch 15 evaluating [time: 1.27s, valid_score: 0.080800]
Mon 16 Feb 2026 21:38:42 INFO  valid result: 
recall@20 : 0.2518    mrr@20 : 0.0808
Mon 16 Feb 2026 21:38:42 INFO  Saving current: saved/COREtrm-Feb-16-2026_21-31-15.pth
Mon 16 Feb 2026 21:38:59 INFO  epoch 16 training [time: 17.67s, train loss: 2529.1349]
Mon 16 Feb 2026 21:39:01 INFO  epoch 16 evaluating [time: 1.30s, valid_score: 0.081000]
Mon 16 Feb 2026 21:39:01 INFO  valid result: 
recall@20 : 0.2527    mrr@20 : 0.081
Mon 16 Feb 2026 21:39:01 INFO  Saving current: saved/COREtrm-Feb-16-2026_21-31-15.pth
Mon 16 Feb 2026 21:39:19 INFO  epoch 17 training [time: 17.64s, train loss: 2525.2473]
Mon 16 Feb 2026 21:39:21 INFO  epoch 17 evaluating [time: 1.93s, valid_score: 0.080800]
Mon 16 Feb 2026 21:39:21 INFO  valid result: 
recall@20 : 0.2522    mrr@20 : 0.0808
Mon 16 Feb 2026 21:39:38 INFO  epoch 18 training [time: 17.67s, train loss: 2520.4348]
Mon 16 Feb 2026 21:39:40 INFO  epoch 18 evaluating [time: 1.25s, valid_score: 0.080600]
Mon 16 Feb 2026 21:39:40 INFO  valid result: 
recall@20 : 0.252    mrr@20 : 0.0806
Mon 16 Feb 2026 21:39:57 INFO  epoch 19 training [time: 17.72s, train loss: 2517.4473]
Mon 16 Feb 2026 21:39:59 INFO  epoch 19 evaluating [time: 1.28s, valid_score: 0.080700]
Mon 16 Feb 2026 21:39:59 INFO  valid result: 
recall@20 : 0.2518    mrr@20 : 0.0807
Mon 16 Feb 2026 21:39:59 INFO  Loading model structure and parameters from saved/COREtrm-Feb-16-2026_21-31-15.pth
Mon 16 Feb 2026 21:40:00 INFO  best valid : OrderedDict([('recall@20', 0.2527), ('mrr@20', 0.081)])
Mon 16 Feb 2026 21:40:00 INFO  test result: OrderedDict([('recall@20', 0.2173), ('mrr@20', 0.0745)])
