Mon 16 Feb 2026 20:54:42 INFO  
General Hyper Parameters:
gpu_id = 0
use_gpu = True
seed = 2020
state = INFO
reproducibility = True
data_path = ../dataset/diginetica
checkpoint_dir = saved
show_progress = True
save_dataset = False
dataset_save_path = None
save_dataloaders = False
dataloaders_save_path = None
log_wandb = False

Training Hyper Parameters:
epochs = 20
train_batch_size = 2048
learner = adam
learning_rate = 0.001
train_neg_sample_args = {'distribution': 'none', 'sample_num': 'none', 'alpha': 'none', 'dynamic': False, 'candidate_num': 0}
eval_step = 1
stopping_step = 5
clip_grad_norm = None
weight_decay = 0.0
loss_decimal_place = 4

Evaluation Hyper Parameters:
eval_args = {'split': {'RS': [0.8, 0.1, 0.1]}, 'order': 'TO', 'group_by': 'user', 'mode': {'valid': 'full', 'test': 'full'}}
repeatable = True
metrics = ['Recall', 'MRR']
topk = [20]
valid_metric = MRR@20
valid_metric_bigger = True
eval_batch_size = 2048
metric_decimal_place = 4

Dataset Hyper Parameters:
field_separator = 	
seq_separator =  
USER_ID_FIELD = session_id
ITEM_ID_FIELD = item_id
RATING_FIELD = rating
TIME_FIELD = timestamp
seq_len = None
LABEL_FIELD = label
threshold = None
NEG_PREFIX = neg_
load_col = {'inter': ['session_id', 'item_id_list', 'item_id']}
unload_col = None
unused_col = None
additional_feat_suffix = None
rm_dup_inter = None
val_interval = None
filter_inter_by_user_or_item = True
user_inter_num_interval = [0,inf)
item_inter_num_interval = [0,inf)
alias_of_user_id = None
alias_of_item_id = ['item_id_list']
alias_of_entity_id = None
alias_of_relation_id = None
preload_weight = None
normalize_field = None
normalize_all = None
ITEM_LIST_LENGTH_FIELD = item_length
LIST_SUFFIX = _list
MAX_ITEM_LIST_LENGTH = 50
POSITION_FIELD = position_id
HEAD_ENTITY_ID_FIELD = head_id
TAIL_ENTITY_ID_FIELD = tail_id
RELATION_ID_FIELD = relation_id
ENTITY_ID_FIELD = entity_id
benchmark_filename = ['train', 'valid', 'test']

Other Hyper Parameters: 
worker = 0
wandb_project = recbole
shuffle = True
require_pow = False
enable_amp = False
enable_scaler = False
transform = None
numerical_features = []
discretization = None
kg_reverse_r = False
entity_kg_num_interval = [0,inf)
relation_kg_num_interval = [0,inf)
MODEL_TYPE = ModelType.SEQUENTIAL
device = cuda
neg_sampling = None
embedding_size = 100
inner_size = 256
n_layers = 2
n_heads = 2
hidden_dropout_prob = 0.5
attn_dropout_prob = 0.5
hidden_act = gelu
layer_norm_eps = 1e-12
initializer_range = 0.02
loss_type = CE
sess_dropout = 0.2
item_dropout = 0.2
temperature = 0.07
MODEL_INPUT_TYPE = InputType.POINTWISE
eval_type = EvaluatorType.RANKING
single_spec = True
local_rank = 0
valid_neg_sample_args = {'distribution': 'uniform', 'sample_num': 'none'}
test_neg_sample_args = {'distribution': 'uniform', 'sample_num': 'none'}


Mon 16 Feb 2026 20:54:54 INFO  diginetica
The number of users: 786583
Average actions of users: 1.0
The number of items: 42862
Average actions of items: 18.35535435092059
The number of inters: 786582
The sparsity of the dataset: 99.99766693404723%
Remain Fields: ['session_id', 'item_id_list', 'item_id', 'item_length']
Mon 16 Feb 2026 20:55:05 INFO  [Training]: train_batch_size = [2048] train_neg_sample_args: [{'distribution': 'none', 'sample_num': 'none', 'alpha': 'none', 'dynamic': False, 'candidate_num': 0}]
Mon 16 Feb 2026 20:55:05 INFO  [Evaluation]: eval_batch_size = [2048] eval_args: [{'split': {'RS': [0.8, 0.1, 0.1]}, 'order': 'TO', 'group_by': 'user', 'mode': {'valid': 'full', 'test': 'full'}}]
Mon 16 Feb 2026 20:55:05 INFO  COREtrm(
  (sess_dropout): Dropout(p=0.2, inplace=False)
  (item_dropout): Dropout(p=0.2, inplace=False)
  (item_embedding): Embedding(42862, 100, padding_idx=0)
  (loss_fct): CrossEntropyLoss()
  (net): TransNet(
    (position_embedding): Embedding(50, 100)
    (trm_encoder): TransformerEncoder(
      (layer): ModuleList(
        (0-1): 2 x TransformerLayer(
          (multi_head_attention): MultiHeadAttention(
            (query): Linear(in_features=100, out_features=100, bias=True)
            (key): Linear(in_features=100, out_features=100, bias=True)
            (value): Linear(in_features=100, out_features=100, bias=True)
            (softmax): Softmax(dim=-1)
            (attn_dropout): Dropout(p=0.5, inplace=False)
            (dense): Linear(in_features=100, out_features=100, bias=True)
            (LayerNorm): LayerNorm((100,), eps=1e-12, elementwise_affine=True)
            (out_dropout): Dropout(p=0.5, inplace=False)
          )
          (feed_forward): FeedForward(
            (dense_1): Linear(in_features=100, out_features=256, bias=True)
            (dense_2): Linear(in_features=256, out_features=100, bias=True)
            (LayerNorm): LayerNorm((100,), eps=1e-12, elementwise_affine=True)
            (dropout): Dropout(p=0.5, inplace=False)
          )
        )
      )
    )
    (layer_norm): LayerNorm((100,), eps=1e-12, elementwise_affine=True)
    (dropout): Dropout(p=0.5, inplace=False)
    (attn_scorer): Sequential(
      (0): Linear(in_features=200, out_features=100, bias=True)
      (1): GELU(approximate='none')
      (2): Linear(in_features=100, out_features=1, bias=True)
    )
  )
)
Trainable parameters: 4496313
Mon 16 Feb 2026 20:55:18 INFO  epoch 0 training [time: 11.61s, train loss: 2773.1333]
Mon 16 Feb 2026 20:55:19 INFO  epoch 0 evaluating [time: 0.87s, valid_score: 0.162600]
Mon 16 Feb 2026 20:55:19 INFO  valid result: 
recall@20 : 0.3876    mrr@20 : 0.1626
Mon 16 Feb 2026 20:55:19 INFO  Saving current: saved/COREtrm-Feb-16-2026_20-55-05.pth
Mon 16 Feb 2026 20:55:31 INFO  epoch 1 training [time: 11.27s, train loss: 1920.3520]
Mon 16 Feb 2026 20:55:31 INFO  epoch 1 evaluating [time: 0.85s, valid_score: 0.178000]
Mon 16 Feb 2026 20:55:31 INFO  valid result: 
recall@20 : 0.4763    mrr@20 : 0.178
Mon 16 Feb 2026 20:55:32 INFO  Saving current: saved/COREtrm-Feb-16-2026_20-55-05.pth
Mon 16 Feb 2026 20:55:43 INFO  epoch 2 training [time: 11.37s, train loss: 1628.3892]
Mon 16 Feb 2026 20:55:44 INFO  epoch 2 evaluating [time: 0.85s, valid_score: 0.182200]
Mon 16 Feb 2026 20:55:44 INFO  valid result: 
recall@20 : 0.5039    mrr@20 : 0.1822
Mon 16 Feb 2026 20:55:44 INFO  Saving current: saved/COREtrm-Feb-16-2026_20-55-05.pth
Mon 16 Feb 2026 20:55:55 INFO  epoch 3 training [time: 11.28s, train loss: 1520.5072]
Mon 16 Feb 2026 20:55:56 INFO  epoch 3 evaluating [time: 0.83s, valid_score: 0.184200]
Mon 16 Feb 2026 20:55:56 INFO  valid result: 
recall@20 : 0.5156    mrr@20 : 0.1842
Mon 16 Feb 2026 20:55:56 INFO  Saving current: saved/COREtrm-Feb-16-2026_20-55-05.pth
Mon 16 Feb 2026 20:56:08 INFO  epoch 4 training [time: 11.30s, train loss: 1470.9352]
Mon 16 Feb 2026 20:56:08 INFO  epoch 4 evaluating [time: 0.84s, valid_score: 0.184700]
Mon 16 Feb 2026 20:56:08 INFO  valid result: 
recall@20 : 0.5213    mrr@20 : 0.1847
Mon 16 Feb 2026 20:56:09 INFO  Saving current: saved/COREtrm-Feb-16-2026_20-55-05.pth
Mon 16 Feb 2026 20:56:20 INFO  epoch 5 training [time: 11.35s, train loss: 1444.0718]
Mon 16 Feb 2026 20:56:21 INFO  epoch 5 evaluating [time: 0.85s, valid_score: 0.185200]
Mon 16 Feb 2026 20:56:21 INFO  valid result: 
recall@20 : 0.5239    mrr@20 : 0.1852
Mon 16 Feb 2026 20:56:21 INFO  Saving current: saved/COREtrm-Feb-16-2026_20-55-05.pth
Mon 16 Feb 2026 20:56:32 INFO  epoch 6 training [time: 11.48s, train loss: 1427.2928]
Mon 16 Feb 2026 20:56:33 INFO  epoch 6 evaluating [time: 0.87s, valid_score: 0.185600]
Mon 16 Feb 2026 20:56:33 INFO  valid result: 
recall@20 : 0.526    mrr@20 : 0.1856
Mon 16 Feb 2026 20:56:34 INFO  Saving current: saved/COREtrm-Feb-16-2026_20-55-05.pth
Mon 16 Feb 2026 20:56:45 INFO  epoch 7 training [time: 11.53s, train loss: 1415.2244]
Mon 16 Feb 2026 20:56:46 INFO  epoch 7 evaluating [time: 0.87s, valid_score: 0.185500]
Mon 16 Feb 2026 20:56:46 INFO  valid result: 
recall@20 : 0.5271    mrr@20 : 0.1855
Mon 16 Feb 2026 20:56:57 INFO  epoch 8 training [time: 11.55s, train loss: 1406.5027]
Mon 16 Feb 2026 20:56:58 INFO  epoch 8 evaluating [time: 0.87s, valid_score: 0.185800]
Mon 16 Feb 2026 20:56:58 INFO  valid result: 
recall@20 : 0.5284    mrr@20 : 0.1858
Mon 16 Feb 2026 20:56:58 INFO  Saving current: saved/COREtrm-Feb-16-2026_20-55-05.pth
Mon 16 Feb 2026 20:57:10 INFO  epoch 9 training [time: 11.52s, train loss: 1400.1569]
Mon 16 Feb 2026 20:57:11 INFO  epoch 9 evaluating [time: 0.87s, valid_score: 0.185400]
Mon 16 Feb 2026 20:57:11 INFO  valid result: 
recall@20 : 0.5284    mrr@20 : 0.1854
Mon 16 Feb 2026 20:57:22 INFO  epoch 10 training [time: 11.53s, train loss: 1394.0377]
Mon 16 Feb 2026 20:57:23 INFO  epoch 10 evaluating [time: 0.87s, valid_score: 0.185400]
Mon 16 Feb 2026 20:57:23 INFO  valid result: 
recall@20 : 0.5288    mrr@20 : 0.1854
Mon 16 Feb 2026 20:57:35 INFO  epoch 11 training [time: 11.55s, train loss: 1389.5070]
Mon 16 Feb 2026 20:57:36 INFO  epoch 11 evaluating [time: 0.86s, valid_score: 0.185600]
Mon 16 Feb 2026 20:57:36 INFO  valid result: 
recall@20 : 0.5293    mrr@20 : 0.1856
Mon 16 Feb 2026 20:57:47 INFO  epoch 12 training [time: 11.43s, train loss: 1385.3259]
Mon 16 Feb 2026 20:57:48 INFO  epoch 12 evaluating [time: 0.83s, valid_score: 0.185700]
Mon 16 Feb 2026 20:57:48 INFO  valid result: 
recall@20 : 0.529    mrr@20 : 0.1857
Mon 16 Feb 2026 20:57:59 INFO  epoch 13 training [time: 11.33s, train loss: 1381.7935]
Mon 16 Feb 2026 20:58:00 INFO  epoch 13 evaluating [time: 0.83s, valid_score: 0.185500]
Mon 16 Feb 2026 20:58:00 INFO  valid result: 
recall@20 : 0.5287    mrr@20 : 0.1855
Mon 16 Feb 2026 20:58:11 INFO  epoch 14 training [time: 11.30s, train loss: 1379.3447]
Mon 16 Feb 2026 20:58:12 INFO  epoch 14 evaluating [time: 0.83s, valid_score: 0.185800]
Mon 16 Feb 2026 20:58:12 INFO  valid result: 
recall@20 : 0.5295    mrr@20 : 0.1858
Mon 16 Feb 2026 20:58:12 INFO  Saving current: saved/COREtrm-Feb-16-2026_20-55-05.pth
Mon 16 Feb 2026 20:58:24 INFO  epoch 15 training [time: 11.31s, train loss: 1375.7873]
Mon 16 Feb 2026 20:58:25 INFO  epoch 15 evaluating [time: 0.84s, valid_score: 0.185500]
Mon 16 Feb 2026 20:58:25 INFO  valid result: 
recall@20 : 0.5288    mrr@20 : 0.1855
Mon 16 Feb 2026 20:58:36 INFO  epoch 16 training [time: 11.37s, train loss: 1373.2420]
Mon 16 Feb 2026 20:58:37 INFO  epoch 16 evaluating [time: 0.84s, valid_score: 0.185500]
Mon 16 Feb 2026 20:58:37 INFO  valid result: 
recall@20 : 0.5286    mrr@20 : 0.1855
Mon 16 Feb 2026 20:58:48 INFO  epoch 17 training [time: 11.32s, train loss: 1370.6657]
Mon 16 Feb 2026 20:58:49 INFO  epoch 17 evaluating [time: 0.84s, valid_score: 0.185400]
Mon 16 Feb 2026 20:58:49 INFO  valid result: 
recall@20 : 0.5283    mrr@20 : 0.1854
Mon 16 Feb 2026 20:59:00 INFO  epoch 18 training [time: 11.38s, train loss: 1368.8350]
Mon 16 Feb 2026 20:59:01 INFO  epoch 18 evaluating [time: 0.85s, valid_score: 0.185600]
Mon 16 Feb 2026 20:59:01 INFO  valid result: 
recall@20 : 0.5281    mrr@20 : 0.1856
Mon 16 Feb 2026 20:59:13 INFO  epoch 19 training [time: 11.43s, train loss: 1367.0441]
Mon 16 Feb 2026 20:59:13 INFO  epoch 19 evaluating [time: 0.87s, valid_score: 0.185300]
Mon 16 Feb 2026 20:59:13 INFO  valid result: 
recall@20 : 0.5287    mrr@20 : 0.1853
Mon 16 Feb 2026 20:59:14 INFO  Loading model structure and parameters from saved/COREtrm-Feb-16-2026_20-55-05.pth
Mon 16 Feb 2026 20:59:14 INFO  best valid : OrderedDict([('recall@20', 0.5295), ('mrr@20', 0.1858)])
Mon 16 Feb 2026 20:59:14 INFO  test result: OrderedDict([('recall@20', 0.5287), ('mrr@20', 0.1866)])
