Tue 17 Feb 2026 18:22:20 INFO  
General Hyper Parameters:
gpu_id = 0
use_gpu = True
seed = 2020
state = INFO
reproducibility = True
data_path = ../dataset/diginetica
checkpoint_dir = saved
show_progress = True
save_dataset = False
dataset_save_path = None
save_dataloaders = False
dataloaders_save_path = None
log_wandb = False

Training Hyper Parameters:
epochs = 20
train_batch_size = 2048
learner = adam
learning_rate = 0.001
train_neg_sample_args = {'distribution': 'none', 'sample_num': 'none', 'alpha': 'none', 'dynamic': False, 'candidate_num': 0}
eval_step = 1
stopping_step = 5
clip_grad_norm = None
weight_decay = 0.0
loss_decimal_place = 4

Evaluation Hyper Parameters:
eval_args = {'split': {'RS': [0.8, 0.1, 0.1]}, 'order': 'TO', 'group_by': 'user', 'mode': {'valid': 'full', 'test': 'full'}, 'train_neg_sample_args': None}
repeatable = True
metrics = ['Recall', 'MRR']
topk = [20]
valid_metric = MRR@20
valid_metric_bigger = True
eval_batch_size = 2048
metric_decimal_place = 4

Dataset Hyper Parameters:
field_separator = 	
seq_separator =  
USER_ID_FIELD = session_id
ITEM_ID_FIELD = item_id
RATING_FIELD = rating
TIME_FIELD = timestamp
seq_len = None
LABEL_FIELD = label
threshold = None
NEG_PREFIX = neg_
load_col = {'inter': ['session_id', 'item_id_list', 'item_id']}
unload_col = None
unused_col = None
additional_feat_suffix = None
rm_dup_inter = None
val_interval = None
filter_inter_by_user_or_item = True
user_inter_num_interval = [0,inf)
item_inter_num_interval = [0,inf)
alias_of_user_id = None
alias_of_item_id = ['item_id_list']
alias_of_entity_id = None
alias_of_relation_id = None
preload_weight = None
normalize_field = None
normalize_all = None
ITEM_LIST_LENGTH_FIELD = item_length
LIST_SUFFIX = _list
MAX_ITEM_LIST_LENGTH = 50
POSITION_FIELD = position_id
HEAD_ENTITY_ID_FIELD = head_id
TAIL_ENTITY_ID_FIELD = tail_id
RELATION_ID_FIELD = relation_id
ENTITY_ID_FIELD = entity_id
benchmark_filename = ['train', 'valid', 'test']

Other Hyper Parameters: 
worker = 0
wandb_project = recbole
shuffle = True
require_pow = False
enable_amp = False
enable_scaler = False
transform = None
numerical_features = []
discretization = None
kg_reverse_r = False
entity_kg_num_interval = [0,inf)
relation_kg_num_interval = [0,inf)
MODEL_TYPE = ModelType.SEQUENTIAL
device = cuda
neg_sampling = None
embedding_size = 100
inner_size = 256
n_layers = 2
n_heads = 2
hidden_dropout_prob = 0.5
attn_dropout_prob = 0.5
hidden_act = gelu
layer_norm_eps = 1e-12
initializer_range = 0.02
loss_type = CE
sess_dropout = 0.2
item_dropout = 0.2
temperature = 0.07
use_hard_negatives = True
hard_neg_k = 5
hard_neg_lambda = 0.2
MODEL_INPUT_TYPE = InputType.POINTWISE
eval_type = EvaluatorType.RANKING
single_spec = True
local_rank = 0
valid_neg_sample_args = {'distribution': 'uniform', 'sample_num': 'none'}
test_neg_sample_args = {'distribution': 'uniform', 'sample_num': 'none'}


Tue 17 Feb 2026 18:22:26 INFO  diginetica
The number of users: 786583
Average actions of users: 1.0
The number of items: 42862
Average actions of items: 18.35535435092059
The number of inters: 786582
The sparsity of the dataset: 99.99766693404723%
Remain Fields: ['session_id', 'item_id_list', 'item_id', 'item_length']
Tue 17 Feb 2026 18:22:32 INFO  [Training]: train_batch_size = [2048] train_neg_sample_args: [{'distribution': 'none', 'sample_num': 'none', 'alpha': 'none', 'dynamic': False, 'candidate_num': 0}]
Tue 17 Feb 2026 18:22:32 INFO  [Evaluation]: eval_batch_size = [2048] eval_args: [{'split': {'RS': [0.8, 0.1, 0.1]}, 'order': 'TO', 'group_by': 'user', 'mode': {'valid': 'full', 'test': 'full'}, 'train_neg_sample_args': None}]
Tue 17 Feb 2026 18:22:33 INFO  COREtrm(
  (sess_dropout): Dropout(p=0.2, inplace=False)
  (item_dropout): Dropout(p=0.2, inplace=False)
  (item_embedding): Embedding(42862, 100, padding_idx=0)
  (loss_fct): CrossEntropyLoss()
  (net): TransNet(
    (position_embedding): Embedding(50, 100)
    (trm_encoder): TransformerEncoder(
      (layer): ModuleList(
        (0-1): 2 x TransformerLayer(
          (multi_head_attention): MultiHeadAttention(
            (query): Linear(in_features=100, out_features=100, bias=True)
            (key): Linear(in_features=100, out_features=100, bias=True)
            (value): Linear(in_features=100, out_features=100, bias=True)
            (softmax): Softmax(dim=-1)
            (attn_dropout): Dropout(p=0.5, inplace=False)
            (dense): Linear(in_features=100, out_features=100, bias=True)
            (LayerNorm): LayerNorm((100,), eps=1e-12, elementwise_affine=True)
            (out_dropout): Dropout(p=0.5, inplace=False)
          )
          (feed_forward): FeedForward(
            (dense_1): Linear(in_features=100, out_features=256, bias=True)
            (dense_2): Linear(in_features=256, out_features=100, bias=True)
            (LayerNorm): LayerNorm((100,), eps=1e-12, elementwise_affine=True)
            (dropout): Dropout(p=0.5, inplace=False)
          )
        )
      )
    )
    (layer_norm): LayerNorm((100,), eps=1e-12, elementwise_affine=True)
    (dropout): Dropout(p=0.5, inplace=False)
    (fn): Sequential(
      (0): Linear(in_features=200, out_features=100, bias=True)
      (1): GELU(approximate='none')
      (2): Linear(in_features=100, out_features=1, bias=True)
    )
  )
)
Trainable parameters: 4496313
Tue 17 Feb 2026 18:22:48 INFO  epoch 0 training [time: 13.37s, train loss: 2517.5571]
Tue 17 Feb 2026 18:22:49 INFO  epoch 0 evaluating [time: 0.90s, valid_score: 0.162200]
Tue 17 Feb 2026 18:22:49 INFO  valid result: 
recall@20 : 0.3798    mrr@20 : 0.1622
Tue 17 Feb 2026 18:22:49 INFO  Saving current: saved/COREtrm-Feb-17-2026_18-22-33.pth
Tue 17 Feb 2026 18:23:02 INFO  epoch 1 training [time: 12.64s, train loss: 1759.2943]
Tue 17 Feb 2026 18:23:03 INFO  epoch 1 evaluating [time: 0.75s, valid_score: 0.177700]
Tue 17 Feb 2026 18:23:03 INFO  valid result: 
recall@20 : 0.4718    mrr@20 : 0.1777
Tue 17 Feb 2026 18:23:03 INFO  Saving current: saved/COREtrm-Feb-17-2026_18-22-33.pth
Tue 17 Feb 2026 18:23:15 INFO  epoch 2 training [time: 12.66s, train loss: 1478.4897]
Tue 17 Feb 2026 18:23:16 INFO  epoch 2 evaluating [time: 0.75s, valid_score: 0.181500]
Tue 17 Feb 2026 18:23:16 INFO  valid result: 
recall@20 : 0.4993    mrr@20 : 0.1815
Tue 17 Feb 2026 18:23:16 INFO  Saving current: saved/COREtrm-Feb-17-2026_18-22-33.pth
Tue 17 Feb 2026 18:23:29 INFO  epoch 3 training [time: 12.70s, train loss: 1368.7492]
Tue 17 Feb 2026 18:23:30 INFO  epoch 3 evaluating [time: 0.76s, valid_score: 0.183400]
Tue 17 Feb 2026 18:23:30 INFO  valid result: 
recall@20 : 0.5134    mrr@20 : 0.1834
Tue 17 Feb 2026 18:23:30 INFO  Saving current: saved/COREtrm-Feb-17-2026_18-22-33.pth
Tue 17 Feb 2026 18:23:42 INFO  epoch 4 training [time: 12.72s, train loss: 1317.2121]
Tue 17 Feb 2026 18:23:43 INFO  epoch 4 evaluating [time: 0.82s, valid_score: 0.183700]
Tue 17 Feb 2026 18:23:43 INFO  valid result: 
recall@20 : 0.5187    mrr@20 : 0.1837
Tue 17 Feb 2026 18:23:43 INFO  Saving current: saved/COREtrm-Feb-17-2026_18-22-33.pth
Tue 17 Feb 2026 18:23:56 INFO  epoch 5 training [time: 12.79s, train loss: 1289.1980]
Tue 17 Feb 2026 18:23:57 INFO  epoch 5 evaluating [time: 0.76s, valid_score: 0.184100]
Tue 17 Feb 2026 18:23:57 INFO  valid result: 
recall@20 : 0.5207    mrr@20 : 0.1841
Tue 17 Feb 2026 18:23:57 INFO  Saving current: saved/COREtrm-Feb-17-2026_18-22-33.pth
Tue 17 Feb 2026 18:24:10 INFO  epoch 6 training [time: 12.80s, train loss: 1271.7602]
Tue 17 Feb 2026 18:24:11 INFO  epoch 6 evaluating [time: 0.77s, valid_score: 0.184500]
Tue 17 Feb 2026 18:24:11 INFO  valid result: 
recall@20 : 0.523    mrr@20 : 0.1845
Tue 17 Feb 2026 18:24:11 INFO  Saving current: saved/COREtrm-Feb-17-2026_18-22-33.pth
Tue 17 Feb 2026 18:24:24 INFO  epoch 7 training [time: 12.81s, train loss: 1259.3533]
Tue 17 Feb 2026 18:24:24 INFO  epoch 7 evaluating [time: 0.81s, valid_score: 0.184700]
Tue 17 Feb 2026 18:24:24 INFO  valid result: 
recall@20 : 0.5242    mrr@20 : 0.1847
Tue 17 Feb 2026 18:24:24 INFO  Saving current: saved/COREtrm-Feb-17-2026_18-22-33.pth
Tue 17 Feb 2026 18:24:37 INFO  epoch 8 training [time: 12.83s, train loss: 1250.4298]
Tue 17 Feb 2026 18:24:38 INFO  epoch 8 evaluating [time: 0.76s, valid_score: 0.184800]
Tue 17 Feb 2026 18:24:38 INFO  valid result: 
recall@20 : 0.5257    mrr@20 : 0.1848
Tue 17 Feb 2026 18:24:38 INFO  Saving current: saved/COREtrm-Feb-17-2026_18-22-33.pth
Tue 17 Feb 2026 18:24:51 INFO  epoch 9 training [time: 12.77s, train loss: 1244.0489]
Tue 17 Feb 2026 18:24:52 INFO  epoch 9 evaluating [time: 0.76s, valid_score: 0.184700]
Tue 17 Feb 2026 18:24:52 INFO  valid result: 
recall@20 : 0.5259    mrr@20 : 0.1847
Tue 17 Feb 2026 18:25:05 INFO  epoch 10 training [time: 12.79s, train loss: 1237.8798]
Tue 17 Feb 2026 18:25:05 INFO  epoch 10 evaluating [time: 0.76s, valid_score: 0.184300]
Tue 17 Feb 2026 18:25:05 INFO  valid result: 
recall@20 : 0.5256    mrr@20 : 0.1843
Tue 17 Feb 2026 18:25:18 INFO  epoch 11 training [time: 12.79s, train loss: 1233.3358]
Tue 17 Feb 2026 18:25:19 INFO  epoch 11 evaluating [time: 0.76s, valid_score: 0.184300]
Tue 17 Feb 2026 18:25:19 INFO  valid result: 
recall@20 : 0.5267    mrr@20 : 0.1843
Tue 17 Feb 2026 18:25:32 INFO  epoch 12 training [time: 12.81s, train loss: 1229.1784]
Tue 17 Feb 2026 18:25:32 INFO  epoch 12 evaluating [time: 0.76s, valid_score: 0.184300]
Tue 17 Feb 2026 18:25:32 INFO  valid result: 
recall@20 : 0.526    mrr@20 : 0.1843
Tue 17 Feb 2026 18:25:45 INFO  epoch 13 training [time: 12.81s, train loss: 1225.6445]
Tue 17 Feb 2026 18:25:46 INFO  epoch 13 evaluating [time: 0.76s, valid_score: 0.184400]
Tue 17 Feb 2026 18:25:46 INFO  valid result: 
recall@20 : 0.5264    mrr@20 : 0.1844
Tue 17 Feb 2026 18:25:59 INFO  epoch 14 training [time: 12.82s, train loss: 1223.2075]
Tue 17 Feb 2026 18:26:00 INFO  epoch 14 evaluating [time: 0.78s, valid_score: 0.184700]
Tue 17 Feb 2026 18:26:00 INFO  valid result: 
recall@20 : 0.5278    mrr@20 : 0.1847
Tue 17 Feb 2026 18:26:00 INFO  Finished training, best eval result in epoch 8
Tue 17 Feb 2026 18:26:00 INFO  Loading model structure and parameters from saved/COREtrm-Feb-17-2026_18-22-33.pth
Tue 17 Feb 2026 18:26:00 INFO  best valid : OrderedDict([('recall@20', 0.5257), ('mrr@20', 0.1848)])
Tue 17 Feb 2026 18:26:00 INFO  test result: OrderedDict([('recall@20', 0.5252), ('mrr@20', 0.1846)])
