Tue 17 Feb 2026 07:15:43 INFO  
General Hyper Parameters:
gpu_id = 0
use_gpu = True
seed = 2020
state = INFO
reproducibility = True
data_path = ../dataset/tmall
checkpoint_dir = saved
show_progress = True
save_dataset = False
dataset_save_path = None
save_dataloaders = False
dataloaders_save_path = None
log_wandb = False

Training Hyper Parameters:
epochs = 20
train_batch_size = 2048
learner = adam
learning_rate = 0.001
train_neg_sample_args = {'distribution': 'none', 'sample_num': 'none', 'alpha': 'none', 'dynamic': False, 'candidate_num': 0}
eval_step = 1
stopping_step = 5
clip_grad_norm = None
weight_decay = 0.0
loss_decimal_place = 4

Evaluation Hyper Parameters:
eval_args = {'split': {'RS': [0.8, 0.1, 0.1]}, 'order': 'TO', 'group_by': 'None', 'mode': {'valid': 'full', 'test': 'full'}}
repeatable = True
metrics = ['Recall', 'MRR']
topk = [20]
valid_metric = MRR@20
valid_metric_bigger = True
eval_batch_size = 2048
metric_decimal_place = 4

Dataset Hyper Parameters:
field_separator = 	
seq_separator =  
USER_ID_FIELD = session_id
ITEM_ID_FIELD = item_id
RATING_FIELD = rating
TIME_FIELD = timestamp
seq_len = None
LABEL_FIELD = label
threshold = None
NEG_PREFIX = neg_
load_col = {'inter': ['session_id', 'item_id_list', 'item_id']}
unload_col = None
unused_col = None
additional_feat_suffix = None
rm_dup_inter = None
val_interval = None
filter_inter_by_user_or_item = True
user_inter_num_interval = [0,inf)
item_inter_num_interval = [0,inf)
alias_of_user_id = None
alias_of_item_id = ['item_id_list']
alias_of_entity_id = None
alias_of_relation_id = None
preload_weight = None
normalize_field = None
normalize_all = None
ITEM_LIST_LENGTH_FIELD = item_length
LIST_SUFFIX = _list
MAX_ITEM_LIST_LENGTH = 50
POSITION_FIELD = position_id
HEAD_ENTITY_ID_FIELD = head_id
TAIL_ENTITY_ID_FIELD = tail_id
RELATION_ID_FIELD = relation_id
ENTITY_ID_FIELD = entity_id
benchmark_filename = ['train', 'valid', 'test']

Other Hyper Parameters: 
worker = 0
wandb_project = recbole
shuffle = True
require_pow = False
enable_amp = False
enable_scaler = False
transform = None
numerical_features = []
discretization = None
kg_reverse_r = False
entity_kg_num_interval = [0,inf)
relation_kg_num_interval = [0,inf)
MODEL_TYPE = ModelType.SEQUENTIAL
device = cuda
neg_sampling = None
embedding_size = 100
loss_type = CE
sess_dropout = 0.2
item_dropout = 0.2
temperature = 0.07
MODEL_INPUT_TYPE = InputType.POINTWISE
eval_type = EvaluatorType.RANKING
single_spec = True
local_rank = 0
valid_neg_sample_args = {'distribution': 'uniform', 'sample_num': 'none'}
test_neg_sample_args = {'distribution': 'uniform', 'sample_num': 'none'}


Tue 17 Feb 2026 07:15:49 INFO  tmall
The number of users: 427798
Average actions of users: 1.0
The number of items: 37367
Average actions of items: 11.449749752428874
The number of inters: 427797
The sparsity of the dataset: 99.99732384814823%
Remain Fields: ['session_id', 'item_id_list', 'item_id', 'item_length']
Tue 17 Feb 2026 07:15:55 INFO  [Training]: train_batch_size = [2048] train_neg_sample_args: [{'distribution': 'none', 'sample_num': 'none', 'alpha': 'none', 'dynamic': False, 'candidate_num': 0}]
Tue 17 Feb 2026 07:15:55 INFO  [Evaluation]: eval_batch_size = [2048] eval_args: [{'split': {'RS': [0.8, 0.1, 0.1]}, 'order': 'TO', 'group_by': 'None', 'mode': {'valid': 'full', 'test': 'full'}}]
Tue 17 Feb 2026 07:15:55 INFO  COREave(
  (sess_dropout): Dropout(p=0.2, inplace=False)
  (item_dropout): Dropout(p=0.2, inplace=False)
  (item_embedding): Embedding(37367, 100, padding_idx=0)
  (loss_fct): CrossEntropyLoss()
)
Trainable parameters: 3736700
Tue 17 Feb 2026 07:16:03 INFO  epoch 0 training [time: 6.29s, train loss: 1109.5268]
Tue 17 Feb 2026 07:16:05 INFO  epoch 0 evaluating [time: 1.41s, valid_score: 0.182200]
Tue 17 Feb 2026 07:16:05 INFO  valid result: 
recall@20 : 0.2667    mrr@20 : 0.1822
Tue 17 Feb 2026 07:16:05 INFO  Saving current: saved/COREave-Feb-17-2026_07-15-55.pth
Tue 17 Feb 2026 07:16:11 INFO  epoch 1 training [time: 5.99s, train loss: 934.9276]
Tue 17 Feb 2026 07:16:12 INFO  epoch 1 evaluating [time: 1.17s, valid_score: 0.189700]
Tue 17 Feb 2026 07:16:12 INFO  valid result: 
recall@20 : 0.2981    mrr@20 : 0.1897
Tue 17 Feb 2026 07:16:12 INFO  Saving current: saved/COREave-Feb-17-2026_07-15-55.pth
Tue 17 Feb 2026 07:16:18 INFO  epoch 2 training [time: 5.75s, train loss: 810.8245]
Tue 17 Feb 2026 07:16:19 INFO  epoch 2 evaluating [time: 1.30s, valid_score: 0.193700]
Tue 17 Feb 2026 07:16:19 INFO  valid result: 
recall@20 : 0.3248    mrr@20 : 0.1937
Tue 17 Feb 2026 07:16:19 INFO  Saving current: saved/COREave-Feb-17-2026_07-15-55.pth
Tue 17 Feb 2026 07:16:26 INFO  epoch 3 training [time: 6.17s, train loss: 727.3630]
Tue 17 Feb 2026 07:16:27 INFO  epoch 3 evaluating [time: 1.37s, valid_score: 0.194700]
Tue 17 Feb 2026 07:16:27 INFO  valid result: 
recall@20 : 0.3411    mrr@20 : 0.1947
Tue 17 Feb 2026 07:16:27 INFO  Saving current: saved/COREave-Feb-17-2026_07-15-55.pth
Tue 17 Feb 2026 07:16:33 INFO  epoch 4 training [time: 5.96s, train loss: 671.3376]
Tue 17 Feb 2026 07:16:34 INFO  epoch 4 evaluating [time: 1.36s, valid_score: 0.194700]
Tue 17 Feb 2026 07:16:34 INFO  valid result: 
recall@20 : 0.3508    mrr@20 : 0.1947
Tue 17 Feb 2026 07:16:35 INFO  Saving current: saved/COREave-Feb-17-2026_07-15-55.pth
Tue 17 Feb 2026 07:16:41 INFO  epoch 5 training [time: 6.05s, train loss: 632.3992]
Tue 17 Feb 2026 07:16:42 INFO  epoch 5 evaluating [time: 1.24s, valid_score: 0.193900]
Tue 17 Feb 2026 07:16:42 INFO  valid result: 
recall@20 : 0.3565    mrr@20 : 0.1939
Tue 17 Feb 2026 07:16:48 INFO  epoch 6 training [time: 6.24s, train loss: 604.9363]
Tue 17 Feb 2026 07:16:49 INFO  epoch 6 evaluating [time: 1.35s, valid_score: 0.193100]
Tue 17 Feb 2026 07:16:49 INFO  valid result: 
recall@20 : 0.3592    mrr@20 : 0.1931
Tue 17 Feb 2026 07:16:56 INFO  epoch 7 training [time: 6.48s, train loss: 585.0591]
Tue 17 Feb 2026 07:16:57 INFO  epoch 7 evaluating [time: 1.55s, valid_score: 0.191600]
Tue 17 Feb 2026 07:16:57 INFO  valid result: 
recall@20 : 0.3606    mrr@20 : 0.1916
Tue 17 Feb 2026 07:17:04 INFO  epoch 8 training [time: 6.17s, train loss: 570.0365]
Tue 17 Feb 2026 07:17:05 INFO  epoch 8 evaluating [time: 1.32s, valid_score: 0.191200]
Tue 17 Feb 2026 07:17:05 INFO  valid result: 
recall@20 : 0.3623    mrr@20 : 0.1912
Tue 17 Feb 2026 07:17:12 INFO  epoch 9 training [time: 6.79s, train loss: 558.4614]
Tue 17 Feb 2026 07:17:13 INFO  epoch 9 evaluating [time: 1.47s, valid_score: 0.190700]
Tue 17 Feb 2026 07:17:13 INFO  valid result: 
recall@20 : 0.3618    mrr@20 : 0.1907
Tue 17 Feb 2026 07:17:19 INFO  epoch 10 training [time: 5.91s, train loss: 549.4369]
Tue 17 Feb 2026 07:17:20 INFO  epoch 10 evaluating [time: 1.30s, valid_score: 0.189800]
Tue 17 Feb 2026 07:17:20 INFO  valid result: 
recall@20 : 0.3623    mrr@20 : 0.1898
Tue 17 Feb 2026 07:17:20 INFO  Finished training, best eval result in epoch 4
Tue 17 Feb 2026 07:17:21 INFO  Loading model structure and parameters from saved/COREave-Feb-17-2026_07-15-55.pth
Tue 17 Feb 2026 07:17:23 INFO  best valid : OrderedDict([('recall@20', 0.3508), ('mrr@20', 0.1947)])
Tue 17 Feb 2026 07:17:23 INFO  test result: OrderedDict([('recall@20', 0.4502), ('mrr@20', 0.3162)])
