Mon 16 Feb 2026 21:24:19 INFO  
General Hyper Parameters:
gpu_id = 0
use_gpu = True
seed = 2020
state = INFO
reproducibility = True
data_path = ../dataset/nowplaying
checkpoint_dir = saved
show_progress = True
save_dataset = False
dataset_save_path = None
save_dataloaders = False
dataloaders_save_path = None
log_wandb = False

Training Hyper Parameters:
epochs = 20
train_batch_size = 2048
learner = adam
learning_rate = 0.001
train_neg_sample_args = {'distribution': 'none', 'sample_num': 'none', 'alpha': 'none', 'dynamic': False, 'candidate_num': 0}
eval_step = 1
stopping_step = 5
clip_grad_norm = None
weight_decay = 0.0
loss_decimal_place = 4

Evaluation Hyper Parameters:
eval_args = {'split': {'RS': [0.8, 0.1, 0.1]}, 'order': 'TO', 'group_by': 'None', 'mode': {'valid': 'full', 'test': 'full'}}
repeatable = True
metrics = ['Recall', 'MRR']
topk = [20]
valid_metric = MRR@20
valid_metric_bigger = True
eval_batch_size = 2048
metric_decimal_place = 4

Dataset Hyper Parameters:
field_separator = 	
seq_separator =  
USER_ID_FIELD = session_id
ITEM_ID_FIELD = item_id
RATING_FIELD = rating
TIME_FIELD = timestamp
seq_len = None
LABEL_FIELD = label
threshold = None
NEG_PREFIX = neg_
load_col = {'inter': ['session_id', 'item_id_list', 'item_id']}
unload_col = None
unused_col = None
additional_feat_suffix = None
rm_dup_inter = None
val_interval = None
filter_inter_by_user_or_item = True
user_inter_num_interval = [0,inf)
item_inter_num_interval = [0,inf)
alias_of_user_id = None
alias_of_item_id = ['item_id_list']
alias_of_entity_id = None
alias_of_relation_id = None
preload_weight = None
normalize_field = None
normalize_all = None
ITEM_LIST_LENGTH_FIELD = item_length
LIST_SUFFIX = _list
MAX_ITEM_LIST_LENGTH = 50
POSITION_FIELD = position_id
HEAD_ENTITY_ID_FIELD = head_id
TAIL_ENTITY_ID_FIELD = tail_id
RELATION_ID_FIELD = relation_id
ENTITY_ID_FIELD = entity_id
benchmark_filename = ['train', 'valid', 'test']

Other Hyper Parameters: 
worker = 0
wandb_project = recbole
shuffle = True
require_pow = False
enable_amp = False
enable_scaler = False
transform = None
numerical_features = []
discretization = None
kg_reverse_r = False
entity_kg_num_interval = [0,inf)
relation_kg_num_interval = [0,inf)
MODEL_TYPE = ModelType.SEQUENTIAL
device = cuda
neg_sampling = None
embedding_size = 100
loss_type = CE
sess_dropout = 0.2
item_dropout = 0.2
temperature = 0.07
MODEL_INPUT_TYPE = InputType.POINTWISE
eval_type = EvaluatorType.RANKING
single_spec = True
local_rank = 0
valid_neg_sample_args = {'distribution': 'uniform', 'sample_num': 'none'}
test_neg_sample_args = {'distribution': 'uniform', 'sample_num': 'none'}


Mon 16 Feb 2026 21:24:38 INFO  nowplaying
The number of users: 1085411
Average actions of users: 1.0
The number of items: 59593
Average actions of items: 18.22166635888999
The number of inters: 1085410
The sparsity of the dataset: 99.99832195211067%
Remain Fields: ['session_id', 'item_id_list', 'item_id', 'item_length']
Mon 16 Feb 2026 21:24:52 INFO  [Training]: train_batch_size = [2048] train_neg_sample_args: [{'distribution': 'none', 'sample_num': 'none', 'alpha': 'none', 'dynamic': False, 'candidate_num': 0}]
Mon 16 Feb 2026 21:24:52 INFO  [Evaluation]: eval_batch_size = [2048] eval_args: [{'split': {'RS': [0.8, 0.1, 0.1]}, 'order': 'TO', 'group_by': 'None', 'mode': {'valid': 'full', 'test': 'full'}}]
Mon 16 Feb 2026 21:24:52 INFO  COREave(
  (sess_dropout): Dropout(p=0.2, inplace=False)
  (item_dropout): Dropout(p=0.2, inplace=False)
  (item_embedding): Embedding(59593, 100, padding_idx=0)
  (loss_fct): CrossEntropyLoss()
)
Trainable parameters: 5959300
Mon 16 Feb 2026 21:24:59 INFO  epoch 0 training [time: 5.58s, train loss: 4309.7122]
Mon 16 Feb 2026 21:25:00 INFO  epoch 0 evaluating [time: 0.75s, valid_score: 0.058500]
Mon 16 Feb 2026 21:25:00 INFO  valid result: 
recall@20 : 0.1536    mrr@20 : 0.0585
Mon 16 Feb 2026 21:25:00 INFO  Saving current: saved/COREave-Feb-16-2026_21-24-52.pth
Mon 16 Feb 2026 21:25:05 INFO  epoch 1 training [time: 5.42s, train loss: 3320.9621]
Mon 16 Feb 2026 21:25:06 INFO  epoch 1 evaluating [time: 0.72s, valid_score: 0.066000]
Mon 16 Feb 2026 21:25:06 INFO  valid result: 
recall@20 : 0.1963    mrr@20 : 0.066
Mon 16 Feb 2026 21:25:06 INFO  Saving current: saved/COREave-Feb-16-2026_21-24-52.pth
Mon 16 Feb 2026 21:25:12 INFO  epoch 2 training [time: 5.41s, train loss: 2987.5098]
Mon 16 Feb 2026 21:25:12 INFO  epoch 2 evaluating [time: 0.72s, valid_score: 0.068600]
Mon 16 Feb 2026 21:25:12 INFO  valid result: 
recall@20 : 0.2129    mrr@20 : 0.0686
Mon 16 Feb 2026 21:25:13 INFO  Saving current: saved/COREave-Feb-16-2026_21-24-52.pth
Mon 16 Feb 2026 21:25:18 INFO  epoch 3 training [time: 5.44s, train loss: 2841.4204]
Mon 16 Feb 2026 21:25:19 INFO  epoch 3 evaluating [time: 0.73s, valid_score: 0.070000]
Mon 16 Feb 2026 21:25:19 INFO  valid result: 
recall@20 : 0.2202    mrr@20 : 0.07
Mon 16 Feb 2026 21:25:19 INFO  Saving current: saved/COREave-Feb-16-2026_21-24-52.pth
Mon 16 Feb 2026 21:25:26 INFO  epoch 4 training [time: 7.34s, train loss: 2764.6310]
Mon 16 Feb 2026 21:25:28 INFO  epoch 4 evaluating [time: 1.25s, valid_score: 0.070800]
Mon 16 Feb 2026 21:25:28 INFO  valid result: 
recall@20 : 0.2241    mrr@20 : 0.0708
Mon 16 Feb 2026 21:25:28 INFO  Saving current: saved/COREave-Feb-16-2026_21-24-52.pth
Mon 16 Feb 2026 21:25:34 INFO  epoch 5 training [time: 6.07s, train loss: 2717.5223]
Mon 16 Feb 2026 21:25:35 INFO  epoch 5 evaluating [time: 0.70s, valid_score: 0.071100]
Mon 16 Feb 2026 21:25:35 INFO  valid result: 
recall@20 : 0.2267    mrr@20 : 0.0711
Mon 16 Feb 2026 21:25:35 INFO  Saving current: saved/COREave-Feb-16-2026_21-24-52.pth
Mon 16 Feb 2026 21:25:46 INFO  epoch 6 training [time: 10.87s, train loss: 2686.6383]
Mon 16 Feb 2026 21:25:47 INFO  epoch 6 evaluating [time: 1.32s, valid_score: 0.071300]
Mon 16 Feb 2026 21:25:47 INFO  valid result: 
recall@20 : 0.2278    mrr@20 : 0.0713
Mon 16 Feb 2026 21:25:47 INFO  Saving current: saved/COREave-Feb-16-2026_21-24-52.pth
Mon 16 Feb 2026 21:25:58 INFO  epoch 7 training [time: 10.69s, train loss: 2663.1700]
Mon 16 Feb 2026 21:25:59 INFO  epoch 7 evaluating [time: 1.36s, valid_score: 0.071200]
Mon 16 Feb 2026 21:25:59 INFO  valid result: 
recall@20 : 0.2278    mrr@20 : 0.0712
Mon 16 Feb 2026 21:26:10 INFO  epoch 8 training [time: 10.68s, train loss: 2646.4435]
Mon 16 Feb 2026 21:26:11 INFO  epoch 8 evaluating [time: 0.86s, valid_score: 0.071600]
Mon 16 Feb 2026 21:26:11 INFO  valid result: 
recall@20 : 0.2292    mrr@20 : 0.0716
Mon 16 Feb 2026 21:26:11 INFO  Saving current: saved/COREave-Feb-16-2026_21-24-52.pth
Mon 16 Feb 2026 21:26:18 INFO  epoch 9 training [time: 6.55s, train loss: 2633.1557]
Mon 16 Feb 2026 21:26:19 INFO  epoch 9 evaluating [time: 1.08s, valid_score: 0.072000]
Mon 16 Feb 2026 21:26:19 INFO  valid result: 
recall@20 : 0.2299    mrr@20 : 0.072
Mon 16 Feb 2026 21:26:19 INFO  Saving current: saved/COREave-Feb-16-2026_21-24-52.pth
Mon 16 Feb 2026 21:26:27 INFO  epoch 10 training [time: 8.30s, train loss: 2621.6087]
Mon 16 Feb 2026 21:26:28 INFO  epoch 10 evaluating [time: 1.33s, valid_score: 0.071800]
Mon 16 Feb 2026 21:26:28 INFO  valid result: 
recall@20 : 0.2295    mrr@20 : 0.0718
Mon 16 Feb 2026 21:26:37 INFO  epoch 11 training [time: 8.69s, train loss: 2611.7128]
Mon 16 Feb 2026 21:26:38 INFO  epoch 11 evaluating [time: 1.16s, valid_score: 0.071900]
Mon 16 Feb 2026 21:26:38 INFO  valid result: 
recall@20 : 0.2305    mrr@20 : 0.0719
Mon 16 Feb 2026 21:26:47 INFO  epoch 12 training [time: 8.30s, train loss: 2603.0865]
Mon 16 Feb 2026 21:26:48 INFO  epoch 12 evaluating [time: 1.09s, valid_score: 0.071900]
Mon 16 Feb 2026 21:26:48 INFO  valid result: 
recall@20 : 0.2311    mrr@20 : 0.0719
Mon 16 Feb 2026 21:26:56 INFO  epoch 13 training [time: 8.28s, train loss: 2596.7895]
Mon 16 Feb 2026 21:26:57 INFO  epoch 13 evaluating [time: 1.28s, valid_score: 0.072100]
Mon 16 Feb 2026 21:26:57 INFO  valid result: 
recall@20 : 0.2317    mrr@20 : 0.0721
Mon 16 Feb 2026 21:26:58 INFO  Saving current: saved/COREave-Feb-16-2026_21-24-52.pth
Mon 16 Feb 2026 21:27:07 INFO  epoch 14 training [time: 9.95s, train loss: 2589.9155]
Mon 16 Feb 2026 21:27:09 INFO  epoch 14 evaluating [time: 1.93s, valid_score: 0.072200]
Mon 16 Feb 2026 21:27:09 INFO  valid result: 
recall@20 : 0.2319    mrr@20 : 0.0722
Mon 16 Feb 2026 21:27:10 INFO  Saving current: saved/COREave-Feb-16-2026_21-24-52.pth
Mon 16 Feb 2026 21:27:24 INFO  epoch 15 training [time: 14.04s, train loss: 2584.4385]
Mon 16 Feb 2026 21:27:26 INFO  epoch 15 evaluating [time: 1.85s, valid_score: 0.072400]
Mon 16 Feb 2026 21:27:26 INFO  valid result: 
recall@20 : 0.2309    mrr@20 : 0.0724
Mon 16 Feb 2026 21:27:26 INFO  Saving current: saved/COREave-Feb-16-2026_21-24-52.pth
Mon 16 Feb 2026 21:27:39 INFO  epoch 16 training [time: 13.54s, train loss: 2579.5389]
Mon 16 Feb 2026 21:27:41 INFO  epoch 16 evaluating [time: 1.89s, valid_score: 0.071900]
Mon 16 Feb 2026 21:27:41 INFO  valid result: 
recall@20 : 0.2313    mrr@20 : 0.0719
Mon 16 Feb 2026 21:27:55 INFO  epoch 17 training [time: 14.15s, train loss: 2574.9673]
Mon 16 Feb 2026 21:27:57 INFO  epoch 17 evaluating [time: 2.05s, valid_score: 0.072100]
Mon 16 Feb 2026 21:27:57 INFO  valid result: 
recall@20 : 0.2314    mrr@20 : 0.0721
Mon 16 Feb 2026 21:28:11 INFO  epoch 18 training [time: 13.77s, train loss: 2571.0963]
Mon 16 Feb 2026 21:28:13 INFO  epoch 18 evaluating [time: 2.04s, valid_score: 0.072400]
Mon 16 Feb 2026 21:28:13 INFO  valid result: 
recall@20 : 0.2311    mrr@20 : 0.0724
Mon 16 Feb 2026 21:28:13 INFO  Saving current: saved/COREave-Feb-16-2026_21-24-52.pth
Mon 16 Feb 2026 21:28:28 INFO  epoch 19 training [time: 14.19s, train loss: 2566.7561]
Mon 16 Feb 2026 21:28:30 INFO  epoch 19 evaluating [time: 1.97s, valid_score: 0.072300]
Mon 16 Feb 2026 21:28:30 INFO  valid result: 
recall@20 : 0.2316    mrr@20 : 0.0723
Mon 16 Feb 2026 21:28:30 INFO  Loading model structure and parameters from saved/COREave-Feb-16-2026_21-24-52.pth
Mon 16 Feb 2026 21:28:32 INFO  best valid : OrderedDict([('recall@20', 0.2311), ('mrr@20', 0.0724)])
Mon 16 Feb 2026 21:28:32 INFO  test result: OrderedDict([('recall@20', 0.2024), ('mrr@20', 0.0664)])
