Mon 16 Feb 2026 21:04:07 INFO  
General Hyper Parameters:
gpu_id = 0
use_gpu = True
seed = 2020
state = INFO
reproducibility = True
data_path = ../dataset/yoochoose
checkpoint_dir = saved
show_progress = True
save_dataset = False
dataset_save_path = None
save_dataloaders = False
dataloaders_save_path = None
log_wandb = False

Training Hyper Parameters:
epochs = 20
train_batch_size = 2048
learner = adam
learning_rate = 0.001
train_neg_sample_args = {'distribution': 'none', 'sample_num': 'none', 'alpha': 'none', 'dynamic': False, 'candidate_num': 0}
eval_step = 1
stopping_step = 5
clip_grad_norm = None
weight_decay = 0.0
loss_decimal_place = 4

Evaluation Hyper Parameters:
eval_args = {'split': {'RS': [0.8, 0.1, 0.1]}, 'order': 'TO', 'group_by': 'user', 'mode': {'valid': 'full', 'test': 'full'}}
repeatable = True
metrics = ['Recall', 'MRR']
topk = [20]
valid_metric = MRR@20
valid_metric_bigger = True
eval_batch_size = 2048
metric_decimal_place = 4

Dataset Hyper Parameters:
field_separator = 	
seq_separator =  
USER_ID_FIELD = session_id
ITEM_ID_FIELD = item_id
RATING_FIELD = rating
TIME_FIELD = timestamp
seq_len = None
LABEL_FIELD = label
threshold = None
NEG_PREFIX = neg_
load_col = {'inter': ['session_id', 'item_id_list', 'item_id']}
unload_col = None
unused_col = None
additional_feat_suffix = None
rm_dup_inter = None
val_interval = None
filter_inter_by_user_or_item = True
user_inter_num_interval = [0,inf)
item_inter_num_interval = [0,inf)
alias_of_user_id = None
alias_of_item_id = ['item_id_list']
alias_of_entity_id = None
alias_of_relation_id = None
preload_weight = None
normalize_field = None
normalize_all = None
ITEM_LIST_LENGTH_FIELD = item_length
LIST_SUFFIX = _list
MAX_ITEM_LIST_LENGTH = 50
POSITION_FIELD = position_id
HEAD_ENTITY_ID_FIELD = head_id
TAIL_ENTITY_ID_FIELD = tail_id
RELATION_ID_FIELD = relation_id
ENTITY_ID_FIELD = entity_id
benchmark_filename = ['train', 'valid', 'test']

Other Hyper Parameters: 
worker = 0
wandb_project = recbole
shuffle = True
require_pow = False
enable_amp = False
enable_scaler = False
transform = None
numerical_features = []
discretization = None
kg_reverse_r = False
entity_kg_num_interval = [0,inf)
relation_kg_num_interval = [0,inf)
MODEL_TYPE = ModelType.SEQUENTIAL
device = cuda
neg_sampling = None
embedding_size = 100
loss_type = CE
sess_dropout = 0.2
item_dropout = 0.2
temperature = 0.07
MODEL_INPUT_TYPE = InputType.POINTWISE
eval_type = EvaluatorType.RANKING
single_spec = True
local_rank = 0
valid_neg_sample_args = {'distribution': 'uniform', 'sample_num': 'none'}
test_neg_sample_args = {'distribution': 'uniform', 'sample_num': 'none'}


Mon 16 Feb 2026 21:04:29 INFO  yoochoose
The number of users: 1434350
Average actions of users: 1.0
The number of items: 19690
Average actions of items: 74.55036382536383
The number of inters: 1434349
The sparsity of the dataset: 99.99492128337826%
Remain Fields: ['session_id', 'item_id_list', 'item_id', 'item_length']
Mon 16 Feb 2026 21:04:47 INFO  [Training]: train_batch_size = [2048] train_neg_sample_args: [{'distribution': 'none', 'sample_num': 'none', 'alpha': 'none', 'dynamic': False, 'candidate_num': 0}]
Mon 16 Feb 2026 21:04:47 INFO  [Evaluation]: eval_batch_size = [2048] eval_args: [{'split': {'RS': [0.8, 0.1, 0.1]}, 'order': 'TO', 'group_by': 'user', 'mode': {'valid': 'full', 'test': 'full'}}]
Mon 16 Feb 2026 21:04:47 INFO  COREave(
  (sess_dropout): Dropout(p=0.2, inplace=False)
  (item_dropout): Dropout(p=0.2, inplace=False)
  (item_embedding): Embedding(19690, 100, padding_idx=0)
  (loss_fct): CrossEntropyLoss()
)
Trainable parameters: 1969000
Mon 16 Feb 2026 21:04:59 INFO  epoch 0 training [time: 9.68s, train loss: 3049.8122]
Mon 16 Feb 2026 21:05:00 INFO  epoch 0 evaluating [time: 1.44s, valid_score: 0.281500]
Mon 16 Feb 2026 21:05:00 INFO  valid result: 
recall@20 : 0.6141    mrr@20 : 0.2815
Mon 16 Feb 2026 21:05:00 INFO  Saving current: saved/COREave-Feb-16-2026_21-04-48.pth
Mon 16 Feb 2026 21:05:10 INFO  epoch 1 training [time: 9.33s, train loss: 2508.9799]
Mon 16 Feb 2026 21:05:11 INFO  epoch 1 evaluating [time: 1.40s, valid_score: 0.284800]
Mon 16 Feb 2026 21:05:11 INFO  valid result: 
recall@20 : 0.634    mrr@20 : 0.2848
Mon 16 Feb 2026 21:05:11 INFO  Saving current: saved/COREave-Feb-16-2026_21-04-48.pth
Mon 16 Feb 2026 21:05:20 INFO  epoch 2 training [time: 9.06s, train loss: 2428.4420]
Mon 16 Feb 2026 21:05:22 INFO  epoch 2 evaluating [time: 1.34s, valid_score: 0.285900]
Mon 16 Feb 2026 21:05:22 INFO  valid result: 
recall@20 : 0.639    mrr@20 : 0.2859
Mon 16 Feb 2026 21:05:22 INFO  Saving current: saved/COREave-Feb-16-2026_21-04-48.pth
Mon 16 Feb 2026 21:05:31 INFO  epoch 3 training [time: 9.09s, train loss: 2394.6595]
Mon 16 Feb 2026 21:05:32 INFO  epoch 3 evaluating [time: 1.22s, valid_score: 0.286100]
Mon 16 Feb 2026 21:05:32 INFO  valid result: 
recall@20 : 0.6413    mrr@20 : 0.2861
Mon 16 Feb 2026 21:05:32 INFO  Saving current: saved/COREave-Feb-16-2026_21-04-48.pth
Mon 16 Feb 2026 21:05:40 INFO  epoch 4 training [time: 7.76s, train loss: 2376.9509]
Mon 16 Feb 2026 21:05:41 INFO  epoch 4 evaluating [time: 0.77s, valid_score: 0.286300]
Mon 16 Feb 2026 21:05:41 INFO  valid result: 
recall@20 : 0.6418    mrr@20 : 0.2863
Mon 16 Feb 2026 21:05:41 INFO  Saving current: saved/COREave-Feb-16-2026_21-04-48.pth
Mon 16 Feb 2026 21:05:55 INFO  epoch 5 training [time: 14.88s, train loss: 2365.1083]
Mon 16 Feb 2026 21:05:58 INFO  epoch 5 evaluating [time: 2.16s, valid_score: 0.286500]
Mon 16 Feb 2026 21:05:58 INFO  valid result: 
recall@20 : 0.6428    mrr@20 : 0.2865
Mon 16 Feb 2026 21:05:58 INFO  Saving current: saved/COREave-Feb-16-2026_21-04-48.pth
Mon 16 Feb 2026 21:06:12 INFO  epoch 6 training [time: 14.46s, train loss: 2357.2173]
Mon 16 Feb 2026 21:06:14 INFO  epoch 6 evaluating [time: 2.17s, valid_score: 0.286500]
Mon 16 Feb 2026 21:06:14 INFO  valid result: 
recall@20 : 0.6429    mrr@20 : 0.2865
Mon 16 Feb 2026 21:06:14 INFO  Saving current: saved/COREave-Feb-16-2026_21-04-48.pth
Mon 16 Feb 2026 21:06:29 INFO  epoch 7 training [time: 14.96s, train loss: 2351.0868]
Mon 16 Feb 2026 21:06:32 INFO  epoch 7 evaluating [time: 2.17s, valid_score: 0.286500]
Mon 16 Feb 2026 21:06:32 INFO  valid result: 
recall@20 : 0.6435    mrr@20 : 0.2865
Mon 16 Feb 2026 21:06:32 INFO  Saving current: saved/COREave-Feb-16-2026_21-04-48.pth
Mon 16 Feb 2026 21:06:46 INFO  epoch 8 training [time: 13.99s, train loss: 2346.1776]
Mon 16 Feb 2026 21:06:48 INFO  epoch 8 evaluating [time: 2.21s, valid_score: 0.286500]
Mon 16 Feb 2026 21:06:48 INFO  valid result: 
recall@20 : 0.6437    mrr@20 : 0.2865
Mon 16 Feb 2026 21:06:48 INFO  Saving current: saved/COREave-Feb-16-2026_21-04-48.pth
Mon 16 Feb 2026 21:07:02 INFO  epoch 9 training [time: 14.51s, train loss: 2341.7680]
Mon 16 Feb 2026 21:07:05 INFO  epoch 9 evaluating [time: 2.21s, valid_score: 0.286300]
Mon 16 Feb 2026 21:07:05 INFO  valid result: 
recall@20 : 0.644    mrr@20 : 0.2863
Mon 16 Feb 2026 21:07:20 INFO  epoch 10 training [time: 15.07s, train loss: 2338.9222]
Mon 16 Feb 2026 21:07:22 INFO  epoch 10 evaluating [time: 2.22s, valid_score: 0.286500]
Mon 16 Feb 2026 21:07:22 INFO  valid result: 
recall@20 : 0.6443    mrr@20 : 0.2865
Mon 16 Feb 2026 21:07:22 INFO  Saving current: saved/COREave-Feb-16-2026_21-04-48.pth
Mon 16 Feb 2026 21:07:37 INFO  epoch 11 training [time: 14.76s, train loss: 2335.7807]
Mon 16 Feb 2026 21:07:39 INFO  epoch 11 evaluating [time: 2.26s, valid_score: 0.286400]
Mon 16 Feb 2026 21:07:39 INFO  valid result: 
recall@20 : 0.6446    mrr@20 : 0.2864
Mon 16 Feb 2026 21:07:54 INFO  epoch 12 training [time: 15.40s, train loss: 2333.4191]
Mon 16 Feb 2026 21:07:56 INFO  epoch 12 evaluating [time: 2.01s, valid_score: 0.286700]
Mon 16 Feb 2026 21:07:56 INFO  valid result: 
recall@20 : 0.645    mrr@20 : 0.2867
Mon 16 Feb 2026 21:07:57 INFO  Saving current: saved/COREave-Feb-16-2026_21-04-48.pth
Mon 16 Feb 2026 21:08:12 INFO  epoch 13 training [time: 15.07s, train loss: 2330.7008]
Mon 16 Feb 2026 21:08:14 INFO  epoch 13 evaluating [time: 2.30s, valid_score: 0.286500]
Mon 16 Feb 2026 21:08:14 INFO  valid result: 
recall@20 : 0.6439    mrr@20 : 0.2865
Mon 16 Feb 2026 21:08:29 INFO  epoch 14 training [time: 14.69s, train loss: 2328.0897]
Mon 16 Feb 2026 21:08:31 INFO  epoch 14 evaluating [time: 2.25s, valid_score: 0.286500]
Mon 16 Feb 2026 21:08:31 INFO  valid result: 
recall@20 : 0.6442    mrr@20 : 0.2865
Mon 16 Feb 2026 21:08:46 INFO  epoch 15 training [time: 15.39s, train loss: 2326.7889]
Mon 16 Feb 2026 21:08:49 INFO  epoch 15 evaluating [time: 2.30s, valid_score: 0.287000]
Mon 16 Feb 2026 21:08:49 INFO  valid result: 
recall@20 : 0.6445    mrr@20 : 0.287
Mon 16 Feb 2026 21:08:49 INFO  Saving current: saved/COREave-Feb-16-2026_21-04-48.pth
Mon 16 Feb 2026 21:09:03 INFO  epoch 16 training [time: 14.34s, train loss: 2324.6903]
Mon 16 Feb 2026 21:09:05 INFO  epoch 16 evaluating [time: 2.17s, valid_score: 0.286700]
Mon 16 Feb 2026 21:09:05 INFO  valid result: 
recall@20 : 0.6443    mrr@20 : 0.2867
Mon 16 Feb 2026 21:09:20 INFO  epoch 17 training [time: 14.93s, train loss: 2323.0072]
Mon 16 Feb 2026 21:09:22 INFO  epoch 17 evaluating [time: 1.53s, valid_score: 0.286900]
Mon 16 Feb 2026 21:09:22 INFO  valid result: 
recall@20 : 0.6449    mrr@20 : 0.2869
Mon 16 Feb 2026 21:09:37 INFO  epoch 18 training [time: 14.91s, train loss: 2321.6712]
Mon 16 Feb 2026 21:09:39 INFO  epoch 18 evaluating [time: 2.20s, valid_score: 0.286700]
Mon 16 Feb 2026 21:09:39 INFO  valid result: 
recall@20 : 0.6445    mrr@20 : 0.2867
Mon 16 Feb 2026 21:09:53 INFO  epoch 19 training [time: 14.09s, train loss: 2319.7520]
Mon 16 Feb 2026 21:09:55 INFO  epoch 19 evaluating [time: 2.24s, valid_score: 0.286600]
Mon 16 Feb 2026 21:09:55 INFO  valid result: 
recall@20 : 0.6451    mrr@20 : 0.2866
Mon 16 Feb 2026 21:09:55 INFO  Loading model structure and parameters from saved/COREave-Feb-16-2026_21-04-48.pth
Mon 16 Feb 2026 21:09:58 INFO  best valid : OrderedDict([('recall@20', 0.6445), ('mrr@20', 0.287)])
Mon 16 Feb 2026 21:09:58 INFO  test result: OrderedDict([('recall@20', 0.5902), ('mrr@20', 0.2507)])
