Wed 18 Feb 2026 20:06:42 INFO  
General Hyper Parameters:
gpu_id = 0
use_gpu = True
seed = 2020
state = INFO
reproducibility = True
data_path = dataset/eshop2008
checkpoint_dir = saved
show_progress = True
save_dataset = False
dataset_save_path = None
save_dataloaders = False
dataloaders_save_path = None
log_wandb = False

Training Hyper Parameters:
epochs = 20
train_batch_size = 2048
learner = adam
learning_rate = 0.001
neg_sampling = None
eval_step = 1
stopping_step = 5
clip_grad_norm = None
weight_decay = 0.0
loss_decimal_place = 4

Evaluation Hyper Parameters:
eval_args = {'order': 'TO', 'group_by': 'None', 'split': {'RS': [0.8, 0.1, 0.1]}, 'mode': 'full'}
repeatable = True
metrics = ['Recall', 'MRR']
topk = [20]
valid_metric = MRR@20
valid_metric_bigger = True
eval_batch_size = 2048
metric_decimal_place = 4

Dataset Hyper Parameters:
field_separator = 	
seq_separator =  
USER_ID_FIELD = session_id
ITEM_ID_FIELD = item_id
RATING_FIELD = rating
TIME_FIELD = timestamp
seq_len = None
LABEL_FIELD = label
threshold = None
NEG_PREFIX = neg_
load_col = {'inter': ['session_id', 'item_id_list', 'item_id']}
unload_col = None
unused_col = None
additional_feat_suffix = None
rm_dup_inter = None
val_interval = None
filter_inter_by_user_or_item = True
user_inter_num_interval = [0,inf)
item_inter_num_interval = [0,inf)
alias_of_user_id = None
alias_of_item_id = ['item_id_list']
alias_of_entity_id = None
alias_of_relation_id = None
preload_weight = None
normalize_field = None
normalize_all = None
ITEM_LIST_LENGTH_FIELD = item_length
LIST_SUFFIX = _list
MAX_ITEM_LIST_LENGTH = 50
POSITION_FIELD = position_id
HEAD_ENTITY_ID_FIELD = head_id
TAIL_ENTITY_ID_FIELD = tail_id
RELATION_ID_FIELD = relation_id
ENTITY_ID_FIELD = entity_id
benchmark_filename = ['train', 'valid', 'test']

Other Hyper Parameters: 
wandb_project = recbole
require_pow = False
MODEL_TYPE = ModelType.SEQUENTIAL
device = cuda
embedding_size = 100
loss_type = CE
sess_dropout = 0.2
item_dropout = 0.2
temperature = 0.07
MODEL_INPUT_TYPE = InputType.POINTWISE
eval_type = EvaluatorType.RANKING
train_neg_sample_args = {'strategy': 'none'}
eval_neg_sample_args = {'strategy': 'full', 'distribution': 'uniform'}


Wed 18 Feb 2026 20:06:43 INFO  eshop2008
The number of users: 141443
Average actions of users: 1.0
The number of items: 214
Average actions of items: 664.0469483568075
The number of inters: 141442
The sparsity of the dataset: 99.53271358410551%
Remain Fields: ['session_id', 'item_id_list', 'item_id', 'item_length']
Wed 18 Feb 2026 20:06:44 INFO  [Training]: train_batch_size = [2048] negative sampling: [None]
Wed 18 Feb 2026 20:06:44 INFO  [Evaluation]: eval_batch_size = [2048] eval_args: [{'order': 'TO', 'group_by': 'None', 'split': {'RS': [0.8, 0.1, 0.1]}, 'mode': 'full'}]
Wed 18 Feb 2026 20:06:45 INFO  COREave(
  (sess_dropout): Dropout(p=0.2, inplace=False)
  (item_dropout): Dropout(p=0.2, inplace=False)
  (item_embedding): Embedding(214, 100, padding_idx=0)
  (loss_fct): CrossEntropyLoss()
)
Trainable parameters: 21400
Wed 18 Feb 2026 20:06:48 INFO  epoch 0 training [time: 0.79s, train loss: 389.0348]
Wed 18 Feb 2026 20:06:48 INFO  epoch 0 evaluating [time: 0.13s, valid_score: 0.072800]
Wed 18 Feb 2026 20:06:48 INFO  valid result: 
recall@20 : 0.3568    mrr@20 : 0.0728
Wed 18 Feb 2026 20:06:48 INFO  Saving current: saved/COREave-Feb-18-2026_20-06-45.pth
Wed 18 Feb 2026 20:06:48 INFO  epoch 1 training [time: 0.16s, train loss: 305.5090]
Wed 18 Feb 2026 20:06:48 INFO  epoch 1 evaluating [time: 0.04s, valid_score: 0.087100]
Wed 18 Feb 2026 20:06:48 INFO  valid result: 
recall@20 : 0.4253    mrr@20 : 0.0871
Wed 18 Feb 2026 20:06:48 INFO  Saving current: saved/COREave-Feb-18-2026_20-06-45.pth
Wed 18 Feb 2026 20:06:48 INFO  epoch 2 training [time: 0.16s, train loss: 270.0740]
Wed 18 Feb 2026 20:06:48 INFO  epoch 2 evaluating [time: 0.04s, valid_score: 0.092500]
Wed 18 Feb 2026 20:06:48 INFO  valid result: 
recall@20 : 0.4427    mrr@20 : 0.0925
Wed 18 Feb 2026 20:06:48 INFO  Saving current: saved/COREave-Feb-18-2026_20-06-45.pth
Wed 18 Feb 2026 20:06:48 INFO  epoch 3 training [time: 0.17s, train loss: 261.5655]
Wed 18 Feb 2026 20:06:48 INFO  epoch 3 evaluating [time: 0.09s, valid_score: 0.094500]
Wed 18 Feb 2026 20:06:48 INFO  valid result: 
recall@20 : 0.4511    mrr@20 : 0.0945
Wed 18 Feb 2026 20:06:48 INFO  Saving current: saved/COREave-Feb-18-2026_20-06-45.pth
Wed 18 Feb 2026 20:06:49 INFO  epoch 4 training [time: 0.18s, train loss: 258.5894]
Wed 18 Feb 2026 20:06:49 INFO  epoch 4 evaluating [time: 0.10s, valid_score: 0.098100]
Wed 18 Feb 2026 20:06:49 INFO  valid result: 
recall@20 : 0.4583    mrr@20 : 0.0981
Wed 18 Feb 2026 20:06:49 INFO  Saving current: saved/COREave-Feb-18-2026_20-06-45.pth
Wed 18 Feb 2026 20:06:49 INFO  epoch 5 training [time: 0.17s, train loss: 256.9915]
Wed 18 Feb 2026 20:06:49 INFO  epoch 5 evaluating [time: 0.04s, valid_score: 0.099400]
Wed 18 Feb 2026 20:06:49 INFO  valid result: 
recall@20 : 0.4656    mrr@20 : 0.0994
Wed 18 Feb 2026 20:06:49 INFO  Saving current: saved/COREave-Feb-18-2026_20-06-45.pth
Wed 18 Feb 2026 20:06:49 INFO  epoch 6 training [time: 0.17s, train loss: 256.2475]
Wed 18 Feb 2026 20:06:49 INFO  epoch 6 evaluating [time: 0.04s, valid_score: 0.100600]
Wed 18 Feb 2026 20:06:49 INFO  valid result: 
recall@20 : 0.4656    mrr@20 : 0.1006
Wed 18 Feb 2026 20:06:49 INFO  Saving current: saved/COREave-Feb-18-2026_20-06-45.pth
Wed 18 Feb 2026 20:06:49 INFO  epoch 7 training [time: 0.16s, train loss: 255.7242]
Wed 18 Feb 2026 20:06:49 INFO  epoch 7 evaluating [time: 0.04s, valid_score: 0.101300]
Wed 18 Feb 2026 20:06:49 INFO  valid result: 
recall@20 : 0.4694    mrr@20 : 0.1013
Wed 18 Feb 2026 20:06:49 INFO  Saving current: saved/COREave-Feb-18-2026_20-06-45.pth
Wed 18 Feb 2026 20:06:49 INFO  epoch 8 training [time: 0.16s, train loss: 255.0433]
Wed 18 Feb 2026 20:06:49 INFO  epoch 8 evaluating [time: 0.05s, valid_score: 0.101000]
Wed 18 Feb 2026 20:06:49 INFO  valid result: 
recall@20 : 0.4676    mrr@20 : 0.101
Wed 18 Feb 2026 20:06:50 INFO  epoch 9 training [time: 0.16s, train loss: 254.5861]
Wed 18 Feb 2026 20:06:50 INFO  epoch 9 evaluating [time: 0.04s, valid_score: 0.101600]
Wed 18 Feb 2026 20:06:50 INFO  valid result: 
recall@20 : 0.4718    mrr@20 : 0.1016
Wed 18 Feb 2026 20:06:50 INFO  Saving current: saved/COREave-Feb-18-2026_20-06-45.pth
Wed 18 Feb 2026 20:06:50 INFO  epoch 10 training [time: 0.16s, train loss: 254.4828]
Wed 18 Feb 2026 20:06:50 INFO  epoch 10 evaluating [time: 0.05s, valid_score: 0.102500]
Wed 18 Feb 2026 20:06:50 INFO  valid result: 
recall@20 : 0.4716    mrr@20 : 0.1025
Wed 18 Feb 2026 20:06:50 INFO  Saving current: saved/COREave-Feb-18-2026_20-06-45.pth
Wed 18 Feb 2026 20:06:50 INFO  epoch 11 training [time: 0.16s, train loss: 254.3231]
Wed 18 Feb 2026 20:06:50 INFO  epoch 11 evaluating [time: 0.05s, valid_score: 0.102900]
Wed 18 Feb 2026 20:06:50 INFO  valid result: 
recall@20 : 0.4721    mrr@20 : 0.1029
Wed 18 Feb 2026 20:06:50 INFO  Saving current: saved/COREave-Feb-18-2026_20-06-45.pth
Wed 18 Feb 2026 20:06:50 INFO  epoch 12 training [time: 0.16s, train loss: 254.1383]
Wed 18 Feb 2026 20:06:50 INFO  epoch 12 evaluating [time: 0.05s, valid_score: 0.102600]
Wed 18 Feb 2026 20:06:50 INFO  valid result: 
recall@20 : 0.4727    mrr@20 : 0.1026
Wed 18 Feb 2026 20:06:51 INFO  epoch 13 training [time: 0.16s, train loss: 253.9408]
Wed 18 Feb 2026 20:06:51 INFO  epoch 13 evaluating [time: 0.04s, valid_score: 0.103600]
Wed 18 Feb 2026 20:06:51 INFO  valid result: 
recall@20 : 0.4746    mrr@20 : 0.1036
Wed 18 Feb 2026 20:06:51 INFO  Saving current: saved/COREave-Feb-18-2026_20-06-45.pth
Wed 18 Feb 2026 20:06:51 INFO  epoch 14 training [time: 0.16s, train loss: 253.8799]
Wed 18 Feb 2026 20:06:51 INFO  epoch 14 evaluating [time: 0.07s, valid_score: 0.103700]
Wed 18 Feb 2026 20:06:51 INFO  valid result: 
recall@20 : 0.4753    mrr@20 : 0.1037
Wed 18 Feb 2026 20:06:51 INFO  Saving current: saved/COREave-Feb-18-2026_20-06-45.pth
Wed 18 Feb 2026 20:06:51 INFO  epoch 15 training [time: 0.16s, train loss: 253.7354]
Wed 18 Feb 2026 20:06:51 INFO  epoch 15 evaluating [time: 0.09s, valid_score: 0.103100]
Wed 18 Feb 2026 20:06:51 INFO  valid result: 
recall@20 : 0.4761    mrr@20 : 0.1031
Wed 18 Feb 2026 20:06:51 INFO  epoch 16 training [time: 0.18s, train loss: 253.7459]
Wed 18 Feb 2026 20:06:51 INFO  epoch 16 evaluating [time: 0.04s, valid_score: 0.103100]
Wed 18 Feb 2026 20:06:51 INFO  valid result: 
recall@20 : 0.4756    mrr@20 : 0.1031
Wed 18 Feb 2026 20:06:51 INFO  epoch 17 training [time: 0.17s, train loss: 253.3647]
Wed 18 Feb 2026 20:06:52 INFO  epoch 17 evaluating [time: 0.05s, valid_score: 0.104100]
Wed 18 Feb 2026 20:06:52 INFO  valid result: 
recall@20 : 0.4738    mrr@20 : 0.1041
Wed 18 Feb 2026 20:06:52 INFO  Saving current: saved/COREave-Feb-18-2026_20-06-45.pth
Wed 18 Feb 2026 20:06:52 INFO  epoch 18 training [time: 0.16s, train loss: 253.3113]
Wed 18 Feb 2026 20:06:52 INFO  epoch 18 evaluating [time: 0.04s, valid_score: 0.103700]
Wed 18 Feb 2026 20:06:52 INFO  valid result: 
recall@20 : 0.475    mrr@20 : 0.1037
Wed 18 Feb 2026 20:06:52 INFO  epoch 19 training [time: 0.16s, train loss: 253.4331]
Wed 18 Feb 2026 20:06:52 INFO  epoch 19 evaluating [time: 0.05s, valid_score: 0.104200]
Wed 18 Feb 2026 20:06:52 INFO  valid result: 
recall@20 : 0.477    mrr@20 : 0.1042
Wed 18 Feb 2026 20:06:52 INFO  Saving current: saved/COREave-Feb-18-2026_20-06-45.pth
Wed 18 Feb 2026 20:06:52 INFO  Loading model structure and parameters from saved/COREave-Feb-18-2026_20-06-45.pth
Wed 18 Feb 2026 20:06:52 INFO  best valid : OrderedDict([('recall@20', 0.477), ('mrr@20', 0.1042)])
Wed 18 Feb 2026 20:06:52 INFO  test result: OrderedDict([('recall@20', 0.4789), ('mrr@20', 0.1044)])
