Wed 18 Feb 2026 20:47:37 INFO  
General Hyper Parameters:
gpu_id = 0
use_gpu = True
seed = 2020
state = INFO
reproducibility = True
data_path = ../dataset/eshop2008
checkpoint_dir = saved
show_progress = True
save_dataset = False
dataset_save_path = None
save_dataloaders = False
dataloaders_save_path = None
log_wandb = False

Training Hyper Parameters:
epochs = 20
train_batch_size = 2048
learner = adam
learning_rate = 0.001
neg_sampling = None
eval_step = 1
stopping_step = 5
clip_grad_norm = None
weight_decay = 0.0
loss_decimal_place = 4

Evaluation Hyper Parameters:
eval_args = {'order': 'TO', 'train_neg_sample_args': None, 'split': {'RS': [0.8, 0.1, 0.1]}, 'group_by': 'user', 'mode': 'full'}
repeatable = True
metrics = ['Recall', 'MRR']
topk = [20]
valid_metric = MRR@20
valid_metric_bigger = True
eval_batch_size = 2048
metric_decimal_place = 4

Dataset Hyper Parameters:
field_separator = 	
seq_separator =  
USER_ID_FIELD = session_id
ITEM_ID_FIELD = item_id
RATING_FIELD = rating
TIME_FIELD = timestamp
seq_len = None
LABEL_FIELD = label
threshold = None
NEG_PREFIX = neg_
load_col = {'inter': ['session_id', 'item_id_list', 'item_id']}
unload_col = None
unused_col = None
additional_feat_suffix = None
rm_dup_inter = None
val_interval = None
filter_inter_by_user_or_item = True
user_inter_num_interval = [0,inf)
item_inter_num_interval = [0,inf)
alias_of_user_id = None
alias_of_item_id = ['item_id_list']
alias_of_entity_id = None
alias_of_relation_id = None
preload_weight = None
normalize_field = None
normalize_all = None
ITEM_LIST_LENGTH_FIELD = item_length
LIST_SUFFIX = _list
MAX_ITEM_LIST_LENGTH = 50
POSITION_FIELD = position_id
HEAD_ENTITY_ID_FIELD = head_id
TAIL_ENTITY_ID_FIELD = tail_id
RELATION_ID_FIELD = relation_id
ENTITY_ID_FIELD = entity_id
benchmark_filename = ['train', 'valid', 'test']

Other Hyper Parameters: 
wandb_project = recbole
require_pow = False
MODEL_TYPE = ModelType.SEQUENTIAL
device = cuda
embedding_size = 100
inner_size = 256
n_layers = 2
n_heads = 2
hidden_dropout_prob = 0.5
attn_dropout_prob = 0.5
hidden_act = gelu
layer_norm_eps = 1e-12
initializer_range = 0.02
loss_type = CE
sess_dropout = 0.2
item_dropout = 0.3
temperature = 0.07
use_hard_negatives = True
hard_neg_k = 64
hard_neg_lambda = 0.2
train_neg_sample_args = {'strategy': 'none'}
MODEL_INPUT_TYPE = InputType.POINTWISE
eval_type = EvaluatorType.RANKING
eval_neg_sample_args = {'strategy': 'full', 'distribution': 'uniform'}


Wed 18 Feb 2026 20:47:38 INFO  eshop2008
The number of users: 141443
Average actions of users: 1.0
The number of items: 214
Average actions of items: 664.0469483568075
The number of inters: 141442
The sparsity of the dataset: 99.53271358410551%
Remain Fields: ['session_id', 'item_id_list', 'item_id', 'item_length']
Wed 18 Feb 2026 20:47:40 INFO  [Training]: train_batch_size = [2048] negative sampling: [None]
Wed 18 Feb 2026 20:47:40 INFO  [Evaluation]: eval_batch_size = [2048] eval_args: [{'order': 'TO', 'train_neg_sample_args': None, 'split': {'RS': [0.8, 0.1, 0.1]}, 'group_by': 'user', 'mode': 'full'}]
Wed 18 Feb 2026 20:47:40 INFO  COREtrm(
  (sess_dropout): Dropout(p=0.2, inplace=False)
  (item_dropout): Dropout(p=0.3, inplace=False)
  (item_embedding): Embedding(214, 100, padding_idx=0)
  (loss_fct): CrossEntropyLoss()
  (net): TransNet(
    (position_embedding): Embedding(50, 100)
    (trm_encoder): TransformerEncoder(
      (layer): ModuleList(
        (0-1): 2 x TransformerLayer(
          (multi_head_attention): MultiHeadAttention(
            (query): Linear(in_features=100, out_features=100, bias=True)
            (key): Linear(in_features=100, out_features=100, bias=True)
            (value): Linear(in_features=100, out_features=100, bias=True)
            (softmax): Softmax(dim=-1)
            (attn_dropout): Dropout(p=0.5, inplace=False)
            (dense): Linear(in_features=100, out_features=100, bias=True)
            (LayerNorm): LayerNorm((100,), eps=1e-12, elementwise_affine=True)
            (out_dropout): Dropout(p=0.5, inplace=False)
          )
          (feed_forward): FeedForward(
            (dense_1): Linear(in_features=100, out_features=256, bias=True)
            (dense_2): Linear(in_features=256, out_features=100, bias=True)
            (LayerNorm): LayerNorm((100,), eps=1e-12, elementwise_affine=True)
            (dropout): Dropout(p=0.5, inplace=False)
          )
        )
      )
    )
    (layer_norm): LayerNorm((100,), eps=1e-12, elementwise_affine=True)
    (dropout): Dropout(p=0.5, inplace=False)
    (fn): Sequential(
      (0): Linear(in_features=200, out_features=100, bias=True)
      (1): GELU(approximate='none')
      (2): Linear(in_features=100, out_features=1, bias=True)
    )
  )
)
Trainable parameters: 231513
Wed 18 Feb 2026 20:47:44 INFO  epoch 0 training [time: 2.61s, train loss: 322.3422]
Wed 18 Feb 2026 20:47:44 INFO  epoch 0 evaluating [time: 0.17s, valid_score: 0.081200]
Wed 18 Feb 2026 20:47:44 INFO  valid result: 
recall@20 : 0.395    mrr@20 : 0.0812
Wed 18 Feb 2026 20:47:44 INFO  Saving current: saved/COREtrm-Feb-18-2026_20-47-40.pth
Wed 18 Feb 2026 20:47:46 INFO  epoch 1 training [time: 2.34s, train loss: 257.8744]
Wed 18 Feb 2026 20:47:46 INFO  epoch 1 evaluating [time: 0.17s, valid_score: 0.115500]
Wed 18 Feb 2026 20:47:46 INFO  valid result: 
recall@20 : 0.5359    mrr@20 : 0.1155
Wed 18 Feb 2026 20:47:47 INFO  Saving current: saved/COREtrm-Feb-18-2026_20-47-40.pth
Wed 18 Feb 2026 20:47:49 INFO  epoch 2 training [time: 2.34s, train loss: 218.9597]
Wed 18 Feb 2026 20:47:49 INFO  epoch 2 evaluating [time: 0.16s, valid_score: 0.145500]
Wed 18 Feb 2026 20:47:49 INFO  valid result: 
recall@20 : 0.6249    mrr@20 : 0.1455
Wed 18 Feb 2026 20:47:49 INFO  Saving current: saved/COREtrm-Feb-18-2026_20-47-40.pth
Wed 18 Feb 2026 20:47:51 INFO  epoch 3 training [time: 2.35s, train loss: 205.2787]
Wed 18 Feb 2026 20:47:52 INFO  epoch 3 evaluating [time: 0.16s, valid_score: 0.162300]
Wed 18 Feb 2026 20:47:52 INFO  valid result: 
recall@20 : 0.6552    mrr@20 : 0.1623
Wed 18 Feb 2026 20:47:52 INFO  Saving current: saved/COREtrm-Feb-18-2026_20-47-40.pth
Wed 18 Feb 2026 20:47:54 INFO  epoch 4 training [time: 2.35s, train loss: 200.7266]
Wed 18 Feb 2026 20:47:54 INFO  epoch 4 evaluating [time: 0.16s, valid_score: 0.168700]
Wed 18 Feb 2026 20:47:54 INFO  valid result: 
recall@20 : 0.666    mrr@20 : 0.1687
Wed 18 Feb 2026 20:47:54 INFO  Saving current: saved/COREtrm-Feb-18-2026_20-47-40.pth
Wed 18 Feb 2026 20:47:57 INFO  epoch 5 training [time: 2.35s, train loss: 198.3846]
Wed 18 Feb 2026 20:47:57 INFO  epoch 5 evaluating [time: 0.16s, valid_score: 0.172100]
Wed 18 Feb 2026 20:47:57 INFO  valid result: 
recall@20 : 0.6676    mrr@20 : 0.1721
Wed 18 Feb 2026 20:47:57 INFO  Saving current: saved/COREtrm-Feb-18-2026_20-47-40.pth
Wed 18 Feb 2026 20:47:59 INFO  epoch 6 training [time: 2.35s, train loss: 197.2043]
Wed 18 Feb 2026 20:47:59 INFO  epoch 6 evaluating [time: 0.16s, valid_score: 0.175500]
Wed 18 Feb 2026 20:47:59 INFO  valid result: 
recall@20 : 0.6697    mrr@20 : 0.1755
Wed 18 Feb 2026 20:48:00 INFO  Saving current: saved/COREtrm-Feb-18-2026_20-47-40.pth
Wed 18 Feb 2026 20:48:02 INFO  epoch 7 training [time: 2.35s, train loss: 196.5043]
Wed 18 Feb 2026 20:48:02 INFO  epoch 7 evaluating [time: 0.16s, valid_score: 0.176700]
Wed 18 Feb 2026 20:48:02 INFO  valid result: 
recall@20 : 0.6714    mrr@20 : 0.1767
Wed 18 Feb 2026 20:48:02 INFO  Saving current: saved/COREtrm-Feb-18-2026_20-47-40.pth
Wed 18 Feb 2026 20:48:04 INFO  epoch 8 training [time: 2.35s, train loss: 195.7228]
Wed 18 Feb 2026 20:48:05 INFO  epoch 8 evaluating [time: 0.16s, valid_score: 0.177400]
Wed 18 Feb 2026 20:48:05 INFO  valid result: 
recall@20 : 0.6749    mrr@20 : 0.1774
Wed 18 Feb 2026 20:48:05 INFO  Saving current: saved/COREtrm-Feb-18-2026_20-47-40.pth
Wed 18 Feb 2026 20:48:07 INFO  epoch 9 training [time: 2.35s, train loss: 195.6201]
Wed 18 Feb 2026 20:48:07 INFO  epoch 9 evaluating [time: 0.16s, valid_score: 0.179400]
Wed 18 Feb 2026 20:48:07 INFO  valid result: 
recall@20 : 0.677    mrr@20 : 0.1794
Wed 18 Feb 2026 20:48:07 INFO  Saving current: saved/COREtrm-Feb-18-2026_20-47-40.pth
Wed 18 Feb 2026 20:48:10 INFO  epoch 10 training [time: 2.35s, train loss: 195.3905]
Wed 18 Feb 2026 20:48:10 INFO  epoch 10 evaluating [time: 0.16s, valid_score: 0.180200]
Wed 18 Feb 2026 20:48:10 INFO  valid result: 
recall@20 : 0.6745    mrr@20 : 0.1802
Wed 18 Feb 2026 20:48:10 INFO  Saving current: saved/COREtrm-Feb-18-2026_20-47-40.pth
Wed 18 Feb 2026 20:48:12 INFO  epoch 11 training [time: 2.36s, train loss: 195.3025]
Wed 18 Feb 2026 20:48:12 INFO  epoch 11 evaluating [time: 0.16s, valid_score: 0.180600]
Wed 18 Feb 2026 20:48:12 INFO  valid result: 
recall@20 : 0.6749    mrr@20 : 0.1806
Wed 18 Feb 2026 20:48:13 INFO  Saving current: saved/COREtrm-Feb-18-2026_20-47-40.pth
Wed 18 Feb 2026 20:48:15 INFO  epoch 12 training [time: 2.36s, train loss: 194.9853]
Wed 18 Feb 2026 20:48:15 INFO  epoch 12 evaluating [time: 0.16s, valid_score: 0.180500]
Wed 18 Feb 2026 20:48:15 INFO  valid result: 
recall@20 : 0.675    mrr@20 : 0.1805
Wed 18 Feb 2026 20:48:17 INFO  epoch 13 training [time: 2.37s, train loss: 194.9132]
Wed 18 Feb 2026 20:48:18 INFO  epoch 13 evaluating [time: 0.16s, valid_score: 0.180700]
Wed 18 Feb 2026 20:48:18 INFO  valid result: 
recall@20 : 0.6767    mrr@20 : 0.1807
Wed 18 Feb 2026 20:48:18 INFO  Saving current: saved/COREtrm-Feb-18-2026_20-47-40.pth
Wed 18 Feb 2026 20:48:20 INFO  epoch 14 training [time: 2.35s, train loss: 194.7301]
Wed 18 Feb 2026 20:48:20 INFO  epoch 14 evaluating [time: 0.16s, valid_score: 0.180900]
Wed 18 Feb 2026 20:48:20 INFO  valid result: 
recall@20 : 0.6772    mrr@20 : 0.1809
Wed 18 Feb 2026 20:48:20 INFO  Saving current: saved/COREtrm-Feb-18-2026_20-47-40.pth
Wed 18 Feb 2026 20:48:23 INFO  epoch 15 training [time: 2.37s, train loss: 194.5715]
Wed 18 Feb 2026 20:48:23 INFO  epoch 15 evaluating [time: 0.16s, valid_score: 0.181100]
Wed 18 Feb 2026 20:48:23 INFO  valid result: 
recall@20 : 0.6761    mrr@20 : 0.1811
Wed 18 Feb 2026 20:48:23 INFO  Saving current: saved/COREtrm-Feb-18-2026_20-47-40.pth
Wed 18 Feb 2026 20:48:25 INFO  epoch 16 training [time: 2.35s, train loss: 194.7545]
Wed 18 Feb 2026 20:48:25 INFO  epoch 16 evaluating [time: 0.16s, valid_score: 0.181900]
Wed 18 Feb 2026 20:48:25 INFO  valid result: 
recall@20 : 0.6746    mrr@20 : 0.1819
Wed 18 Feb 2026 20:48:25 INFO  Saving current: saved/COREtrm-Feb-18-2026_20-47-40.pth
Wed 18 Feb 2026 20:48:28 INFO  epoch 17 training [time: 2.35s, train loss: 194.6739]
Wed 18 Feb 2026 20:48:28 INFO  epoch 17 evaluating [time: 0.16s, valid_score: 0.181200]
Wed 18 Feb 2026 20:48:28 INFO  valid result: 
recall@20 : 0.6763    mrr@20 : 0.1812
Wed 18 Feb 2026 20:48:30 INFO  epoch 18 training [time: 2.35s, train loss: 194.4648]
Wed 18 Feb 2026 20:48:30 INFO  epoch 18 evaluating [time: 0.16s, valid_score: 0.182200]
Wed 18 Feb 2026 20:48:30 INFO  valid result: 
recall@20 : 0.6771    mrr@20 : 0.1822
Wed 18 Feb 2026 20:48:31 INFO  Saving current: saved/COREtrm-Feb-18-2026_20-47-40.pth
Wed 18 Feb 2026 20:48:33 INFO  epoch 19 training [time: 2.35s, train loss: 194.5424]
Wed 18 Feb 2026 20:48:33 INFO  epoch 19 evaluating [time: 0.16s, valid_score: 0.181700]
Wed 18 Feb 2026 20:48:33 INFO  valid result: 
recall@20 : 0.6782    mrr@20 : 0.1817
Wed 18 Feb 2026 20:48:33 INFO  Loading model structure and parameters from saved/COREtrm-Feb-18-2026_20-47-40.pth
Wed 18 Feb 2026 20:48:33 INFO  best valid : OrderedDict([('recall@20', 0.6771), ('mrr@20', 0.1822)])
Wed 18 Feb 2026 20:48:33 INFO  test result: OrderedDict([('recall@20', 0.6783), ('mrr@20', 0.1877)])
