Wed 18 Feb 2026 20:07:01 INFO  
General Hyper Parameters:
gpu_id = 0
use_gpu = True
seed = 2020
state = INFO
reproducibility = True
data_path = dataset/eshop2008
checkpoint_dir = saved
show_progress = True
save_dataset = False
dataset_save_path = None
save_dataloaders = False
dataloaders_save_path = None
log_wandb = False

Training Hyper Parameters:
epochs = 20
train_batch_size = 2048
learner = adam
learning_rate = 0.001
neg_sampling = None
eval_step = 1
stopping_step = 5
clip_grad_norm = None
weight_decay = 0.0
loss_decimal_place = 4

Evaluation Hyper Parameters:
eval_args = {'order': 'TO', 'group_by': 'None', 'split': {'RS': [0.8, 0.1, 0.1]}, 'mode': 'full'}
repeatable = True
metrics = ['Recall', 'MRR']
topk = [20]
valid_metric = MRR@20
valid_metric_bigger = True
eval_batch_size = 2048
metric_decimal_place = 4

Dataset Hyper Parameters:
field_separator = 	
seq_separator =  
USER_ID_FIELD = session_id
ITEM_ID_FIELD = item_id
RATING_FIELD = rating
TIME_FIELD = timestamp
seq_len = None
LABEL_FIELD = label
threshold = None
NEG_PREFIX = neg_
load_col = {'inter': ['session_id', 'item_id_list', 'item_id']}
unload_col = None
unused_col = None
additional_feat_suffix = None
rm_dup_inter = None
val_interval = None
filter_inter_by_user_or_item = True
user_inter_num_interval = [0,inf)
item_inter_num_interval = [0,inf)
alias_of_user_id = None
alias_of_item_id = ['item_id_list']
alias_of_entity_id = None
alias_of_relation_id = None
preload_weight = None
normalize_field = None
normalize_all = None
ITEM_LIST_LENGTH_FIELD = item_length
LIST_SUFFIX = _list
MAX_ITEM_LIST_LENGTH = 50
POSITION_FIELD = position_id
HEAD_ENTITY_ID_FIELD = head_id
TAIL_ENTITY_ID_FIELD = tail_id
RELATION_ID_FIELD = relation_id
ENTITY_ID_FIELD = entity_id
benchmark_filename = ['train', 'valid', 'test']

Other Hyper Parameters: 
wandb_project = recbole
require_pow = False
MODEL_TYPE = ModelType.SEQUENTIAL
device = cuda
embedding_size = 100
inner_size = 256
n_layers = 2
n_heads = 2
hidden_dropout_prob = 0.5
attn_dropout_prob = 0.5
hidden_act = gelu
layer_norm_eps = 1e-12
initializer_range = 0.02
loss_type = CE
sess_dropout = 0.2
item_dropout = 0.2
temperature = 0.07
MODEL_INPUT_TYPE = InputType.POINTWISE
eval_type = EvaluatorType.RANKING
train_neg_sample_args = {'strategy': 'none'}
eval_neg_sample_args = {'strategy': 'full', 'distribution': 'uniform'}


Wed 18 Feb 2026 20:07:03 INFO  eshop2008
The number of users: 141443
Average actions of users: 1.0
The number of items: 214
Average actions of items: 664.0469483568075
The number of inters: 141442
The sparsity of the dataset: 99.53271358410551%
Remain Fields: ['session_id', 'item_id_list', 'item_id', 'item_length']
Wed 18 Feb 2026 20:07:04 INFO  [Training]: train_batch_size = [2048] negative sampling: [None]
Wed 18 Feb 2026 20:07:04 INFO  [Evaluation]: eval_batch_size = [2048] eval_args: [{'order': 'TO', 'group_by': 'None', 'split': {'RS': [0.8, 0.1, 0.1]}, 'mode': 'full'}]
Wed 18 Feb 2026 20:07:04 INFO  COREtrm(
  (sess_dropout): Dropout(p=0.2, inplace=False)
  (item_dropout): Dropout(p=0.2, inplace=False)
  (item_embedding): Embedding(214, 100, padding_idx=0)
  (loss_fct): CrossEntropyLoss()
  (net): TransNet(
    (position_embedding): Embedding(50, 100)
    (trm_encoder): TransformerEncoder(
      (layer): ModuleList(
        (0-1): 2 x TransformerLayer(
          (multi_head_attention): MultiHeadAttention(
            (query): Linear(in_features=100, out_features=100, bias=True)
            (key): Linear(in_features=100, out_features=100, bias=True)
            (value): Linear(in_features=100, out_features=100, bias=True)
            (softmax): Softmax(dim=-1)
            (attn_dropout): Dropout(p=0.5, inplace=False)
            (dense): Linear(in_features=100, out_features=100, bias=True)
            (LayerNorm): LayerNorm((100,), eps=1e-12, elementwise_affine=True)
            (out_dropout): Dropout(p=0.5, inplace=False)
          )
          (feed_forward): FeedForward(
            (dense_1): Linear(in_features=100, out_features=256, bias=True)
            (dense_2): Linear(in_features=256, out_features=100, bias=True)
            (LayerNorm): LayerNorm((100,), eps=1e-12, elementwise_affine=True)
            (dropout): Dropout(p=0.5, inplace=False)
          )
        )
      )
    )
    (LayerNorm): LayerNorm((100,), eps=1e-12, elementwise_affine=True)
    (dropout): Dropout(p=0.5, inplace=False)
    (fn): Sequential(
      (0): Linear(in_features=200, out_features=100, bias=True)
      (1): GELU(approximate='none')
      (2): Linear(in_features=100, out_features=1, bias=True)
    )
  )
)
Trainable parameters: 231513
Wed 18 Feb 2026 20:07:08 INFO  epoch 0 training [time: 2.67s, train loss: 388.3702]
Wed 18 Feb 2026 20:07:08 INFO  epoch 0 evaluating [time: 0.20s, valid_score: 0.077400]
Wed 18 Feb 2026 20:07:08 INFO  valid result: 
recall@20 : 0.3785    mrr@20 : 0.0774
Wed 18 Feb 2026 20:07:08 INFO  Saving current: saved/COREtrm-Feb-18-2026_20-07-04.pth
Wed 18 Feb 2026 20:07:11 INFO  epoch 1 training [time: 2.30s, train loss: 297.7859]
Wed 18 Feb 2026 20:07:11 INFO  epoch 1 evaluating [time: 0.16s, valid_score: 0.116800]
Wed 18 Feb 2026 20:07:11 INFO  valid result: 
recall@20 : 0.5378    mrr@20 : 0.1168
Wed 18 Feb 2026 20:07:11 INFO  Saving current: saved/COREtrm-Feb-18-2026_20-07-04.pth
Wed 18 Feb 2026 20:07:13 INFO  epoch 2 training [time: 2.30s, train loss: 252.8277]
Wed 18 Feb 2026 20:07:13 INFO  epoch 2 evaluating [time: 0.19s, valid_score: 0.150600]
Wed 18 Feb 2026 20:07:13 INFO  valid result: 
recall@20 : 0.6297    mrr@20 : 0.1506
Wed 18 Feb 2026 20:07:13 INFO  Saving current: saved/COREtrm-Feb-18-2026_20-07-04.pth
Wed 18 Feb 2026 20:07:16 INFO  epoch 3 training [time: 2.33s, train loss: 239.7945]
Wed 18 Feb 2026 20:07:16 INFO  epoch 3 evaluating [time: 0.16s, valid_score: 0.165300]
Wed 18 Feb 2026 20:07:16 INFO  valid result: 
recall@20 : 0.6566    mrr@20 : 0.1653
Wed 18 Feb 2026 20:07:16 INFO  Saving current: saved/COREtrm-Feb-18-2026_20-07-04.pth
Wed 18 Feb 2026 20:07:18 INFO  epoch 4 training [time: 2.31s, train loss: 235.7425]
Wed 18 Feb 2026 20:07:18 INFO  epoch 4 evaluating [time: 0.16s, valid_score: 0.171200]
Wed 18 Feb 2026 20:07:18 INFO  valid result: 
recall@20 : 0.6669    mrr@20 : 0.1712
Wed 18 Feb 2026 20:07:19 INFO  Saving current: saved/COREtrm-Feb-18-2026_20-07-04.pth
Wed 18 Feb 2026 20:07:21 INFO  epoch 5 training [time: 2.31s, train loss: 233.7887]
Wed 18 Feb 2026 20:07:21 INFO  epoch 5 evaluating [time: 0.16s, valid_score: 0.174700]
Wed 18 Feb 2026 20:07:21 INFO  valid result: 
recall@20 : 0.6691    mrr@20 : 0.1747
Wed 18 Feb 2026 20:07:21 INFO  Saving current: saved/COREtrm-Feb-18-2026_20-07-04.pth
Wed 18 Feb 2026 20:07:23 INFO  epoch 6 training [time: 2.32s, train loss: 232.7757]
Wed 18 Feb 2026 20:07:24 INFO  epoch 6 evaluating [time: 0.16s, valid_score: 0.177400]
Wed 18 Feb 2026 20:07:24 INFO  valid result: 
recall@20 : 0.6711    mrr@20 : 0.1774
Wed 18 Feb 2026 20:07:24 INFO  Saving current: saved/COREtrm-Feb-18-2026_20-07-04.pth
Wed 18 Feb 2026 20:07:26 INFO  epoch 7 training [time: 2.33s, train loss: 232.2377]
Wed 18 Feb 2026 20:07:26 INFO  epoch 7 evaluating [time: 0.16s, valid_score: 0.178800]
Wed 18 Feb 2026 20:07:26 INFO  valid result: 
recall@20 : 0.6731    mrr@20 : 0.1788
Wed 18 Feb 2026 20:07:26 INFO  Saving current: saved/COREtrm-Feb-18-2026_20-07-04.pth
Wed 18 Feb 2026 20:07:29 INFO  epoch 8 training [time: 2.32s, train loss: 231.5355]
Wed 18 Feb 2026 20:07:29 INFO  epoch 8 evaluating [time: 0.16s, valid_score: 0.179700]
Wed 18 Feb 2026 20:07:29 INFO  valid result: 
recall@20 : 0.6756    mrr@20 : 0.1797
Wed 18 Feb 2026 20:07:29 INFO  Saving current: saved/COREtrm-Feb-18-2026_20-07-04.pth
Wed 18 Feb 2026 20:07:31 INFO  epoch 9 training [time: 2.33s, train loss: 231.3164]
Wed 18 Feb 2026 20:07:31 INFO  epoch 9 evaluating [time: 0.16s, valid_score: 0.180600]
Wed 18 Feb 2026 20:07:31 INFO  valid result: 
recall@20 : 0.6769    mrr@20 : 0.1806
Wed 18 Feb 2026 20:07:31 INFO  Saving current: saved/COREtrm-Feb-18-2026_20-07-04.pth
Wed 18 Feb 2026 20:07:34 INFO  epoch 10 training [time: 2.32s, train loss: 231.2273]
Wed 18 Feb 2026 20:07:34 INFO  epoch 10 evaluating [time: 0.16s, valid_score: 0.181500]
Wed 18 Feb 2026 20:07:34 INFO  valid result: 
recall@20 : 0.6745    mrr@20 : 0.1815
Wed 18 Feb 2026 20:07:34 INFO  Saving current: saved/COREtrm-Feb-18-2026_20-07-04.pth
Wed 18 Feb 2026 20:07:36 INFO  epoch 11 training [time: 2.32s, train loss: 231.0509]
Wed 18 Feb 2026 20:07:36 INFO  epoch 11 evaluating [time: 0.16s, valid_score: 0.181700]
Wed 18 Feb 2026 20:07:36 INFO  valid result: 
recall@20 : 0.6762    mrr@20 : 0.1817
Wed 18 Feb 2026 20:07:36 INFO  Saving current: saved/COREtrm-Feb-18-2026_20-07-04.pth
Wed 18 Feb 2026 20:07:39 INFO  epoch 12 training [time: 2.32s, train loss: 230.8030]
Wed 18 Feb 2026 20:07:39 INFO  epoch 12 evaluating [time: 0.16s, valid_score: 0.182100]
Wed 18 Feb 2026 20:07:39 INFO  valid result: 
recall@20 : 0.6754    mrr@20 : 0.1821
Wed 18 Feb 2026 20:07:39 INFO  Saving current: saved/COREtrm-Feb-18-2026_20-07-04.pth
Wed 18 Feb 2026 20:07:41 INFO  epoch 13 training [time: 2.32s, train loss: 230.7395]
Wed 18 Feb 2026 20:07:42 INFO  epoch 13 evaluating [time: 0.16s, valid_score: 0.181700]
Wed 18 Feb 2026 20:07:42 INFO  valid result: 
recall@20 : 0.6751    mrr@20 : 0.1817
Wed 18 Feb 2026 20:07:44 INFO  epoch 14 training [time: 2.32s, train loss: 230.5904]
Wed 18 Feb 2026 20:07:44 INFO  epoch 14 evaluating [time: 0.16s, valid_score: 0.181800]
Wed 18 Feb 2026 20:07:44 INFO  valid result: 
recall@20 : 0.6774    mrr@20 : 0.1818
Wed 18 Feb 2026 20:07:46 INFO  epoch 15 training [time: 2.33s, train loss: 230.3880]
Wed 18 Feb 2026 20:07:47 INFO  epoch 15 evaluating [time: 0.22s, valid_score: 0.181900]
Wed 18 Feb 2026 20:07:47 INFO  valid result: 
recall@20 : 0.6761    mrr@20 : 0.1819
Wed 18 Feb 2026 20:07:49 INFO  epoch 16 training [time: 2.34s, train loss: 230.3754]
Wed 18 Feb 2026 20:07:49 INFO  epoch 16 evaluating [time: 0.16s, valid_score: 0.182300]
Wed 18 Feb 2026 20:07:49 INFO  valid result: 
recall@20 : 0.6737    mrr@20 : 0.1823
Wed 18 Feb 2026 20:07:49 INFO  Saving current: saved/COREtrm-Feb-18-2026_20-07-04.pth
Wed 18 Feb 2026 20:07:52 INFO  epoch 17 training [time: 2.33s, train loss: 230.4362]
Wed 18 Feb 2026 20:07:52 INFO  epoch 17 evaluating [time: 0.17s, valid_score: 0.182300]
Wed 18 Feb 2026 20:07:52 INFO  valid result: 
recall@20 : 0.6746    mrr@20 : 0.1823
Wed 18 Feb 2026 20:07:52 INFO  Saving current: saved/COREtrm-Feb-18-2026_20-07-04.pth
Wed 18 Feb 2026 20:07:54 INFO  epoch 18 training [time: 2.35s, train loss: 230.3092]
Wed 18 Feb 2026 20:07:54 INFO  epoch 18 evaluating [time: 0.16s, valid_score: 0.182300]
Wed 18 Feb 2026 20:07:54 INFO  valid result: 
recall@20 : 0.6764    mrr@20 : 0.1823
Wed 18 Feb 2026 20:07:54 INFO  Saving current: saved/COREtrm-Feb-18-2026_20-07-04.pth
Wed 18 Feb 2026 20:07:57 INFO  epoch 19 training [time: 2.33s, train loss: 230.2883]
Wed 18 Feb 2026 20:07:57 INFO  epoch 19 evaluating [time: 0.16s, valid_score: 0.183000]
Wed 18 Feb 2026 20:07:57 INFO  valid result: 
recall@20 : 0.6758    mrr@20 : 0.183
Wed 18 Feb 2026 20:07:57 INFO  Saving current: saved/COREtrm-Feb-18-2026_20-07-04.pth
Wed 18 Feb 2026 20:07:57 INFO  Loading model structure and parameters from saved/COREtrm-Feb-18-2026_20-07-04.pth
Wed 18 Feb 2026 20:07:57 INFO  best valid : OrderedDict([('recall@20', 0.6758), ('mrr@20', 0.183)])
Wed 18 Feb 2026 20:07:57 INFO  test result: OrderedDict([('recall@20', 0.6785), ('mrr@20', 0.189)])
